07 04, 2021 12:06:53 下午 cn.how2j.diytomcat.Bootstrap logJVM
INFO : Server version:		How2J DiyTomcat/1.0.1
07 04, 2021 12:06:53 下午 cn.how2j.diytomcat.Bootstrap logJVM
INFO : Server built:		2020-04-08 10:20:22
07 04, 2021 12:06:53 下午 cn.how2j.diytomcat.Bootstrap logJVM
INFO : Server number:		1.0.1
07 04, 2021 12:06:53 下午 cn.how2j.diytomcat.Bootstrap logJVM
INFO : OS Name	:		Windows 10
07 04, 2021 12:06:53 下午 cn.how2j.diytomcat.Bootstrap logJVM
INFO : OS Version:		10.0
07 04, 2021 12:06:53 下午 cn.how2j.diytomcat.Bootstrap logJVM
INFO : Architecture:		amd64
07 04, 2021 12:06:53 下午 cn.how2j.diytomcat.Bootstrap logJVM
INFO : Java Home:		C:\Program Files\Java\jdk-11.0.1
07 04, 2021 12:06:53 下午 cn.how2j.diytomcat.Bootstrap logJVM
INFO : JVM Version:		11.0.1+13-LTS
07 04, 2021 12:06:53 下午 cn.how2j.diytomcat.Bootstrap logJVM
INFO : JVM Vendor:		Oracle Corporation
07 04, 2021 12:06:53 下午 cn.how2j.diytomcat.catalina.Context <init>
INFO : Deploying web application directory C:\Users\sword\eclipse-workspace-2021new\diytomcat\webapps\a
07 04, 2021 12:06:53 下午 cn.how2j.diytomcat.catalina.Context <init>
INFO : Deployment of web application directory C:\Users\sword\eclipse-workspace-2021new\diytomcat\webapps\a has finished in 0 ms
07 04, 2021 12:06:53 下午 cn.how2j.diytomcat.catalina.Context <init>
INFO : Deploying web application directory C:\Users\sword\eclipse-workspace-2021new\diytomcat\webapps\ROOT
07 04, 2021 12:06:53 下午 cn.how2j.diytomcat.catalina.Context <init>
INFO : Deployment of web application directory C:\Users\sword\eclipse-workspace-2021new\diytomcat\webapps\ROOT has finished in 0 ms
07 04, 2021 12:09:41 下午 cn.how2j.diytomcat.Bootstrap logJVM
INFO : Server version:		How2J DiyTomcat/1.0.1
07 04, 2021 12:09:41 下午 cn.how2j.diytomcat.Bootstrap logJVM
INFO : Server built:		2020-04-08 10:20:22
07 04, 2021 12:09:41 下午 cn.how2j.diytomcat.Bootstrap logJVM
INFO : Server number:		1.0.1
07 04, 2021 12:09:41 下午 cn.how2j.diytomcat.Bootstrap logJVM
INFO : OS Name	:		Windows 10
07 04, 2021 12:09:41 下午 cn.how2j.diytomcat.Bootstrap logJVM
INFO : OS Version:		10.0
07 04, 2021 12:09:41 下午 cn.how2j.diytomcat.Bootstrap logJVM
INFO : Architecture:		amd64
07 04, 2021 12:09:41 下午 cn.how2j.diytomcat.Bootstrap logJVM
INFO : Java Home:		C:\Program Files\Java\jdk-11.0.1
07 04, 2021 12:09:41 下午 cn.how2j.diytomcat.Bootstrap logJVM
INFO : JVM Version:		11.0.1+13-LTS
07 04, 2021 12:09:41 下午 cn.how2j.diytomcat.Bootstrap logJVM
INFO : JVM Vendor:		Oracle Corporation
07 04, 2021 12:09:41 下午 cn.how2j.diytomcat.catalina.Context <init>
INFO : Deploying web application directory C:\Users\sword\eclipse-workspace-2021new\diytomcat\webapps\a
07 04, 2021 12:09:41 下午 cn.how2j.diytomcat.catalina.Context <init>
INFO : Deployment of web application directory C:\Users\sword\eclipse-workspace-2021new\diytomcat\webapps\a has finished in 1 ms
07 04, 2021 12:09:41 下午 cn.how2j.diytomcat.catalina.Context <init>
INFO : Deploying web application directory C:\Users\sword\eclipse-workspace-2021new\diytomcat\webapps\ROOT
07 04, 2021 12:09:41 下午 cn.how2j.diytomcat.catalina.Context <init>
INFO : Deployment of web application directory C:\Users\sword\eclipse-workspace-2021new\diytomcat\webapps\ROOT has finished in 0 ms
07 04, 2021 12:12:42 下午 cn.how2j.diytomcat.Bootstrap logJVM
INFO : Server version:		How2J DiyTomcat/1.0.1
07 04, 2021 12:12:42 下午 cn.how2j.diytomcat.Bootstrap logJVM
INFO : Server built:		2020-04-08 10:20:22
07 04, 2021 12:12:42 下午 cn.how2j.diytomcat.Bootstrap logJVM
INFO : Server number:		1.0.1
07 04, 2021 12:12:42 下午 cn.how2j.diytomcat.Bootstrap logJVM
INFO : OS Name	:		Windows 10
07 04, 2021 12:12:42 下午 cn.how2j.diytomcat.Bootstrap logJVM
INFO : OS Version:		10.0
07 04, 2021 12:12:42 下午 cn.how2j.diytomcat.Bootstrap logJVM
INFO : Architecture:		amd64
07 04, 2021 12:12:42 下午 cn.how2j.diytomcat.Bootstrap logJVM
INFO : Java Home:		C:\Program Files\Java\jdk-11.0.1
07 04, 2021 12:12:42 下午 cn.how2j.diytomcat.Bootstrap logJVM
INFO : JVM Version:		11.0.1+13-LTS
07 04, 2021 12:12:42 下午 cn.how2j.diytomcat.Bootstrap logJVM
INFO : JVM Vendor:		Oracle Corporation
07 04, 2021 12:12:42 下午 cn.how2j.diytomcat.Bootstrap error
ERROR: Address already in use: NET_Bind
java.net.BindException: Address already in use: NET_Bind
	at java.base/java.net.PlainSocketImpl.bind0(Native Method)
	at java.base/java.net.PlainSocketImpl.socketBind(PlainSocketImpl.java:132)
	at java.base/java.net.AbstractPlainSocketImpl.bind(AbstractPlainSocketImpl.java:436)
	at java.base/java.net.ServerSocket.bind(ServerSocket.java:381)
	at java.base/java.net.ServerSocket.<init>(ServerSocket.java:243)
	at java.base/java.net.ServerSocket.<init>(ServerSocket.java:135)
	at cn.how2j.diytomcat.Bootstrap.main(Bootstrap.java:32)
07 04, 2021 12:12:53 下午 cn.how2j.diytomcat.Bootstrap logJVM
INFO : Server version:		How2J DiyTomcat/1.0.1
07 04, 2021 12:12:53 下午 cn.how2j.diytomcat.Bootstrap logJVM
INFO : Server built:		2020-04-08 10:20:22
07 04, 2021 12:12:53 下午 cn.how2j.diytomcat.Bootstrap logJVM
INFO : Server number:		1.0.1
07 04, 2021 12:12:53 下午 cn.how2j.diytomcat.Bootstrap logJVM
INFO : OS Name	:		Windows 10
07 04, 2021 12:12:53 下午 cn.how2j.diytomcat.Bootstrap logJVM
INFO : OS Version:		10.0
07 04, 2021 12:12:53 下午 cn.how2j.diytomcat.Bootstrap logJVM
INFO : Architecture:		amd64
07 04, 2021 12:12:53 下午 cn.how2j.diytomcat.Bootstrap logJVM
INFO : Java Home:		C:\Program Files\Java\jdk-11.0.1
07 04, 2021 12:12:53 下午 cn.how2j.diytomcat.Bootstrap logJVM
INFO : JVM Version:		11.0.1+13-LTS
07 04, 2021 12:12:53 下午 cn.how2j.diytomcat.Bootstrap logJVM
INFO : JVM Vendor:		Oracle Corporation
07 04, 2021 12:13:19 下午 cn.how2j.diytomcat.Bootstrap logJVM
INFO : Server version:		How2J DiyTomcat/1.0.1
07 04, 2021 12:13:19 下午 cn.how2j.diytomcat.Bootstrap logJVM
INFO : Server built:		2020-04-08 10:20:22
07 04, 2021 12:13:19 下午 cn.how2j.diytomcat.Bootstrap logJVM
INFO : Server number:		1.0.1
07 04, 2021 12:13:19 下午 cn.how2j.diytomcat.Bootstrap logJVM
INFO : OS Name	:		Windows 10
07 04, 2021 12:13:19 下午 cn.how2j.diytomcat.Bootstrap logJVM
INFO : OS Version:		10.0
07 04, 2021 12:13:19 下午 cn.how2j.diytomcat.Bootstrap logJVM
INFO : Architecture:		amd64
07 04, 2021 12:13:19 下午 cn.how2j.diytomcat.Bootstrap logJVM
INFO : Java Home:		C:\Program Files\Java\jdk-11.0.1
07 04, 2021 12:13:19 下午 cn.how2j.diytomcat.Bootstrap logJVM
INFO : JVM Version:		11.0.1+13-LTS
07 04, 2021 12:13:19 下午 cn.how2j.diytomcat.Bootstrap logJVM
INFO : JVM Vendor:		Oracle Corporation
07 04, 2021 12:13:19 下午 cn.how2j.diytomcat.Bootstrap error
ERROR: Address already in use: NET_Bind
java.net.BindException: Address already in use: NET_Bind
	at java.base/java.net.PlainSocketImpl.bind0(Native Method)
	at java.base/java.net.PlainSocketImpl.socketBind(PlainSocketImpl.java:132)
	at java.base/java.net.AbstractPlainSocketImpl.bind(AbstractPlainSocketImpl.java:436)
	at java.base/java.net.ServerSocket.bind(ServerSocket.java:381)
	at java.base/java.net.ServerSocket.<init>(ServerSocket.java:243)
	at java.base/java.net.ServerSocket.<init>(ServerSocket.java:135)
	at cn.how2j.diytomcat.Bootstrap.main(Bootstrap.java:32)
07 04, 2021 12:14:07 下午 cn.how2j.diytomcat.Bootstrap logJVM
INFO : Server version:		How2J DiyTomcat/1.0.1
07 04, 2021 12:14:07 下午 cn.how2j.diytomcat.Bootstrap logJVM
INFO : Server built:		2020-04-08 10:20:22
07 04, 2021 12:14:07 下午 cn.how2j.diytomcat.Bootstrap logJVM
INFO : Server number:		1.0.1
07 04, 2021 12:14:07 下午 cn.how2j.diytomcat.Bootstrap logJVM
INFO : OS Name	:		Windows 10
07 04, 2021 12:14:07 下午 cn.how2j.diytomcat.Bootstrap logJVM
INFO : OS Version:		10.0
07 04, 2021 12:14:07 下午 cn.how2j.diytomcat.Bootstrap logJVM
INFO : Architecture:		amd64
07 04, 2021 12:14:07 下午 cn.how2j.diytomcat.Bootstrap logJVM
INFO : Java Home:		C:\Program Files\Java\jdk-11.0.1
07 04, 2021 12:14:07 下午 cn.how2j.diytomcat.Bootstrap logJVM
INFO : JVM Version:		11.0.1+13-LTS
07 04, 2021 12:14:07 下午 cn.how2j.diytomcat.Bootstrap logJVM
INFO : JVM Vendor:		Oracle Corporation
07 04, 2021 12:15:33 下午 cn.how2j.diytomcat.Bootstrap logJVM
INFO : Server version:		How2J DiyTomcat/1.0.1
07 04, 2021 12:15:33 下午 cn.how2j.diytomcat.Bootstrap logJVM
INFO : Server built:		2020-04-08 10:20:22
07 04, 2021 12:15:33 下午 cn.how2j.diytomcat.Bootstrap logJVM
INFO : Server number:		1.0.1
07 04, 2021 12:15:33 下午 cn.how2j.diytomcat.Bootstrap logJVM
INFO : OS Name	:		Windows 10
07 04, 2021 12:15:33 下午 cn.how2j.diytomcat.Bootstrap logJVM
INFO : OS Version:		10.0
07 04, 2021 12:15:33 下午 cn.how2j.diytomcat.Bootstrap logJVM
INFO : Architecture:		amd64
07 04, 2021 12:15:33 下午 cn.how2j.diytomcat.Bootstrap logJVM
INFO : Java Home:		C:\Program Files\Java\jdk-11.0.1
07 04, 2021 12:15:33 下午 cn.how2j.diytomcat.Bootstrap logJVM
INFO : JVM Version:		11.0.1+13-LTS
07 04, 2021 12:15:33 下午 cn.how2j.diytomcat.Bootstrap logJVM
INFO : JVM Vendor:		Oracle Corporation
07 04, 2021 12:16:15 下午 cn.how2j.diytomcat.Bootstrap logJVM
INFO : Server version:		How2J DiyTomcat/1.0.1
07 04, 2021 12:16:15 下午 cn.how2j.diytomcat.Bootstrap logJVM
INFO : Server built:		2020-04-08 10:20:22
07 04, 2021 12:16:15 下午 cn.how2j.diytomcat.Bootstrap logJVM
INFO : Server number:		1.0.1
07 04, 2021 12:16:15 下午 cn.how2j.diytomcat.Bootstrap logJVM
INFO : OS Name	:		Windows 10
07 04, 2021 12:16:15 下午 cn.how2j.diytomcat.Bootstrap logJVM
INFO : OS Version:		10.0
07 04, 2021 12:16:15 下午 cn.how2j.diytomcat.Bootstrap logJVM
INFO : Architecture:		amd64
07 04, 2021 12:16:15 下午 cn.how2j.diytomcat.Bootstrap logJVM
INFO : Java Home:		C:\Program Files\Java\jdk-11.0.1
07 04, 2021 12:16:15 下午 cn.how2j.diytomcat.Bootstrap logJVM
INFO : JVM Version:		11.0.1+13-LTS
07 04, 2021 12:16:15 下午 cn.how2j.diytomcat.Bootstrap logJVM
INFO : JVM Vendor:		Oracle Corporation
07 04, 2021 12:16:15 下午 cn.how2j.diytomcat.catalina.Context <init>
INFO : Deploying web application directory C:\Users\sword\eclipse-workspace-2021new\diytomcat\webapps\a
07 04, 2021 12:16:15 下午 cn.how2j.diytomcat.catalina.Context <init>
INFO : Deployment of web application directory C:\Users\sword\eclipse-workspace-2021new\diytomcat\webapps\a has finished in 0 ms
07 04, 2021 12:16:15 下午 cn.how2j.diytomcat.catalina.Context <init>
INFO : Deploying web application directory C:\Users\sword\eclipse-workspace-2021new\diytomcat\webapps\ROOT
07 04, 2021 12:16:15 下午 cn.how2j.diytomcat.catalina.Context <init>
INFO : Deployment of web application directory C:\Users\sword\eclipse-workspace-2021new\diytomcat\webapps\ROOT has finished in 0 ms
07 04, 2021 17:50:22 下午 cn.how2j.diytomcat.Bootstrap logJVM
INFO : Server version:		How2J DiyTomcat/1.0.1
07 04, 2021 17:50:22 下午 cn.how2j.diytomcat.Bootstrap logJVM
INFO : Server built:		2020-04-08 10:20:22
07 04, 2021 17:50:22 下午 cn.how2j.diytomcat.Bootstrap logJVM
INFO : Server number:		1.0.1
07 04, 2021 17:50:22 下午 cn.how2j.diytomcat.Bootstrap logJVM
INFO : OS Name	:		Windows 10
07 04, 2021 17:50:22 下午 cn.how2j.diytomcat.Bootstrap logJVM
INFO : OS Version:		10.0
07 04, 2021 17:50:22 下午 cn.how2j.diytomcat.Bootstrap logJVM
INFO : Architecture:		amd64
07 04, 2021 17:50:22 下午 cn.how2j.diytomcat.Bootstrap logJVM
INFO : Java Home:		C:\Program Files\Java\jdk-11.0.1
07 04, 2021 17:50:22 下午 cn.how2j.diytomcat.Bootstrap logJVM
INFO : JVM Version:		11.0.1+13-LTS
07 04, 2021 17:50:22 下午 cn.how2j.diytomcat.Bootstrap logJVM
INFO : JVM Vendor:		Oracle Corporation
07 04, 2021 17:50:22 下午 cn.how2j.diytomcat.catalina.Context <init>
INFO : Deploying web application directory C:\Users\sword\eclipse-workspace-2021new\diytomcat\webapps\a
07 04, 2021 17:50:22 下午 cn.how2j.diytomcat.catalina.Context <init>
INFO : Deployment of web application directory C:\Users\sword\eclipse-workspace-2021new\diytomcat\webapps\a has finished in 1 ms
07 04, 2021 17:50:22 下午 cn.how2j.diytomcat.catalina.Context <init>
INFO : Deploying web application directory C:\Users\sword\eclipse-workspace-2021new\diytomcat\webapps\ROOT
07 04, 2021 17:50:22 下午 cn.how2j.diytomcat.catalina.Context <init>
INFO : Deployment of web application directory C:\Users\sword\eclipse-workspace-2021new\diytomcat\webapps\ROOT has finished in 0 ms
07 04, 2021 18:01:23 下午 cn.how2j.diytomcat.Bootstrap logJVM
INFO : Server version:		How2J DiyTomcat/1.0.1
07 04, 2021 18:01:23 下午 cn.how2j.diytomcat.Bootstrap logJVM
INFO : Server built:		2020-04-08 10:20:22
07 04, 2021 18:01:23 下午 cn.how2j.diytomcat.Bootstrap logJVM
INFO : Server number:		1.0.1
07 04, 2021 18:01:23 下午 cn.how2j.diytomcat.Bootstrap logJVM
INFO : OS Name	:		Windows 10
07 04, 2021 18:01:23 下午 cn.how2j.diytomcat.Bootstrap logJVM
INFO : OS Version:		10.0
07 04, 2021 18:01:23 下午 cn.how2j.diytomcat.Bootstrap logJVM
INFO : Architecture:		amd64
07 04, 2021 18:01:23 下午 cn.how2j.diytomcat.Bootstrap logJVM
INFO : Java Home:		C:\Program Files\Java\jdk-11.0.1
07 04, 2021 18:01:23 下午 cn.how2j.diytomcat.Bootstrap logJVM
INFO : JVM Version:		11.0.1+13-LTS
07 04, 2021 18:01:23 下午 cn.how2j.diytomcat.Bootstrap logJVM
INFO : JVM Vendor:		Oracle Corporation
07 04, 2021 18:01:23 下午 cn.how2j.diytomcat.catalina.Context <init>
INFO : Deploying web application directory C:\Users\sword\eclipse-workspace-2021new\diytomcat\webapps\a
07 04, 2021 18:01:23 下午 cn.how2j.diytomcat.catalina.Context <init>
INFO : Deployment of web application directory C:\Users\sword\eclipse-workspace-2021new\diytomcat\webapps\a has finished in 0 ms
07 04, 2021 18:01:23 下午 cn.how2j.diytomcat.catalina.Context <init>
INFO : Deploying web application directory C:\Users\sword\eclipse-workspace-2021new\diytomcat\webapps\ROOT
07 04, 2021 18:01:23 下午 cn.how2j.diytomcat.catalina.Context <init>
INFO : Deployment of web application directory C:\Users\sword\eclipse-workspace-2021new\diytomcat\webapps\ROOT has finished in 0 ms
07 04, 2021 18:01:41 下午 cn.how2j.diytomcat.Bootstrap logJVM
INFO : Server version:		How2J DiyTomcat/1.0.1
07 04, 2021 18:01:41 下午 cn.how2j.diytomcat.Bootstrap logJVM
INFO : Server built:		2020-04-08 10:20:22
07 04, 2021 18:01:41 下午 cn.how2j.diytomcat.Bootstrap logJVM
INFO : Server number:		1.0.1
07 04, 2021 18:01:41 下午 cn.how2j.diytomcat.Bootstrap logJVM
INFO : OS Name	:		Windows 10
07 04, 2021 18:01:41 下午 cn.how2j.diytomcat.Bootstrap logJVM
INFO : OS Version:		10.0
07 04, 2021 18:01:41 下午 cn.how2j.diytomcat.Bootstrap logJVM
INFO : Architecture:		amd64
07 04, 2021 18:01:41 下午 cn.how2j.diytomcat.Bootstrap logJVM
INFO : Java Home:		C:\Program Files\Java\jdk-11.0.1
07 04, 2021 18:01:41 下午 cn.how2j.diytomcat.Bootstrap logJVM
INFO : JVM Version:		11.0.1+13-LTS
07 04, 2021 18:01:41 下午 cn.how2j.diytomcat.Bootstrap logJVM
INFO : JVM Vendor:		Oracle Corporation
07 04, 2021 18:01:41 下午 cn.how2j.diytomcat.catalina.Context <init>
INFO : Deploying web application directory C:\Users\sword\eclipse-workspace-2021new\diytomcat\webapps\a
07 04, 2021 18:01:41 下午 cn.how2j.diytomcat.catalina.Context <init>
INFO : Deployment of web application directory C:\Users\sword\eclipse-workspace-2021new\diytomcat\webapps\a has finished in 1 ms
07 04, 2021 18:01:41 下午 cn.how2j.diytomcat.catalina.Context <init>
INFO : Deploying web application directory C:\Users\sword\eclipse-workspace-2021new\diytomcat\webapps\ROOT
07 04, 2021 18:01:41 下午 cn.how2j.diytomcat.catalina.Context <init>
INFO : Deployment of web application directory C:\Users\sword\eclipse-workspace-2021new\diytomcat\webapps\ROOT has finished in 0 ms
07 04, 2021 18:02:19 下午 cn.how2j.diytomcat.Bootstrap logJVM
INFO : Server version:		How2J DiyTomcat/1.0.1
07 04, 2021 18:02:19 下午 cn.how2j.diytomcat.Bootstrap logJVM
INFO : Server built:		2020-04-08 10:20:22
07 04, 2021 18:02:19 下午 cn.how2j.diytomcat.Bootstrap logJVM
INFO : Server number:		1.0.1
07 04, 2021 18:02:19 下午 cn.how2j.diytomcat.Bootstrap logJVM
INFO : OS Name	:		Windows 10
07 04, 2021 18:02:19 下午 cn.how2j.diytomcat.Bootstrap logJVM
INFO : OS Version:		10.0
07 04, 2021 18:02:19 下午 cn.how2j.diytomcat.Bootstrap logJVM
INFO : Architecture:		amd64
07 04, 2021 18:02:19 下午 cn.how2j.diytomcat.Bootstrap logJVM
INFO : Java Home:		C:\Program Files\Java\jdk-11.0.1
07 04, 2021 18:02:19 下午 cn.how2j.diytomcat.Bootstrap logJVM
INFO : JVM Version:		11.0.1+13-LTS
07 04, 2021 18:02:19 下午 cn.how2j.diytomcat.Bootstrap logJVM
INFO : JVM Vendor:		Oracle Corporation
07 04, 2021 18:02:20 下午 cn.how2j.diytomcat.catalina.Context <init>
INFO : Deploying web application directory C:\Users\sword\eclipse-workspace-2021new\diytomcat\webapps\a
07 04, 2021 18:02:20 下午 cn.how2j.diytomcat.catalina.Context <init>
INFO : Deployment of web application directory C:\Users\sword\eclipse-workspace-2021new\diytomcat\webapps\a has finished in 1 ms
07 04, 2021 18:02:20 下午 cn.how2j.diytomcat.catalina.Context <init>
INFO : Deploying web application directory C:\Users\sword\eclipse-workspace-2021new\diytomcat\webapps\ROOT
07 04, 2021 18:02:20 下午 cn.how2j.diytomcat.catalina.Context <init>
INFO : Deployment of web application directory C:\Users\sword\eclipse-workspace-2021new\diytomcat\webapps\ROOT has finished in 0 ms
07 04, 2021 18:02:20 下午 cn.how2j.diytomcat.catalina.Context <init>
INFO : Deploying web application directory d:/project/diytomcat/b
07 04, 2021 18:02:20 下午 cn.how2j.diytomcat.catalina.Context <init>
INFO : Deployment of web application directory d:/project/diytomcat/b has finished in 1 ms
07 04, 2021 18:05:17 下午 cn.how2j.diytomcat.Bootstrap logJVM
INFO : Server version:		How2J DiyTomcat/1.0.1
07 04, 2021 18:05:17 下午 cn.how2j.diytomcat.Bootstrap logJVM
INFO : Server built:		2020-04-08 10:20:22
07 04, 2021 18:05:17 下午 cn.how2j.diytomcat.Bootstrap logJVM
INFO : Server number:		1.0.1
07 04, 2021 18:05:17 下午 cn.how2j.diytomcat.Bootstrap logJVM
INFO : OS Name	:		Windows 10
07 04, 2021 18:05:17 下午 cn.how2j.diytomcat.Bootstrap logJVM
INFO : OS Version:		10.0
07 04, 2021 18:05:17 下午 cn.how2j.diytomcat.Bootstrap logJVM
INFO : Architecture:		amd64
07 04, 2021 18:05:17 下午 cn.how2j.diytomcat.Bootstrap logJVM
INFO : Java Home:		C:\Program Files\Java\jdk-11.0.1
07 04, 2021 18:05:17 下午 cn.how2j.diytomcat.Bootstrap logJVM
INFO : JVM Version:		11.0.1+13-LTS
07 04, 2021 18:05:17 下午 cn.how2j.diytomcat.Bootstrap logJVM
INFO : JVM Vendor:		Oracle Corporation
07 04, 2021 18:05:17 下午 cn.how2j.diytomcat.catalina.Context <init>
INFO : Deploying web application directory C:\Users\sword\eclipse-workspace-2021new\diytomcat\webapps\a
07 04, 2021 18:05:17 下午 cn.how2j.diytomcat.catalina.Context <init>
INFO : Deployment of web application directory C:\Users\sword\eclipse-workspace-2021new\diytomcat\webapps\a has finished in 1 ms
07 04, 2021 18:05:17 下午 cn.how2j.diytomcat.catalina.Context <init>
INFO : Deploying web application directory C:\Users\sword\eclipse-workspace-2021new\diytomcat\webapps\ROOT
07 04, 2021 18:05:17 下午 cn.how2j.diytomcat.catalina.Context <init>
INFO : Deployment of web application directory C:\Users\sword\eclipse-workspace-2021new\diytomcat\webapps\ROOT has finished in 0 ms
07 04, 2021 18:05:17 下午 cn.how2j.diytomcat.catalina.Context <init>
INFO : Deploying web application directory d:/project/diytomcat/b
07 04, 2021 18:05:17 下午 cn.how2j.diytomcat.catalina.Context <init>
INFO : Deployment of web application directory d:/project/diytomcat/b has finished in 1 ms
