07 07, 2021 19:10:14 下午 cn.how2j.diytomcat.catalina.Context deploy
INFO : Deploying web application directory C:\Users\sword\eclipse-workspace-2021new\diytomcat\webapps\a
07 07, 2021 19:10:14 下午 cn.how2j.diytomcat.catalina.Context deploy
INFO : Deployment of web application directory C:\Users\sword\eclipse-workspace-2021new\diytomcat\webapps\a has finished in 187 ms
07 07, 2021 19:10:14 下午 cn.how2j.diytomcat.catalina.Context deploy
INFO : Deploying web application directory C:\Users\sword\eclipse-workspace-2021new\diytomcat\webapps\j2ee
07 07, 2021 19:10:14 下午 cn.how2j.diytomcat.catalina.Context deploy
INFO : Deployment of web application directory C:\Users\sword\eclipse-workspace-2021new\diytomcat\webapps\j2ee has finished in 3 ms
07 07, 2021 19:10:14 下午 cn.how2j.diytomcat.catalina.Context deploy
INFO : Deploying web application directory C:\Users\sword\eclipse-workspace-2021new\diytomcat\webapps\ROOT
07 07, 2021 19:10:14 下午 cn.how2j.diytomcat.catalina.Context deploy
INFO : Deployment of web application directory C:\Users\sword\eclipse-workspace-2021new\diytomcat\webapps\ROOT has finished in 0 ms
07 07, 2021 19:10:14 下午 cn.how2j.diytomcat.catalina.Context deploy
INFO : Deploying web application directory C:/Users/sword/eclipse-workspace-2021new/diytomcat/b
07 07, 2021 19:10:14 下午 cn.how2j.diytomcat.catalina.Context deploy
INFO : Deployment of web application directory C:/Users/sword/eclipse-workspace-2021new/diytomcat/b has finished in 1 ms
07 07, 2021 19:10:14 下午 cn.how2j.diytomcat.catalina.Server logJVM
INFO : Server version:		How2J DiyTomcat/1.0.1
07 07, 2021 19:10:14 下午 cn.how2j.diytomcat.catalina.Server logJVM
INFO : Server built:		2020-04-08 10:20:22
07 07, 2021 19:10:14 下午 cn.how2j.diytomcat.catalina.Server logJVM
INFO : Server number:		1.0.1
07 07, 2021 19:10:14 下午 cn.how2j.diytomcat.catalina.Server logJVM
INFO : OS Name	:		Windows 10
07 07, 2021 19:10:14 下午 cn.how2j.diytomcat.catalina.Server logJVM
INFO : OS Version:		10.0
07 07, 2021 19:10:14 下午 cn.how2j.diytomcat.catalina.Server logJVM
INFO : Architecture:		amd64
07 07, 2021 19:10:14 下午 cn.how2j.diytomcat.catalina.Server logJVM
INFO : Java Home:		C:\Program Files\Java\jdk-11.0.1
07 07, 2021 19:10:14 下午 cn.how2j.diytomcat.catalina.Server logJVM
INFO : JVM Version:		11.0.1+13-LTS
07 07, 2021 19:10:14 下午 cn.how2j.diytomcat.catalina.Server logJVM
INFO : JVM Vendor:		Oracle Corporation
07 07, 2021 19:10:14 下午 cn.how2j.diytomcat.catalina.Connector init
INFO : Initializing ProtocolHandler [http-bio-18080]
07 07, 2021 19:10:14 下午 cn.how2j.diytomcat.catalina.Connector init
INFO : Initializing ProtocolHandler [http-bio-18081]
07 07, 2021 19:10:14 下午 cn.how2j.diytomcat.catalina.Connector init
INFO : Initializing ProtocolHandler [http-bio-18082]
07 07, 2021 19:10:14 下午 cn.how2j.diytomcat.catalina.Service init
INFO : Initialization processed in 0 ms
07 07, 2021 19:10:14 下午 cn.how2j.diytomcat.catalina.Connector start
INFO : Starting ProtocolHandler [http-bio-18080]
07 07, 2021 19:10:14 下午 cn.how2j.diytomcat.catalina.Connector start
INFO : Starting ProtocolHandler [http-bio-18081]
07 07, 2021 19:10:14 下午 cn.how2j.diytomcat.catalina.Connector start
INFO : Starting ProtocolHandler [http-bio-18082]
07 07, 2021 19:10:14 下午 cn.how2j.diytomcat.catalina.Server start
INFO : Server startup in 7 ms
07 07, 2021 19:10:20 下午 cn.how2j.diytomcat.catalina.HttpProcessor error
ERROR: this is a deliberately created exception
java.lang.RuntimeException: this is a deliberately created exception
	at cn.how2j.diytomcat.webappservlet.DefaultServlet.service(DefaultServlet.java:40)
	at cn.how2j.diytomcat.catalina.HttpProcessor.execute(HttpProcessor.java:36)
	at cn.how2j.diytomcat.catalina.Connector$1.run(Connector.java:59)
	at java.base/java.util.concurrent.ThreadPoolExecutor.runWorker(ThreadPoolExecutor.java:1128)
	at java.base/java.util.concurrent.ThreadPoolExecutor$Worker.run(ThreadPoolExecutor.java:628)
	at java.base/java.lang.Thread.run(Thread.java:834)
07 07, 2021 19:23:41 下午 cn.how2j.diytomcat.catalina.Context deploy
INFO : Deploying web application directory C:\Users\sword\eclipse-workspace-2021new\diytomcat\webapps\a
07 07, 2021 19:23:41 下午 cn.how2j.diytomcat.catalina.Context deploy
INFO : Deployment of web application directory C:\Users\sword\eclipse-workspace-2021new\diytomcat\webapps\a has finished in 98 ms
07 07, 2021 19:23:41 下午 cn.how2j.diytomcat.catalina.Context deploy
INFO : Deploying web application directory C:\Users\sword\eclipse-workspace-2021new\diytomcat\webapps\j2ee
07 07, 2021 19:23:41 下午 cn.how2j.diytomcat.catalina.Context deploy
INFO : Deployment of web application directory C:\Users\sword\eclipse-workspace-2021new\diytomcat\webapps\j2ee has finished in 4 ms
07 07, 2021 19:23:41 下午 cn.how2j.diytomcat.catalina.Context deploy
INFO : Deploying web application directory C:\Users\sword\eclipse-workspace-2021new\diytomcat\webapps\ROOT
07 07, 2021 19:23:41 下午 cn.how2j.diytomcat.catalina.Context deploy
INFO : Deployment of web application directory C:\Users\sword\eclipse-workspace-2021new\diytomcat\webapps\ROOT has finished in 0 ms
07 07, 2021 19:23:41 下午 cn.how2j.diytomcat.catalina.Context deploy
INFO : Deploying web application directory C:/Users/sword/eclipse-workspace-2021new/diytomcat/b
07 07, 2021 19:23:41 下午 cn.how2j.diytomcat.catalina.Context deploy
INFO : Deployment of web application directory C:/Users/sword/eclipse-workspace-2021new/diytomcat/b has finished in 1 ms
07 07, 2021 19:23:41 下午 cn.how2j.diytomcat.catalina.Server logJVM
INFO : Server version:		How2J DiyTomcat/1.0.1
07 07, 2021 19:23:41 下午 cn.how2j.diytomcat.catalina.Server logJVM
INFO : Server built:		2020-04-08 10:20:22
07 07, 2021 19:23:41 下午 cn.how2j.diytomcat.catalina.Server logJVM
INFO : Server number:		1.0.1
07 07, 2021 19:23:41 下午 cn.how2j.diytomcat.catalina.Server logJVM
INFO : OS Name	:		Windows 10
07 07, 2021 19:23:41 下午 cn.how2j.diytomcat.catalina.Server logJVM
INFO : OS Version:		10.0
07 07, 2021 19:23:41 下午 cn.how2j.diytomcat.catalina.Server logJVM
INFO : Architecture:		amd64
07 07, 2021 19:23:41 下午 cn.how2j.diytomcat.catalina.Server logJVM
INFO : Java Home:		C:\Program Files\Java\jdk1.8.0_191\jre
07 07, 2021 19:23:41 下午 cn.how2j.diytomcat.catalina.Server logJVM
INFO : JVM Version:		1.8.0_191-b12
07 07, 2021 19:23:41 下午 cn.how2j.diytomcat.catalina.Server logJVM
INFO : JVM Vendor:		Oracle Corporation
07 07, 2021 19:23:41 下午 cn.how2j.diytomcat.catalina.Connector init
INFO : Initializing ProtocolHandler [http-bio-18080]
07 07, 2021 19:23:41 下午 cn.how2j.diytomcat.catalina.Connector init
INFO : Initializing ProtocolHandler [http-bio-18081]
07 07, 2021 19:23:41 下午 cn.how2j.diytomcat.catalina.Connector init
INFO : Initializing ProtocolHandler [http-bio-18082]
07 07, 2021 19:23:41 下午 cn.how2j.diytomcat.catalina.Service init
INFO : Initialization processed in 3 ms
07 07, 2021 19:23:41 下午 cn.how2j.diytomcat.catalina.Connector start
INFO : Starting ProtocolHandler [http-bio-18080]
07 07, 2021 19:23:41 下午 cn.how2j.diytomcat.catalina.Connector start
INFO : Starting ProtocolHandler [http-bio-18081]
07 07, 2021 19:23:41 下午 cn.how2j.diytomcat.catalina.Connector start
INFO : Starting ProtocolHandler [http-bio-18082]
07 07, 2021 19:23:41 下午 cn.how2j.diytomcat.catalina.Server start
INFO : Server startup in 14 ms
07 07, 2021 19:23:57 下午 cn.how2j.diytomcat.catalina.HttpProcessor error
ERROR: this is a deliberately created exception
java.lang.RuntimeException: this is a deliberately created exception
	at cn.how2j.diytomcat.webappservlet.DefaultServlet.service(DefaultServlet.java:40)
	at cn.how2j.diytomcat.catalina.HttpProcessor.execute(HttpProcessor.java:36)
	at cn.how2j.diytomcat.catalina.Connector$1.run(Connector.java:59)
	at java.util.concurrent.ThreadPoolExecutor.runWorker(ThreadPoolExecutor.java:1149)
	at java.util.concurrent.ThreadPoolExecutor$Worker.run(ThreadPoolExecutor.java:624)
	at java.lang.Thread.run(Thread.java:748)
07 07, 2021 20:24:57 下午 cn.how2j.diytomcat.catalina.Context deploy
INFO : Deploying web application directory C:\Users\sword\eclipse-workspace-2021new\diytomcat\webapps\a
07 07, 2021 20:24:57 下午 cn.how2j.diytomcat.catalina.Context deploy
INFO : Deployment of web application directory C:\Users\sword\eclipse-workspace-2021new\diytomcat\webapps\a has finished in 85 ms
07 07, 2021 20:24:57 下午 cn.how2j.diytomcat.catalina.Context deploy
INFO : Deploying web application directory C:\Users\sword\eclipse-workspace-2021new\diytomcat\webapps\j2ee
07 07, 2021 20:24:57 下午 cn.how2j.diytomcat.catalina.Context deploy
INFO : Deployment of web application directory C:\Users\sword\eclipse-workspace-2021new\diytomcat\webapps\j2ee has finished in 3 ms
07 07, 2021 20:24:57 下午 cn.how2j.diytomcat.catalina.Context deploy
INFO : Deploying web application directory C:\Users\sword\eclipse-workspace-2021new\diytomcat\webapps\ROOT
07 07, 2021 20:24:57 下午 cn.how2j.diytomcat.catalina.Context deploy
INFO : Deployment of web application directory C:\Users\sword\eclipse-workspace-2021new\diytomcat\webapps\ROOT has finished in 0 ms
07 07, 2021 20:24:57 下午 cn.how2j.diytomcat.catalina.Context deploy
INFO : Deploying web application directory C:\Users\sword\eclipse-workspace-2021new\diytomcat
07 07, 2021 20:24:57 下午 cn.how2j.diytomcat.catalina.Context deploy
INFO : Deployment of web application directory C:\Users\sword\eclipse-workspace-2021new\diytomcat has finished in 0 ms
07 07, 2021 20:24:57 下午 cn.how2j.diytomcat.catalina.Context deploy
INFO : Deploying web application directory C:\Users\sword\eclipse-workspace-2021new\javaweb\web
07 07, 2021 20:24:57 下午 cn.how2j.diytomcat.catalina.Context deploy
INFO : Deployment of web application directory C:\Users\sword\eclipse-workspace-2021new\javaweb\web has finished in 2 ms
07 07, 2021 20:24:58 下午 cn.how2j.diytomcat.catalina.Server logJVM
INFO : Server version:		How2J DiyTomcat/1.0.1
07 07, 2021 20:24:58 下午 cn.how2j.diytomcat.catalina.Server logJVM
INFO : Server built:		2020-04-08 10:20:22
07 07, 2021 20:24:58 下午 cn.how2j.diytomcat.catalina.Server logJVM
INFO : Server number:		1.0.1
07 07, 2021 20:24:58 下午 cn.how2j.diytomcat.catalina.Server logJVM
INFO : OS Name	:		Windows 10
07 07, 2021 20:24:58 下午 cn.how2j.diytomcat.catalina.Server logJVM
INFO : OS Version:		10.0
07 07, 2021 20:24:58 下午 cn.how2j.diytomcat.catalina.Server logJVM
INFO : Architecture:		amd64
07 07, 2021 20:24:58 下午 cn.how2j.diytomcat.catalina.Server logJVM
INFO : Java Home:		C:\Program Files\Java\jdk1.8.0_191\jre
07 07, 2021 20:24:58 下午 cn.how2j.diytomcat.catalina.Server logJVM
INFO : JVM Version:		1.8.0_191-b12
07 07, 2021 20:24:58 下午 cn.how2j.diytomcat.catalina.Server logJVM
INFO : JVM Vendor:		Oracle Corporation
07 07, 2021 20:24:58 下午 cn.how2j.diytomcat.catalina.Connector init
INFO : Initializing ProtocolHandler [http-bio-18080]
07 07, 2021 20:24:58 下午 cn.how2j.diytomcat.catalina.Connector init
INFO : Initializing ProtocolHandler [http-bio-18081]
07 07, 2021 20:24:58 下午 cn.how2j.diytomcat.catalina.Connector init
INFO : Initializing ProtocolHandler [http-bio-18082]
07 07, 2021 20:24:58 下午 cn.how2j.diytomcat.catalina.Service init
INFO : Initialization processed in 1 ms
07 07, 2021 20:24:58 下午 cn.how2j.diytomcat.catalina.Connector start
INFO : Starting ProtocolHandler [http-bio-18080]
07 07, 2021 20:24:58 下午 cn.how2j.diytomcat.catalina.Connector start
INFO : Starting ProtocolHandler [http-bio-18081]
07 07, 2021 20:24:58 下午 cn.how2j.diytomcat.catalina.Connector start
INFO : Starting ProtocolHandler [http-bio-18082]
07 07, 2021 20:24:58 下午 cn.how2j.diytomcat.catalina.Server start
INFO : Server startup in 10 ms
07 07, 2021 20:25:51 下午 cn.how2j.diytomcat.catalina.HttpProcessor error
ERROR: Instance class [cn.how2j.javaweb.HelloServlet] error!
cn.hutool.core.exceptions.UtilException: Instance class [cn.how2j.javaweb.HelloServlet] error!
	at cn.hutool.core.util.ReflectUtil.newInstance(ReflectUtil.java:594)
	at cn.how2j.diytomcat.webappservlet.InvokerServlet.service(InvokerServlet.java:35)
	at cn.how2j.diytomcat.catalina.HttpProcessor.execute(HttpProcessor.java:34)
	at cn.how2j.diytomcat.catalina.Connector$1.run(Connector.java:59)
	at java.util.concurrent.ThreadPoolExecutor.runWorker(ThreadPoolExecutor.java:1149)
	at java.util.concurrent.ThreadPoolExecutor$Worker.run(ThreadPoolExecutor.java:624)
	at java.lang.Thread.run(Thread.java:748)
Caused by: java.lang.ClassNotFoundException: cn.how2j.javaweb.HelloServlet
	at java.net.URLClassLoader.findClass(URLClassLoader.java:382)
	at java.lang.ClassLoader.loadClass(ClassLoader.java:424)
	at java.lang.ClassLoader.loadClass(ClassLoader.java:357)
	at java.lang.Class.forName0(Native Method)
	at java.lang.Class.forName(Class.java:264)
	at cn.hutool.core.util.ReflectUtil.newInstance(ReflectUtil.java:592)
	... 6 more
07 07, 2021 20:26:54 下午 cn.how2j.diytomcat.catalina.HttpProcessor error
ERROR: this is a deliberately created exception
java.lang.RuntimeException: this is a deliberately created exception
	at cn.how2j.diytomcat.webappservlet.DefaultServlet.service(DefaultServlet.java:40)
	at cn.how2j.diytomcat.catalina.HttpProcessor.execute(HttpProcessor.java:36)
	at cn.how2j.diytomcat.catalina.Connector$1.run(Connector.java:59)
	at java.util.concurrent.ThreadPoolExecutor.runWorker(ThreadPoolExecutor.java:1149)
	at java.util.concurrent.ThreadPoolExecutor$Worker.run(ThreadPoolExecutor.java:624)
	at java.lang.Thread.run(Thread.java:748)
07 07, 2021 20:28:14 下午 cn.how2j.diytomcat.catalina.Context deploy
INFO : Deploying web application directory C:\Users\sword\eclipse-workspace-2021new\diytomcat\webapps\a
07 07, 2021 20:28:14 下午 cn.how2j.diytomcat.catalina.Context deploy
INFO : Deployment of web application directory C:\Users\sword\eclipse-workspace-2021new\diytomcat\webapps\a has finished in 82 ms
07 07, 2021 20:28:14 下午 cn.how2j.diytomcat.catalina.Context deploy
INFO : Deploying web application directory C:\Users\sword\eclipse-workspace-2021new\diytomcat\webapps\j2ee
07 07, 2021 20:28:14 下午 cn.how2j.diytomcat.catalina.Context deploy
INFO : Deployment of web application directory C:\Users\sword\eclipse-workspace-2021new\diytomcat\webapps\j2ee has finished in 2 ms
07 07, 2021 20:28:14 下午 cn.how2j.diytomcat.catalina.Context deploy
INFO : Deploying web application directory C:\Users\sword\eclipse-workspace-2021new\diytomcat\webapps\ROOT
07 07, 2021 20:28:14 下午 cn.how2j.diytomcat.catalina.Context deploy
INFO : Deployment of web application directory C:\Users\sword\eclipse-workspace-2021new\diytomcat\webapps\ROOT has finished in 3 ms
07 07, 2021 20:28:14 下午 cn.how2j.diytomcat.catalina.Context deploy
INFO : Deploying web application directory C:/Users/sword/eclipse-workspace-2021new/diytomcat
07 07, 2021 20:28:14 下午 cn.how2j.diytomcat.catalina.Context deploy
INFO : Deployment of web application directory C:/Users/sword/eclipse-workspace-2021new/diytomcat has finished in 0 ms
07 07, 2021 20:28:14 下午 cn.how2j.diytomcat.catalina.Context deploy
INFO : Deploying web application directory C:/Users/sword/eclipse-workspace-2021new/javaweb/web
07 07, 2021 20:28:14 下午 cn.how2j.diytomcat.catalina.Context deploy
INFO : Deployment of web application directory C:/Users/sword/eclipse-workspace-2021new/javaweb/web has finished in 3 ms
07 07, 2021 20:28:15 下午 cn.how2j.diytomcat.catalina.Server logJVM
INFO : Server version:		How2J DiyTomcat/1.0.1
07 07, 2021 20:28:15 下午 cn.how2j.diytomcat.catalina.Server logJVM
INFO : Server built:		2020-04-08 10:20:22
07 07, 2021 20:28:15 下午 cn.how2j.diytomcat.catalina.Server logJVM
INFO : Server number:		1.0.1
07 07, 2021 20:28:15 下午 cn.how2j.diytomcat.catalina.Server logJVM
INFO : OS Name	:		Windows 10
07 07, 2021 20:28:15 下午 cn.how2j.diytomcat.catalina.Server logJVM
INFO : OS Version:		10.0
07 07, 2021 20:28:15 下午 cn.how2j.diytomcat.catalina.Server logJVM
INFO : Architecture:		amd64
07 07, 2021 20:28:15 下午 cn.how2j.diytomcat.catalina.Server logJVM
INFO : Java Home:		C:\Program Files\Java\jdk1.8.0_191\jre
07 07, 2021 20:28:15 下午 cn.how2j.diytomcat.catalina.Server logJVM
INFO : JVM Version:		1.8.0_191-b12
07 07, 2021 20:28:15 下午 cn.how2j.diytomcat.catalina.Server logJVM
INFO : JVM Vendor:		Oracle Corporation
07 07, 2021 20:28:15 下午 cn.how2j.diytomcat.catalina.Connector init
INFO : Initializing ProtocolHandler [http-bio-18080]
07 07, 2021 20:28:15 下午 cn.how2j.diytomcat.catalina.Connector init
INFO : Initializing ProtocolHandler [http-bio-18081]
07 07, 2021 20:28:15 下午 cn.how2j.diytomcat.catalina.Connector init
INFO : Initializing ProtocolHandler [http-bio-18082]
07 07, 2021 20:28:15 下午 cn.how2j.diytomcat.catalina.Service init
INFO : Initialization processed in 4 ms
07 07, 2021 20:28:15 下午 cn.how2j.diytomcat.catalina.Connector start
INFO : Starting ProtocolHandler [http-bio-18080]
07 07, 2021 20:28:15 下午 cn.how2j.diytomcat.catalina.Connector start
INFO : Starting ProtocolHandler [http-bio-18081]
07 07, 2021 20:28:15 下午 cn.how2j.diytomcat.catalina.Connector start
INFO : Starting ProtocolHandler [http-bio-18082]
07 07, 2021 20:28:15 下午 cn.how2j.diytomcat.catalina.Server start
INFO : Server startup in 23 ms
07 07, 2021 20:28:15 下午 cn.how2j.diytomcat.catalina.HttpProcessor error
ERROR: this is a deliberately created exception
java.lang.RuntimeException: this is a deliberately created exception
	at cn.how2j.diytomcat.webappservlet.DefaultServlet.service(DefaultServlet.java:40)
	at cn.how2j.diytomcat.catalina.HttpProcessor.execute(HttpProcessor.java:36)
	at cn.how2j.diytomcat.catalina.Connector$1.run(Connector.java:59)
	at java.util.concurrent.ThreadPoolExecutor.runWorker(ThreadPoolExecutor.java:1149)
	at java.util.concurrent.ThreadPoolExecutor$Worker.run(ThreadPoolExecutor.java:624)
	at java.lang.Thread.run(Thread.java:748)
07 07, 2021 20:29:25 下午 cn.how2j.diytomcat.catalina.Context deploy
INFO : Deploying web application directory C:\Users\sword\eclipse-workspace-2021new\diytomcat\webapps\a
07 07, 2021 20:29:25 下午 cn.how2j.diytomcat.catalina.Context deploy
INFO : Deployment of web application directory C:\Users\sword\eclipse-workspace-2021new\diytomcat\webapps\a has finished in 83 ms
07 07, 2021 20:29:25 下午 cn.how2j.diytomcat.catalina.Context deploy
INFO : Deploying web application directory C:\Users\sword\eclipse-workspace-2021new\diytomcat\webapps\j2ee
07 07, 2021 20:29:25 下午 cn.how2j.diytomcat.catalina.Context deploy
INFO : Deployment of web application directory C:\Users\sword\eclipse-workspace-2021new\diytomcat\webapps\j2ee has finished in 3 ms
07 07, 2021 20:29:25 下午 cn.how2j.diytomcat.catalina.Context deploy
INFO : Deploying web application directory C:\Users\sword\eclipse-workspace-2021new\diytomcat\webapps\ROOT
07 07, 2021 20:29:25 下午 cn.how2j.diytomcat.catalina.Context deploy
INFO : Deployment of web application directory C:\Users\sword\eclipse-workspace-2021new\diytomcat\webapps\ROOT has finished in 0 ms
07 07, 2021 20:29:25 下午 cn.how2j.diytomcat.catalina.Context deploy
INFO : Deploying web application directory C:/Users/sword/eclipse-workspace-2021new/diytomcat/b
07 07, 2021 20:29:25 下午 cn.how2j.diytomcat.catalina.Context deploy
INFO : Deployment of web application directory C:/Users/sword/eclipse-workspace-2021new/diytomcat/b has finished in 0 ms
07 07, 2021 20:29:25 下午 cn.how2j.diytomcat.catalina.Context deploy
INFO : Deploying web application directory C:/Users/sword/eclipse-workspace-2021new/javaweb/web
07 07, 2021 20:29:25 下午 cn.how2j.diytomcat.catalina.Context deploy
INFO : Deployment of web application directory C:/Users/sword/eclipse-workspace-2021new/javaweb/web has finished in 2 ms
07 07, 2021 20:29:25 下午 cn.how2j.diytomcat.catalina.Server logJVM
INFO : Server version:		How2J DiyTomcat/1.0.1
07 07, 2021 20:29:25 下午 cn.how2j.diytomcat.catalina.Server logJVM
INFO : Server built:		2020-04-08 10:20:22
07 07, 2021 20:29:25 下午 cn.how2j.diytomcat.catalina.Server logJVM
INFO : Server number:		1.0.1
07 07, 2021 20:29:25 下午 cn.how2j.diytomcat.catalina.Server logJVM
INFO : OS Name	:		Windows 10
07 07, 2021 20:29:25 下午 cn.how2j.diytomcat.catalina.Server logJVM
INFO : OS Version:		10.0
07 07, 2021 20:29:25 下午 cn.how2j.diytomcat.catalina.Server logJVM
INFO : Architecture:		amd64
07 07, 2021 20:29:25 下午 cn.how2j.diytomcat.catalina.Server logJVM
INFO : Java Home:		C:\Program Files\Java\jdk1.8.0_191\jre
07 07, 2021 20:29:25 下午 cn.how2j.diytomcat.catalina.Server logJVM
INFO : JVM Version:		1.8.0_191-b12
07 07, 2021 20:29:25 下午 cn.how2j.diytomcat.catalina.Server logJVM
INFO : JVM Vendor:		Oracle Corporation
07 07, 2021 20:29:25 下午 cn.how2j.diytomcat.catalina.Connector init
INFO : Initializing ProtocolHandler [http-bio-18080]
07 07, 2021 20:29:25 下午 cn.how2j.diytomcat.catalina.Connector init
INFO : Initializing ProtocolHandler [http-bio-18081]
07 07, 2021 20:29:25 下午 cn.how2j.diytomcat.catalina.Connector init
INFO : Initializing ProtocolHandler [http-bio-18082]
07 07, 2021 20:29:25 下午 cn.how2j.diytomcat.catalina.Service init
INFO : Initialization processed in 1 ms
07 07, 2021 20:29:25 下午 cn.how2j.diytomcat.catalina.Connector start
INFO : Starting ProtocolHandler [http-bio-18080]
07 07, 2021 20:29:25 下午 cn.how2j.diytomcat.catalina.Connector start
INFO : Starting ProtocolHandler [http-bio-18081]
07 07, 2021 20:29:25 下午 cn.how2j.diytomcat.catalina.Connector start
INFO : Starting ProtocolHandler [http-bio-18082]
07 07, 2021 20:29:25 下午 cn.how2j.diytomcat.catalina.Server start
INFO : Server startup in 9 ms
07 07, 2021 20:29:28 下午 cn.how2j.diytomcat.catalina.HttpProcessor error
ERROR: this is a deliberately created exception
java.lang.RuntimeException: this is a deliberately created exception
	at cn.how2j.diytomcat.webappservlet.DefaultServlet.service(DefaultServlet.java:40)
	at cn.how2j.diytomcat.catalina.HttpProcessor.execute(HttpProcessor.java:36)
	at cn.how2j.diytomcat.catalina.Connector$1.run(Connector.java:59)
	at java.util.concurrent.ThreadPoolExecutor.runWorker(ThreadPoolExecutor.java:1149)
	at java.util.concurrent.ThreadPoolExecutor$Worker.run(ThreadPoolExecutor.java:624)
	at java.lang.Thread.run(Thread.java:748)
07 07, 2021 20:29:31 下午 cn.how2j.diytomcat.catalina.HttpProcessor error
ERROR: java.lang.ClassNotFoundException: cn.how2j.javaweb.HelloServlet
java.lang.RuntimeException: java.lang.ClassNotFoundException: cn.how2j.javaweb.HelloServlet
	at cn.how2j.diytomcat.webappservlet.InvokerServlet.service(InvokerServlet.java:44)
	at cn.how2j.diytomcat.catalina.HttpProcessor.execute(HttpProcessor.java:34)
	at cn.how2j.diytomcat.catalina.Connector$1.run(Connector.java:59)
	at java.util.concurrent.ThreadPoolExecutor.runWorker(ThreadPoolExecutor.java:1149)
	at java.util.concurrent.ThreadPoolExecutor$Worker.run(ThreadPoolExecutor.java:624)
	at java.lang.Thread.run(Thread.java:748)
Caused by: java.lang.ClassNotFoundException: cn.how2j.javaweb.HelloServlet
	at java.net.URLClassLoader.findClass(URLClassLoader.java:382)
	at java.lang.ClassLoader.loadClass(ClassLoader.java:424)
	at java.lang.ClassLoader.loadClass(ClassLoader.java:357)
	at cn.how2j.diytomcat.webappservlet.InvokerServlet.service(InvokerServlet.java:36)
	... 5 more
07 07, 2021 20:55:42 下午 cn.how2j.diytomcat.catalina.HttpProcessor error
ERROR: java.lang.ClassNotFoundException: cn.how2j.javaweb.HelloServlet
java.lang.RuntimeException: java.lang.ClassNotFoundException: cn.how2j.javaweb.HelloServlet
	at cn.how2j.diytomcat.webappservlet.InvokerServlet.service(InvokerServlet.java:44)
	at cn.how2j.diytomcat.catalina.HttpProcessor.execute(HttpProcessor.java:34)
	at cn.how2j.diytomcat.catalina.Connector$1.run(Connector.java:59)
	at java.util.concurrent.ThreadPoolExecutor.runWorker(ThreadPoolExecutor.java:1149)
	at java.util.concurrent.ThreadPoolExecutor$Worker.run(ThreadPoolExecutor.java:624)
	at java.lang.Thread.run(Thread.java:748)
Caused by: java.lang.ClassNotFoundException: cn.how2j.javaweb.HelloServlet
	at java.net.URLClassLoader.findClass(URLClassLoader.java:382)
	at java.lang.ClassLoader.loadClass(ClassLoader.java:424)
	at java.lang.ClassLoader.loadClass(ClassLoader.java:357)
	at cn.how2j.diytomcat.webappservlet.InvokerServlet.service(InvokerServlet.java:36)
	... 5 more
07 07, 2021 20:56:29 下午 cn.how2j.diytomcat.catalina.HttpProcessor error
ERROR: this is a deliberately created exception
java.lang.RuntimeException: this is a deliberately created exception
	at cn.how2j.diytomcat.webappservlet.DefaultServlet.service(DefaultServlet.java:40)
	at cn.how2j.diytomcat.catalina.HttpProcessor.execute(HttpProcessor.java:36)
	at cn.how2j.diytomcat.catalina.Connector$1.run(Connector.java:59)
	at java.util.concurrent.ThreadPoolExecutor.runWorker(ThreadPoolExecutor.java:1149)
	at java.util.concurrent.ThreadPoolExecutor$Worker.run(ThreadPoolExecutor.java:624)
	at java.lang.Thread.run(Thread.java:748)
07 07, 2021 20:56:29 下午 cn.how2j.diytomcat.catalina.HttpProcessor error
ERROR: java.lang.ClassNotFoundException: cn.how2j.javaweb.HelloServlet
java.lang.RuntimeException: java.lang.ClassNotFoundException: cn.how2j.javaweb.HelloServlet
	at cn.how2j.diytomcat.webappservlet.InvokerServlet.service(InvokerServlet.java:44)
	at cn.how2j.diytomcat.catalina.HttpProcessor.execute(HttpProcessor.java:34)
	at cn.how2j.diytomcat.catalina.Connector$1.run(Connector.java:59)
	at java.util.concurrent.ThreadPoolExecutor.runWorker(ThreadPoolExecutor.java:1149)
	at java.util.concurrent.ThreadPoolExecutor$Worker.run(ThreadPoolExecutor.java:624)
	at java.lang.Thread.run(Thread.java:748)
Caused by: java.lang.ClassNotFoundException: cn.how2j.javaweb.HelloServlet
	at java.net.URLClassLoader.findClass(URLClassLoader.java:382)
	at java.lang.ClassLoader.loadClass(ClassLoader.java:424)
	at java.lang.ClassLoader.loadClass(ClassLoader.java:357)
	at cn.how2j.diytomcat.webappservlet.InvokerServlet.service(InvokerServlet.java:36)
	... 5 more
07 07, 2021 21:08:26 下午 cn.how2j.diytomcat.catalina.HttpProcessor error
ERROR: this is a deliberately created exception
java.lang.RuntimeException: this is a deliberately created exception
	at cn.how2j.diytomcat.webappservlet.DefaultServlet.service(DefaultServlet.java:40)
	at cn.how2j.diytomcat.catalina.HttpProcessor.execute(HttpProcessor.java:36)
	at cn.how2j.diytomcat.catalina.Connector$1.run(Connector.java:59)
	at java.util.concurrent.ThreadPoolExecutor.runWorker(ThreadPoolExecutor.java:1149)
	at java.util.concurrent.ThreadPoolExecutor$Worker.run(ThreadPoolExecutor.java:624)
	at java.lang.Thread.run(Thread.java:748)
07 07, 2021 21:13:15 下午 cn.how2j.diytomcat.catalina.Context deploy
INFO : Deploying web application directory C:\Users\sword\eclipse-workspace-2021new\diytomcat\webapps\a
07 07, 2021 21:13:15 下午 cn.how2j.diytomcat.catalina.Context deploy
INFO : Deployment of web application directory C:\Users\sword\eclipse-workspace-2021new\diytomcat\webapps\a has finished in 78 ms
07 07, 2021 21:13:15 下午 cn.how2j.diytomcat.catalina.Context deploy
INFO : Deploying web application directory C:\Users\sword\eclipse-workspace-2021new\diytomcat\webapps\j2ee
07 07, 2021 21:13:15 下午 cn.how2j.diytomcat.catalina.Context deploy
INFO : Deployment of web application directory C:\Users\sword\eclipse-workspace-2021new\diytomcat\webapps\j2ee has finished in 2 ms
07 07, 2021 21:13:15 下午 cn.how2j.diytomcat.catalina.Context deploy
INFO : Deploying web application directory C:\Users\sword\eclipse-workspace-2021new\diytomcat\webapps\ROOT
07 07, 2021 21:13:15 下午 cn.how2j.diytomcat.catalina.Context deploy
INFO : Deployment of web application directory C:\Users\sword\eclipse-workspace-2021new\diytomcat\webapps\ROOT has finished in 1 ms
07 07, 2021 21:13:15 下午 cn.how2j.diytomcat.catalina.Context deploy
INFO : Deploying web application directory C:/Users/sword/eclipse-workspace-2021new/diytomcat/b
07 07, 2021 21:13:15 下午 cn.how2j.diytomcat.catalina.Context deploy
INFO : Deployment of web application directory C:/Users/sword/eclipse-workspace-2021new/diytomcat/b has finished in 1 ms
07 07, 2021 21:13:15 下午 cn.how2j.diytomcat.catalina.Context deploy
INFO : Deploying web application directory C:/Users/sword/eclipse-workspace-2021new/javaweb/web
07 07, 2021 21:13:15 下午 cn.how2j.diytomcat.catalina.Context deploy
INFO : Deployment of web application directory C:/Users/sword/eclipse-workspace-2021new/javaweb/web has finished in 1 ms
07 07, 2021 21:13:15 下午 cn.how2j.diytomcat.catalina.Server logJVM
INFO : Server version:		How2J DiyTomcat/1.0.1
07 07, 2021 21:13:15 下午 cn.how2j.diytomcat.catalina.Server logJVM
INFO : Server built:		2020-04-08 10:20:22
07 07, 2021 21:13:15 下午 cn.how2j.diytomcat.catalina.Server logJVM
INFO : Server number:		1.0.1
07 07, 2021 21:13:15 下午 cn.how2j.diytomcat.catalina.Server logJVM
INFO : OS Name	:		Windows 10
07 07, 2021 21:13:15 下午 cn.how2j.diytomcat.catalina.Server logJVM
INFO : OS Version:		10.0
07 07, 2021 21:13:15 下午 cn.how2j.diytomcat.catalina.Server logJVM
INFO : Architecture:		amd64
07 07, 2021 21:13:15 下午 cn.how2j.diytomcat.catalina.Server logJVM
INFO : Java Home:		C:\Program Files\Java\jdk1.8.0_191\jre
07 07, 2021 21:13:15 下午 cn.how2j.diytomcat.catalina.Server logJVM
INFO : JVM Version:		1.8.0_191-b12
07 07, 2021 21:13:15 下午 cn.how2j.diytomcat.catalina.Server logJVM
INFO : JVM Vendor:		Oracle Corporation
07 07, 2021 21:13:15 下午 cn.how2j.diytomcat.catalina.Connector init
INFO : Initializing ProtocolHandler [http-bio-18080]
07 07, 2021 21:13:15 下午 cn.how2j.diytomcat.catalina.Connector init
INFO : Initializing ProtocolHandler [http-bio-18081]
07 07, 2021 21:13:15 下午 cn.how2j.diytomcat.catalina.Connector init
INFO : Initializing ProtocolHandler [http-bio-18082]
07 07, 2021 21:13:15 下午 cn.how2j.diytomcat.catalina.Service init
INFO : Initialization processed in 1 ms
07 07, 2021 21:13:15 下午 cn.how2j.diytomcat.catalina.Connector start
INFO : Starting ProtocolHandler [http-bio-18080]
07 07, 2021 21:13:15 下午 cn.how2j.diytomcat.catalina.Connector start
INFO : Starting ProtocolHandler [http-bio-18081]
07 07, 2021 21:13:15 下午 cn.how2j.diytomcat.catalina.Connector start
INFO : Starting ProtocolHandler [http-bio-18082]
07 07, 2021 21:13:15 下午 cn.how2j.diytomcat.catalina.Server start
INFO : Server startup in 9 ms
07 07, 2021 21:13:23 下午 cn.how2j.diytomcat.catalina.HttpProcessor error
ERROR: this is a deliberately created exception
java.lang.RuntimeException: this is a deliberately created exception
	at cn.how2j.diytomcat.webappservlet.DefaultServlet.service(DefaultServlet.java:40)
	at cn.how2j.diytomcat.catalina.HttpProcessor.execute(HttpProcessor.java:36)
	at cn.how2j.diytomcat.catalina.Connector$1.run(Connector.java:59)
	at java.util.concurrent.ThreadPoolExecutor.runWorker(ThreadPoolExecutor.java:1149)
	at java.util.concurrent.ThreadPoolExecutor$Worker.run(ThreadPoolExecutor.java:624)
	at java.lang.Thread.run(Thread.java:748)
07 07, 2021 21:17:30 下午 cn.how2j.diytomcat.catalina.HttpProcessor error
ERROR: this is a deliberately created exception
java.lang.RuntimeException: this is a deliberately created exception
	at cn.how2j.diytomcat.webappservlet.DefaultServlet.service(DefaultServlet.java:40)
	at cn.how2j.diytomcat.catalina.HttpProcessor.execute(HttpProcessor.java:36)
	at cn.how2j.diytomcat.catalina.Connector$1.run(Connector.java:59)
	at java.util.concurrent.ThreadPoolExecutor.runWorker(ThreadPoolExecutor.java:1149)
	at java.util.concurrent.ThreadPoolExecutor$Worker.run(ThreadPoolExecutor.java:624)
	at java.lang.Thread.run(Thread.java:748)
07 07, 2021 21:18:05 下午 cn.how2j.diytomcat.catalina.Context deploy
INFO : Deploying web application directory C:\Users\sword\eclipse-workspace-2021new\diytomcat\webapps\a
07 07, 2021 21:18:05 下午 cn.how2j.diytomcat.catalina.Context deploy
INFO : Deployment of web application directory C:\Users\sword\eclipse-workspace-2021new\diytomcat\webapps\a has finished in 82 ms
07 07, 2021 21:18:05 下午 cn.how2j.diytomcat.catalina.Context deploy
INFO : Deploying web application directory C:\Users\sword\eclipse-workspace-2021new\diytomcat\webapps\j2ee
07 07, 2021 21:18:05 下午 cn.how2j.diytomcat.catalina.Context deploy
INFO : Deployment of web application directory C:\Users\sword\eclipse-workspace-2021new\diytomcat\webapps\j2ee has finished in 4 ms
07 07, 2021 21:18:05 下午 cn.how2j.diytomcat.catalina.Context deploy
INFO : Deploying web application directory C:\Users\sword\eclipse-workspace-2021new\diytomcat\webapps\ROOT
07 07, 2021 21:18:05 下午 cn.how2j.diytomcat.catalina.Context deploy
INFO : Deployment of web application directory C:\Users\sword\eclipse-workspace-2021new\diytomcat\webapps\ROOT has finished in 1 ms
07 07, 2021 21:18:05 下午 cn.how2j.diytomcat.catalina.Context deploy
INFO : Deploying web application directory C:/Users/sword/eclipse-workspace-2021new/diytomcat/b
07 07, 2021 21:18:05 下午 cn.how2j.diytomcat.catalina.Context deploy
INFO : Deployment of web application directory C:/Users/sword/eclipse-workspace-2021new/diytomcat/b has finished in 1 ms
07 07, 2021 21:18:05 下午 cn.how2j.diytomcat.catalina.Context deploy
INFO : Deploying web application directory C:/Users/sword/eclipse-workspace-2021new/javaweb/web
07 07, 2021 21:18:05 下午 cn.how2j.diytomcat.catalina.Context deploy
INFO : Deployment of web application directory C:/Users/sword/eclipse-workspace-2021new/javaweb/web has finished in 2 ms
07 07, 2021 21:18:05 下午 cn.how2j.diytomcat.catalina.Server logJVM
INFO : Server version:		How2J DiyTomcat/1.0.1
07 07, 2021 21:18:05 下午 cn.how2j.diytomcat.catalina.Server logJVM
INFO : Server built:		2020-04-08 10:20:22
07 07, 2021 21:18:05 下午 cn.how2j.diytomcat.catalina.Server logJVM
INFO : Server number:		1.0.1
07 07, 2021 21:18:05 下午 cn.how2j.diytomcat.catalina.Server logJVM
INFO : OS Name	:		Windows 10
07 07, 2021 21:18:05 下午 cn.how2j.diytomcat.catalina.Server logJVM
INFO : OS Version:		10.0
07 07, 2021 21:18:05 下午 cn.how2j.diytomcat.catalina.Server logJVM
INFO : Architecture:		amd64
07 07, 2021 21:18:05 下午 cn.how2j.diytomcat.catalina.Server logJVM
INFO : Java Home:		C:\Program Files\Java\jdk1.8.0_191\jre
07 07, 2021 21:18:05 下午 cn.how2j.diytomcat.catalina.Server logJVM
INFO : JVM Version:		1.8.0_191-b12
07 07, 2021 21:18:05 下午 cn.how2j.diytomcat.catalina.Server logJVM
INFO : JVM Vendor:		Oracle Corporation
07 07, 2021 21:18:05 下午 cn.how2j.diytomcat.catalina.Connector init
INFO : Initializing ProtocolHandler [http-bio-18080]
07 07, 2021 21:18:05 下午 cn.how2j.diytomcat.catalina.Connector init
INFO : Initializing ProtocolHandler [http-bio-18081]
07 07, 2021 21:18:05 下午 cn.how2j.diytomcat.catalina.Connector init
INFO : Initializing ProtocolHandler [http-bio-18082]
07 07, 2021 21:18:05 下午 cn.how2j.diytomcat.catalina.Service init
INFO : Initialization processed in 3 ms
07 07, 2021 21:18:05 下午 cn.how2j.diytomcat.catalina.Connector start
INFO : Starting ProtocolHandler [http-bio-18080]
07 07, 2021 21:18:05 下午 cn.how2j.diytomcat.catalina.Connector start
INFO : Starting ProtocolHandler [http-bio-18081]
07 07, 2021 21:18:05 下午 cn.how2j.diytomcat.catalina.Connector start
INFO : Starting ProtocolHandler [http-bio-18082]
07 07, 2021 21:18:05 下午 cn.how2j.diytomcat.catalina.Server start
INFO : Server startup in 15 ms
07 07, 2021 21:19:05 下午 cn.how2j.diytomcat.catalina.Context deploy
INFO : Deploying web application directory C:\Users\sword\eclipse-workspace-2021new\diytomcat\webapps\a
07 07, 2021 21:19:05 下午 cn.how2j.diytomcat.catalina.Context deploy
INFO : Deployment of web application directory C:\Users\sword\eclipse-workspace-2021new\diytomcat\webapps\a has finished in 92 ms
07 07, 2021 21:19:05 下午 cn.how2j.diytomcat.catalina.Context deploy
INFO : Deploying web application directory C:\Users\sword\eclipse-workspace-2021new\diytomcat\webapps\j2ee
07 07, 2021 21:19:05 下午 cn.how2j.diytomcat.catalina.Context deploy
INFO : Deployment of web application directory C:\Users\sword\eclipse-workspace-2021new\diytomcat\webapps\j2ee has finished in 3 ms
07 07, 2021 21:19:05 下午 cn.how2j.diytomcat.catalina.Context deploy
INFO : Deploying web application directory C:\Users\sword\eclipse-workspace-2021new\diytomcat\webapps\ROOT
07 07, 2021 21:19:05 下午 cn.how2j.diytomcat.catalina.Context deploy
INFO : Deployment of web application directory C:\Users\sword\eclipse-workspace-2021new\diytomcat\webapps\ROOT has finished in 1 ms
07 07, 2021 21:19:05 下午 cn.how2j.diytomcat.catalina.Context deploy
INFO : Deploying web application directory C:/Users/sword/eclipse-workspace-2021new/diytomcat/b
07 07, 2021 21:19:05 下午 cn.how2j.diytomcat.catalina.Context deploy
INFO : Deployment of web application directory C:/Users/sword/eclipse-workspace-2021new/diytomcat/b has finished in 1 ms
07 07, 2021 21:19:05 下午 cn.how2j.diytomcat.catalina.Context deploy
INFO : Deploying web application directory C:/Users/sword/eclipse-workspace-2021new/javaweb/web
07 07, 2021 21:19:05 下午 cn.how2j.diytomcat.catalina.Context deploy
INFO : Deployment of web application directory C:/Users/sword/eclipse-workspace-2021new/javaweb/web has finished in 1 ms
07 07, 2021 21:19:05 下午 cn.how2j.diytomcat.catalina.Server logJVM
INFO : Server version:		How2J DiyTomcat/1.0.1
07 07, 2021 21:19:05 下午 cn.how2j.diytomcat.catalina.Server logJVM
INFO : Server built:		2020-04-08 10:20:22
07 07, 2021 21:19:05 下午 cn.how2j.diytomcat.catalina.Server logJVM
INFO : Server number:		1.0.1
07 07, 2021 21:19:05 下午 cn.how2j.diytomcat.catalina.Server logJVM
INFO : OS Name	:		Windows 10
07 07, 2021 21:19:05 下午 cn.how2j.diytomcat.catalina.Server logJVM
INFO : OS Version:		10.0
07 07, 2021 21:19:05 下午 cn.how2j.diytomcat.catalina.Server logJVM
INFO : Architecture:		amd64
07 07, 2021 21:19:05 下午 cn.how2j.diytomcat.catalina.Server logJVM
INFO : Java Home:		C:\Program Files\Java\jdk1.8.0_191\jre
07 07, 2021 21:19:05 下午 cn.how2j.diytomcat.catalina.Server logJVM
INFO : JVM Version:		1.8.0_191-b12
07 07, 2021 21:19:05 下午 cn.how2j.diytomcat.catalina.Server logJVM
INFO : JVM Vendor:		Oracle Corporation
07 07, 2021 21:19:05 下午 cn.how2j.diytomcat.catalina.Connector init
INFO : Initializing ProtocolHandler [http-bio-18080]
07 07, 2021 21:19:05 下午 cn.how2j.diytomcat.catalina.Connector init
INFO : Initializing ProtocolHandler [http-bio-18081]
07 07, 2021 21:19:05 下午 cn.how2j.diytomcat.catalina.Connector init
INFO : Initializing ProtocolHandler [http-bio-18082]
07 07, 2021 21:19:05 下午 cn.how2j.diytomcat.catalina.Service init
INFO : Initialization processed in 2 ms
07 07, 2021 21:19:05 下午 cn.how2j.diytomcat.catalina.Connector start
INFO : Starting ProtocolHandler [http-bio-18080]
07 07, 2021 21:19:05 下午 cn.how2j.diytomcat.catalina.Connector start
INFO : Starting ProtocolHandler [http-bio-18081]
07 07, 2021 21:19:05 下午 cn.how2j.diytomcat.catalina.Connector start
INFO : Starting ProtocolHandler [http-bio-18082]
07 07, 2021 21:19:05 下午 cn.how2j.diytomcat.catalina.Server start
INFO : Server startup in 11 ms
07 07, 2021 21:19:11 下午 cn.how2j.diytomcat.catalina.HttpProcessor error
ERROR: this is a deliberately created exception
java.lang.RuntimeException: this is a deliberately created exception
	at cn.how2j.diytomcat.webappservlet.DefaultServlet.service(DefaultServlet.java:40)
	at cn.how2j.diytomcat.catalina.HttpProcessor.execute(HttpProcessor.java:36)
	at cn.how2j.diytomcat.catalina.Connector$1.run(Connector.java:59)
	at java.util.concurrent.ThreadPoolExecutor.runWorker(ThreadPoolExecutor.java:1149)
	at java.util.concurrent.ThreadPoolExecutor$Worker.run(ThreadPoolExecutor.java:624)
	at java.lang.Thread.run(Thread.java:748)
07 07, 2021 21:58:30 下午 cn.how2j.diytomcat.catalina.Context deploy
INFO : Deploying web application directory C:\Users\sword\eclipse-workspace-2021new\diytomcat\webapps\a
07 07, 2021 21:58:30 下午 cn.how2j.diytomcat.catalina.Context deploy
INFO : Deployment of web application directory C:\Users\sword\eclipse-workspace-2021new\diytomcat\webapps\a has finished in 102 ms
07 07, 2021 21:58:30 下午 cn.how2j.diytomcat.catalina.Context deploy
INFO : Deploying web application directory C:\Users\sword\eclipse-workspace-2021new\diytomcat\webapps\j2ee
07 07, 2021 21:58:30 下午 cn.how2j.diytomcat.catalina.Context deploy
INFO : Deployment of web application directory C:\Users\sword\eclipse-workspace-2021new\diytomcat\webapps\j2ee has finished in 5 ms
07 07, 2021 21:58:30 下午 cn.how2j.diytomcat.catalina.Context deploy
INFO : Deploying web application directory C:\Users\sword\eclipse-workspace-2021new\diytomcat\webapps\ROOT
07 07, 2021 21:58:30 下午 cn.how2j.diytomcat.catalina.Context deploy
INFO : Deployment of web application directory C:\Users\sword\eclipse-workspace-2021new\diytomcat\webapps\ROOT has finished in 1 ms
07 07, 2021 21:58:30 下午 cn.how2j.diytomcat.catalina.Context deploy
INFO : Deploying web application directory C:/Users/sword/eclipse-workspace-2021new/diytomcat/b
07 07, 2021 21:58:30 下午 cn.how2j.diytomcat.catalina.Context deploy
INFO : Deployment of web application directory C:/Users/sword/eclipse-workspace-2021new/diytomcat/b has finished in 0 ms
07 07, 2021 21:58:30 下午 cn.how2j.diytomcat.catalina.Context deploy
INFO : Deploying web application directory C:/Users/sword/eclipse-workspace-2021new/javaweb/web
07 07, 2021 21:58:30 下午 cn.how2j.diytomcat.catalina.Context deploy
INFO : Deployment of web application directory C:/Users/sword/eclipse-workspace-2021new/javaweb/web has finished in 3 ms
07 07, 2021 21:58:30 下午 cn.how2j.diytomcat.catalina.Server logJVM
INFO : Server version:		How2J DiyTomcat/1.0.1
07 07, 2021 21:58:30 下午 cn.how2j.diytomcat.catalina.Server logJVM
INFO : Server built:		2020-04-08 10:20:22
07 07, 2021 21:58:30 下午 cn.how2j.diytomcat.catalina.Server logJVM
INFO : Server number:		1.0.1
07 07, 2021 21:58:30 下午 cn.how2j.diytomcat.catalina.Server logJVM
INFO : OS Name	:		Windows 10
07 07, 2021 21:58:30 下午 cn.how2j.diytomcat.catalina.Server logJVM
INFO : OS Version:		10.0
07 07, 2021 21:58:30 下午 cn.how2j.diytomcat.catalina.Server logJVM
INFO : Architecture:		amd64
07 07, 2021 21:58:30 下午 cn.how2j.diytomcat.catalina.Server logJVM
INFO : Java Home:		C:\Program Files\Java\jdk1.8.0_191\jre
07 07, 2021 21:58:30 下午 cn.how2j.diytomcat.catalina.Server logJVM
INFO : JVM Version:		1.8.0_191-b12
07 07, 2021 21:58:30 下午 cn.how2j.diytomcat.catalina.Server logJVM
INFO : JVM Vendor:		Oracle Corporation
07 07, 2021 21:58:30 下午 cn.how2j.diytomcat.catalina.Connector init
INFO : Initializing ProtocolHandler [http-bio-18080]
07 07, 2021 21:58:30 下午 cn.how2j.diytomcat.catalina.Connector init
INFO : Initializing ProtocolHandler [http-bio-18081]
07 07, 2021 21:58:30 下午 cn.how2j.diytomcat.catalina.Connector init
INFO : Initializing ProtocolHandler [http-bio-18082]
07 07, 2021 21:58:30 下午 cn.how2j.diytomcat.catalina.Service init
INFO : Initialization processed in 1 ms
07 07, 2021 21:58:30 下午 cn.how2j.diytomcat.catalina.Connector start
INFO : Starting ProtocolHandler [http-bio-18080]
07 07, 2021 21:58:30 下午 cn.how2j.diytomcat.catalina.Connector start
INFO : Starting ProtocolHandler [http-bio-18081]
07 07, 2021 21:58:30 下午 cn.how2j.diytomcat.catalina.Connector start
INFO : Starting ProtocolHandler [http-bio-18082]
07 07, 2021 21:58:30 下午 cn.how2j.diytomcat.catalina.Server start
INFO : Server startup in 6 ms
07 07, 2021 21:58:59 下午 cn.how2j.diytomcat.watcher.ContextFileChangeWatcher$1 dealWith
INFO : cn.how2j.diytomcat.watcher.ContextFileChangeWatcher@21b83bc1 检测到了Web应用下的重要文件变化 HelloServlet.class 
07 07, 2021 21:58:59 下午 cn.how2j.diytomcat.catalina.Host reload
INFO : Reloading Context with name [/javaweb] has started
07 07, 2021 21:58:59 下午 cn.how2j.diytomcat.catalina.Context deploy
INFO : Deploying web application directory C:/Users/sword/eclipse-workspace-2021new/javaweb/web
07 07, 2021 21:58:59 下午 cn.how2j.diytomcat.catalina.Context deploy
INFO : Deployment of web application directory C:/Users/sword/eclipse-workspace-2021new/javaweb/web has finished in 1 ms
07 07, 2021 21:58:59 下午 cn.how2j.diytomcat.catalina.Host reload
INFO : Reloading Context with name [/javaweb] has completed
07 07, 2021 22:00:18 下午 cn.how2j.diytomcat.watcher.ContextFileChangeWatcher$1 dealWith
INFO : cn.how2j.diytomcat.watcher.ContextFileChangeWatcher@194a464e 检测到了Web应用下的重要文件变化 HelloServlet.class 
07 07, 2021 22:00:18 下午 cn.how2j.diytomcat.catalina.Host reload
INFO : Reloading Context with name [/javaweb] has started
07 07, 2021 22:00:18 下午 cn.how2j.diytomcat.catalina.Context deploy
INFO : Deploying web application directory C:/Users/sword/eclipse-workspace-2021new/javaweb/web
07 07, 2021 22:00:18 下午 cn.how2j.diytomcat.catalina.Context deploy
INFO : Deployment of web application directory C:/Users/sword/eclipse-workspace-2021new/javaweb/web has finished in 3 ms
07 07, 2021 22:00:18 下午 cn.how2j.diytomcat.catalina.Host reload
INFO : Reloading Context with name [/javaweb] has completed
07 07, 2021 22:00:35 下午 cn.how2j.diytomcat.watcher.ContextFileChangeWatcher$1 dealWith
INFO : cn.how2j.diytomcat.watcher.ContextFileChangeWatcher@3ad7b4bd 检测到了Web应用下的重要文件变化 HelloServlet.class 
07 07, 2021 22:00:35 下午 cn.how2j.diytomcat.catalina.Host reload
INFO : Reloading Context with name [/javaweb] has started
07 07, 2021 22:00:35 下午 cn.how2j.diytomcat.catalina.Context deploy
INFO : Deploying web application directory C:/Users/sword/eclipse-workspace-2021new/javaweb/web
07 07, 2021 22:00:35 下午 cn.how2j.diytomcat.catalina.Context deploy
INFO : Deployment of web application directory C:/Users/sword/eclipse-workspace-2021new/javaweb/web has finished in 2 ms
07 07, 2021 22:00:35 下午 cn.how2j.diytomcat.catalina.Host reload
INFO : Reloading Context with name [/javaweb] has completed
