07 08, 2021 12:49:58 下午 cn.how2j.diytomcat.catalina.Context deploy
INFO : Deploying web application directory C:\Users\sword\eclipse-workspace-2021new\diytomcat\webapps\a
07 08, 2021 12:49:58 下午 cn.how2j.diytomcat.catalina.Context deploy
INFO : Deployment of web application directory C:\Users\sword\eclipse-workspace-2021new\diytomcat\webapps\a has finished in 110 ms
07 08, 2021 12:49:58 下午 cn.how2j.diytomcat.catalina.Context deploy
INFO : Deploying web application directory C:\Users\sword\eclipse-workspace-2021new\diytomcat\webapps\j2ee
07 08, 2021 12:49:58 下午 cn.how2j.diytomcat.catalina.Context deploy
INFO : Deployment of web application directory C:\Users\sword\eclipse-workspace-2021new\diytomcat\webapps\j2ee has finished in 4 ms
07 08, 2021 12:49:58 下午 cn.how2j.diytomcat.catalina.Context deploy
INFO : Deploying web application directory C:\Users\sword\eclipse-workspace-2021new\diytomcat\webapps\ROOT
07 08, 2021 12:49:58 下午 cn.how2j.diytomcat.catalina.Context deploy
INFO : Deployment of web application directory C:\Users\sword\eclipse-workspace-2021new\diytomcat\webapps\ROOT has finished in 1 ms
07 08, 2021 12:49:58 下午 cn.how2j.diytomcat.catalina.Context deploy
INFO : Deploying web application directory C:/Users/sword/eclipse-workspace-2021new/diytomcat/b
07 08, 2021 12:49:58 下午 cn.how2j.diytomcat.catalina.Context deploy
INFO : Deployment of web application directory C:/Users/sword/eclipse-workspace-2021new/diytomcat/b has finished in 0 ms
07 08, 2021 12:49:58 下午 cn.how2j.diytomcat.catalina.Context deploy
INFO : Deploying web application directory C:/Users/sword/eclipse-workspace-2021new/javaweb/web
07 08, 2021 12:49:58 下午 cn.how2j.diytomcat.catalina.Context deploy
INFO : Deployment of web application directory C:/Users/sword/eclipse-workspace-2021new/javaweb/web has finished in 3 ms
07 08, 2021 12:49:58 下午 cn.how2j.diytomcat.catalina.Server logJVM
INFO : Server version:		How2J DiyTomcat/1.0.1
07 08, 2021 12:49:58 下午 cn.how2j.diytomcat.catalina.Server logJVM
INFO : Server built:		2020-04-08 10:20:22
07 08, 2021 12:49:58 下午 cn.how2j.diytomcat.catalina.Server logJVM
INFO : Server number:		1.0.1
07 08, 2021 12:49:58 下午 cn.how2j.diytomcat.catalina.Server logJVM
INFO : OS Name	:		Windows 10
07 08, 2021 12:49:58 下午 cn.how2j.diytomcat.catalina.Server logJVM
INFO : OS Version:		10.0
07 08, 2021 12:49:58 下午 cn.how2j.diytomcat.catalina.Server logJVM
INFO : Architecture:		amd64
07 08, 2021 12:49:58 下午 cn.how2j.diytomcat.catalina.Server logJVM
INFO : Java Home:		C:\Program Files\Java\jdk1.8.0_191\jre
07 08, 2021 12:49:58 下午 cn.how2j.diytomcat.catalina.Server logJVM
INFO : JVM Version:		1.8.0_191-b12
07 08, 2021 12:49:58 下午 cn.how2j.diytomcat.catalina.Server logJVM
INFO : JVM Vendor:		Oracle Corporation
07 08, 2021 12:49:58 下午 cn.how2j.diytomcat.catalina.Connector init
INFO : Initializing ProtocolHandler [http-bio-18080]
07 08, 2021 12:49:58 下午 cn.how2j.diytomcat.catalina.Connector init
INFO : Initializing ProtocolHandler [http-bio-18081]
07 08, 2021 12:49:58 下午 cn.how2j.diytomcat.catalina.Connector init
INFO : Initializing ProtocolHandler [http-bio-18082]
07 08, 2021 12:49:58 下午 cn.how2j.diytomcat.catalina.Service init
INFO : Initialization processed in 1 ms
07 08, 2021 12:49:58 下午 cn.how2j.diytomcat.catalina.Connector start
INFO : Starting ProtocolHandler [http-bio-18080]
07 08, 2021 12:49:58 下午 cn.how2j.diytomcat.catalina.Connector start
INFO : Starting ProtocolHandler [http-bio-18081]
07 08, 2021 12:49:58 下午 cn.how2j.diytomcat.catalina.Connector start
INFO : Starting ProtocolHandler [http-bio-18082]
07 08, 2021 12:49:58 下午 cn.how2j.diytomcat.catalina.Server start
INFO : Server startup in 12 ms
07 08, 2021 12:49:58 下午 cn.how2j.diytomcat.catalina.Context deploy
INFO : Deploying web application directory C:\Users\sword\eclipse-workspace-2021new\diytomcat\webapps\a
07 08, 2021 12:49:58 下午 cn.how2j.diytomcat.catalina.Context deploy
INFO : Deployment of web application directory C:\Users\sword\eclipse-workspace-2021new\diytomcat\webapps\a has finished in 93 ms
07 08, 2021 12:49:58 下午 cn.how2j.diytomcat.catalina.Context deploy
INFO : Deploying web application directory C:\Users\sword\eclipse-workspace-2021new\diytomcat\webapps\j2ee
07 08, 2021 12:49:58 下午 cn.how2j.diytomcat.catalina.Context deploy
INFO : Deployment of web application directory C:\Users\sword\eclipse-workspace-2021new\diytomcat\webapps\j2ee has finished in 4 ms
07 08, 2021 12:49:58 下午 cn.how2j.diytomcat.catalina.Context deploy
INFO : Deploying web application directory C:\Users\sword\eclipse-workspace-2021new\diytomcat\webapps\ROOT
07 08, 2021 12:49:58 下午 cn.how2j.diytomcat.catalina.Context deploy
INFO : Deployment of web application directory C:\Users\sword\eclipse-workspace-2021new\diytomcat\webapps\ROOT has finished in 1 ms
07 08, 2021 12:49:58 下午 cn.how2j.diytomcat.catalina.Context deploy
INFO : Deploying web application directory C:/Users/sword/eclipse-workspace-2021new/diytomcat/b
07 08, 2021 12:49:58 下午 cn.how2j.diytomcat.catalina.Context deploy
INFO : Deployment of web application directory C:/Users/sword/eclipse-workspace-2021new/diytomcat/b has finished in 1 ms
07 08, 2021 12:49:58 下午 cn.how2j.diytomcat.catalina.Context deploy
INFO : Deploying web application directory C:/Users/sword/eclipse-workspace-2021new/javaweb/web
07 08, 2021 12:49:58 下午 cn.how2j.diytomcat.catalina.Context deploy
INFO : Deployment of web application directory C:/Users/sword/eclipse-workspace-2021new/javaweb/web has finished in 2 ms
07 08, 2021 12:49:58 下午 cn.how2j.diytomcat.catalina.Server logJVM
INFO : Server version:		How2J DiyTomcat/1.0.1
07 08, 2021 12:49:58 下午 cn.how2j.diytomcat.catalina.Server logJVM
INFO : Server built:		2020-04-08 10:20:22
07 08, 2021 12:49:58 下午 cn.how2j.diytomcat.catalina.Server logJVM
INFO : Server number:		1.0.1
07 08, 2021 12:49:58 下午 cn.how2j.diytomcat.catalina.Server logJVM
INFO : OS Name	:		Windows 10
07 08, 2021 12:49:58 下午 cn.how2j.diytomcat.catalina.Server logJVM
INFO : OS Version:		10.0
07 08, 2021 12:49:58 下午 cn.how2j.diytomcat.catalina.Server logJVM
INFO : Architecture:		amd64
07 08, 2021 12:49:58 下午 cn.how2j.diytomcat.catalina.Server logJVM
INFO : Java Home:		C:\Program Files\Java\jdk1.8.0_191\jre
07 08, 2021 12:49:58 下午 cn.how2j.diytomcat.catalina.Server logJVM
INFO : JVM Version:		1.8.0_191-b12
07 08, 2021 12:49:58 下午 cn.how2j.diytomcat.catalina.Server logJVM
INFO : JVM Vendor:		Oracle Corporation
07 08, 2021 12:49:58 下午 cn.how2j.diytomcat.catalina.Connector init
INFO : Initializing ProtocolHandler [http-bio-18080]
07 08, 2021 12:49:58 下午 cn.how2j.diytomcat.catalina.Connector init
INFO : Initializing ProtocolHandler [http-bio-18081]
07 08, 2021 12:49:58 下午 cn.how2j.diytomcat.catalina.Connector init
INFO : Initializing ProtocolHandler [http-bio-18082]
07 08, 2021 12:49:58 下午 cn.how2j.diytomcat.catalina.Service init
INFO : Initialization processed in 2 ms
07 08, 2021 12:49:58 下午 cn.how2j.diytomcat.catalina.Connector start
INFO : Starting ProtocolHandler [http-bio-18080]
07 08, 2021 12:49:58 下午 cn.how2j.diytomcat.catalina.Connector start
INFO : Starting ProtocolHandler [http-bio-18081]
07 08, 2021 12:49:58 下午 cn.how2j.diytomcat.catalina.Connector start
INFO : Starting ProtocolHandler [http-bio-18082]
07 08, 2021 12:49:58 下午 cn.how2j.diytomcat.catalina.Server start
INFO : Server startup in 11 ms
07 08, 2021 12:49:58 下午 cn.how2j.diytomcat.catalina.Connector error
ERROR: Address already in use: JVM_Bind
java.net.BindException: Address already in use: JVM_Bind
	at java.net.DualStackPlainSocketImpl.bind0(Native Method)
	at java.net.DualStackPlainSocketImpl.socketBind(DualStackPlainSocketImpl.java:106)
	at java.net.AbstractPlainSocketImpl.bind(AbstractPlainSocketImpl.java:387)
	at java.net.PlainSocketImpl.bind(PlainSocketImpl.java:190)
	at java.net.ServerSocket.bind(ServerSocket.java:375)
	at java.net.ServerSocket.<init>(ServerSocket.java:237)
	at java.net.ServerSocket.<init>(ServerSocket.java:128)
	at cn.how2j.diytomcat.catalina.Connector.run(Connector.java:48)
	at java.lang.Thread.run(Thread.java:748)
07 08, 2021 12:49:58 下午 cn.how2j.diytomcat.catalina.Connector error
ERROR: Address already in use: JVM_Bind
java.net.BindException: Address already in use: JVM_Bind
	at java.net.DualStackPlainSocketImpl.bind0(Native Method)
	at java.net.DualStackPlainSocketImpl.socketBind(DualStackPlainSocketImpl.java:106)
	at java.net.AbstractPlainSocketImpl.bind(AbstractPlainSocketImpl.java:387)
	at java.net.PlainSocketImpl.bind(PlainSocketImpl.java:190)
	at java.net.ServerSocket.bind(ServerSocket.java:375)
	at java.net.ServerSocket.<init>(ServerSocket.java:237)
	at java.net.ServerSocket.<init>(ServerSocket.java:128)
	at cn.how2j.diytomcat.catalina.Connector.run(Connector.java:48)
	at java.lang.Thread.run(Thread.java:748)
07 08, 2021 12:49:58 下午 cn.how2j.diytomcat.catalina.Connector error
ERROR: Address already in use: JVM_Bind
java.net.BindException: Address already in use: JVM_Bind
	at java.net.DualStackPlainSocketImpl.bind0(Native Method)
	at java.net.DualStackPlainSocketImpl.socketBind(DualStackPlainSocketImpl.java:106)
	at java.net.AbstractPlainSocketImpl.bind(AbstractPlainSocketImpl.java:387)
	at java.net.PlainSocketImpl.bind(PlainSocketImpl.java:190)
	at java.net.ServerSocket.bind(ServerSocket.java:375)
	at java.net.ServerSocket.<init>(ServerSocket.java:237)
	at java.net.ServerSocket.<init>(ServerSocket.java:128)
	at cn.how2j.diytomcat.catalina.Connector.run(Connector.java:48)
	at java.lang.Thread.run(Thread.java:748)
07 08, 2021 12:50:12 下午 cn.how2j.diytomcat.catalina.HttpProcessor error
ERROR: File path is blank!
java.lang.NullPointerException: File path is blank!
	at cn.hutool.core.io.FileUtil.file(FileUtil.java:311)
	at cn.how2j.diytomcat.webappservlet.DefaultServlet.service(DefaultServlet.java:46)
	at cn.how2j.diytomcat.catalina.HttpProcessor.execute(HttpProcessor.java:36)
	at cn.how2j.diytomcat.catalina.Connector$1.run(Connector.java:59)
	at java.util.concurrent.ThreadPoolExecutor.runWorker(ThreadPoolExecutor.java:1149)
	at java.util.concurrent.ThreadPoolExecutor$Worker.run(ThreadPoolExecutor.java:624)
	at java.lang.Thread.run(Thread.java:748)
07 08, 2021 12:50:12 下午 cn.how2j.diytomcat.catalina.HttpProcessor error
ERROR: File path is blank!
java.lang.NullPointerException: File path is blank!
	at cn.hutool.core.io.FileUtil.file(FileUtil.java:311)
	at cn.how2j.diytomcat.webappservlet.DefaultServlet.service(DefaultServlet.java:46)
	at cn.how2j.diytomcat.catalina.HttpProcessor.execute(HttpProcessor.java:36)
	at cn.how2j.diytomcat.catalina.Connector$1.run(Connector.java:59)
	at java.util.concurrent.ThreadPoolExecutor.runWorker(ThreadPoolExecutor.java:1149)
	at java.util.concurrent.ThreadPoolExecutor$Worker.run(ThreadPoolExecutor.java:624)
	at java.lang.Thread.run(Thread.java:748)
07 08, 2021 12:50:12 下午 cn.how2j.diytomcat.catalina.HttpProcessor error
ERROR: File path is blank!
java.lang.NullPointerException: File path is blank!
	at cn.hutool.core.io.FileUtil.file(FileUtil.java:311)
	at cn.how2j.diytomcat.webappservlet.DefaultServlet.service(DefaultServlet.java:46)
	at cn.how2j.diytomcat.catalina.HttpProcessor.execute(HttpProcessor.java:36)
	at cn.how2j.diytomcat.catalina.Connector$1.run(Connector.java:59)
	at java.util.concurrent.ThreadPoolExecutor.runWorker(ThreadPoolExecutor.java:1149)
	at java.util.concurrent.ThreadPoolExecutor$Worker.run(ThreadPoolExecutor.java:624)
	at java.lang.Thread.run(Thread.java:748)
07 08, 2021 12:50:12 下午 cn.how2j.diytomcat.catalina.HttpProcessor error
ERROR: this is a deliberately created exception
java.lang.RuntimeException: this is a deliberately created exception
	at cn.how2j.diytomcat.webappservlet.DefaultServlet.service(DefaultServlet.java:40)
	at cn.how2j.diytomcat.catalina.HttpProcessor.execute(HttpProcessor.java:36)
	at cn.how2j.diytomcat.catalina.Connector$1.run(Connector.java:59)
	at java.util.concurrent.ThreadPoolExecutor.runWorker(ThreadPoolExecutor.java:1149)
	at java.util.concurrent.ThreadPoolExecutor$Worker.run(ThreadPoolExecutor.java:624)
	at java.lang.Thread.run(Thread.java:748)
07 08, 2021 12:50:12 下午 cn.how2j.diytomcat.catalina.HttpProcessor error
ERROR: File path is blank!
java.lang.NullPointerException: File path is blank!
	at cn.hutool.core.io.FileUtil.file(FileUtil.java:311)
	at cn.how2j.diytomcat.webappservlet.DefaultServlet.service(DefaultServlet.java:46)
	at cn.how2j.diytomcat.catalina.HttpProcessor.execute(HttpProcessor.java:36)
	at cn.how2j.diytomcat.catalina.Connector$1.run(Connector.java:59)
	at java.util.concurrent.ThreadPoolExecutor.runWorker(ThreadPoolExecutor.java:1149)
	at java.util.concurrent.ThreadPoolExecutor$Worker.run(ThreadPoolExecutor.java:624)
	at java.lang.Thread.run(Thread.java:748)
07 08, 2021 12:50:12 下午 cn.how2j.diytomcat.catalina.HttpProcessor error
ERROR: File path is blank!
java.lang.NullPointerException: File path is blank!
	at cn.hutool.core.io.FileUtil.file(FileUtil.java:311)
	at cn.how2j.diytomcat.webappservlet.DefaultServlet.service(DefaultServlet.java:46)
	at cn.how2j.diytomcat.catalina.HttpProcessor.execute(HttpProcessor.java:36)
	at cn.how2j.diytomcat.catalina.Connector$1.run(Connector.java:59)
	at java.util.concurrent.ThreadPoolExecutor.runWorker(ThreadPoolExecutor.java:1149)
	at java.util.concurrent.ThreadPoolExecutor$Worker.run(ThreadPoolExecutor.java:624)
	at java.lang.Thread.run(Thread.java:748)
07 08, 2021 12:50:12 下午 cn.how2j.diytomcat.catalina.HttpProcessor error
ERROR: File path is blank!
java.lang.NullPointerException: File path is blank!
	at cn.hutool.core.io.FileUtil.file(FileUtil.java:311)
	at cn.how2j.diytomcat.webappservlet.DefaultServlet.service(DefaultServlet.java:46)
	at cn.how2j.diytomcat.catalina.HttpProcessor.execute(HttpProcessor.java:36)
	at cn.how2j.diytomcat.catalina.Connector$1.run(Connector.java:59)
	at java.util.concurrent.ThreadPoolExecutor.runWorker(ThreadPoolExecutor.java:1149)
	at java.util.concurrent.ThreadPoolExecutor$Worker.run(ThreadPoolExecutor.java:624)
	at java.lang.Thread.run(Thread.java:748)
07 08, 2021 12:50:12 下午 cn.how2j.diytomcat.catalina.HttpProcessor error
ERROR: File path is blank!
java.lang.NullPointerException: File path is blank!
	at cn.hutool.core.io.FileUtil.file(FileUtil.java:311)
	at cn.how2j.diytomcat.webappservlet.DefaultServlet.service(DefaultServlet.java:46)
	at cn.how2j.diytomcat.catalina.HttpProcessor.execute(HttpProcessor.java:36)
	at cn.how2j.diytomcat.catalina.Connector$1.run(Connector.java:59)
	at java.util.concurrent.ThreadPoolExecutor.runWorker(ThreadPoolExecutor.java:1149)
	at java.util.concurrent.ThreadPoolExecutor$Worker.run(ThreadPoolExecutor.java:624)
	at java.lang.Thread.run(Thread.java:748)
07 08, 2021 12:50:12 下午 cn.how2j.diytomcat.catalina.HttpProcessor error
ERROR: File path is blank!
java.lang.NullPointerException: File path is blank!
	at cn.hutool.core.io.FileUtil.file(FileUtil.java:311)
	at cn.how2j.diytomcat.webappservlet.DefaultServlet.service(DefaultServlet.java:46)
	at cn.how2j.diytomcat.catalina.HttpProcessor.execute(HttpProcessor.java:36)
	at cn.how2j.diytomcat.catalina.Connector$1.run(Connector.java:59)
	at java.util.concurrent.ThreadPoolExecutor.runWorker(ThreadPoolExecutor.java:1149)
	at java.util.concurrent.ThreadPoolExecutor$Worker.run(ThreadPoolExecutor.java:624)
	at java.lang.Thread.run(Thread.java:748)
07 08, 2021 12:50:12 下午 cn.how2j.diytomcat.catalina.HttpProcessor error
ERROR: File path is blank!
java.lang.NullPointerException: File path is blank!
	at cn.hutool.core.io.FileUtil.file(FileUtil.java:311)
	at cn.how2j.diytomcat.webappservlet.DefaultServlet.service(DefaultServlet.java:46)
	at cn.how2j.diytomcat.catalina.HttpProcessor.execute(HttpProcessor.java:36)
	at cn.how2j.diytomcat.catalina.Connector$1.run(Connector.java:59)
	at java.util.concurrent.ThreadPoolExecutor.runWorker(ThreadPoolExecutor.java:1149)
	at java.util.concurrent.ThreadPoolExecutor$Worker.run(ThreadPoolExecutor.java:624)
	at java.lang.Thread.run(Thread.java:748)
07 08, 2021 12:50:13 下午 cn.how2j.diytomcat.catalina.HttpProcessor error
ERROR: File path is blank!
java.lang.NullPointerException: File path is blank!
	at cn.hutool.core.io.FileUtil.file(FileUtil.java:311)
	at cn.how2j.diytomcat.webappservlet.DefaultServlet.service(DefaultServlet.java:46)
	at cn.how2j.diytomcat.catalina.HttpProcessor.execute(HttpProcessor.java:36)
	at cn.how2j.diytomcat.catalina.Connector$1.run(Connector.java:59)
	at java.util.concurrent.ThreadPoolExecutor.runWorker(ThreadPoolExecutor.java:1149)
	at java.util.concurrent.ThreadPoolExecutor$Worker.run(ThreadPoolExecutor.java:624)
	at java.lang.Thread.run(Thread.java:748)
07 08, 2021 12:50:25 下午 cn.how2j.diytomcat.catalina.HttpProcessor error
ERROR: File path is blank!
java.lang.NullPointerException: File path is blank!
	at cn.hutool.core.io.FileUtil.file(FileUtil.java:311)
	at cn.how2j.diytomcat.webappservlet.DefaultServlet.service(DefaultServlet.java:46)
	at cn.how2j.diytomcat.catalina.HttpProcessor.execute(HttpProcessor.java:36)
	at cn.how2j.diytomcat.catalina.Connector$1.run(Connector.java:59)
	at java.util.concurrent.ThreadPoolExecutor.runWorker(ThreadPoolExecutor.java:1149)
	at java.util.concurrent.ThreadPoolExecutor$Worker.run(ThreadPoolExecutor.java:624)
	at java.lang.Thread.run(Thread.java:748)
07 08, 2021 12:50:25 下午 cn.how2j.diytomcat.catalina.HttpProcessor error
ERROR: File path is blank!
java.lang.NullPointerException: File path is blank!
	at cn.hutool.core.io.FileUtil.file(FileUtil.java:311)
	at cn.how2j.diytomcat.webappservlet.DefaultServlet.service(DefaultServlet.java:46)
	at cn.how2j.diytomcat.catalina.HttpProcessor.execute(HttpProcessor.java:36)
	at cn.how2j.diytomcat.catalina.Connector$1.run(Connector.java:59)
	at java.util.concurrent.ThreadPoolExecutor.runWorker(ThreadPoolExecutor.java:1149)
	at java.util.concurrent.ThreadPoolExecutor$Worker.run(ThreadPoolExecutor.java:624)
	at java.lang.Thread.run(Thread.java:748)
07 08, 2021 12:50:25 下午 cn.how2j.diytomcat.catalina.HttpProcessor error
ERROR: File path is blank!
java.lang.NullPointerException: File path is blank!
	at cn.hutool.core.io.FileUtil.file(FileUtil.java:311)
	at cn.how2j.diytomcat.webappservlet.DefaultServlet.service(DefaultServlet.java:46)
	at cn.how2j.diytomcat.catalina.HttpProcessor.execute(HttpProcessor.java:36)
	at cn.how2j.diytomcat.catalina.Connector$1.run(Connector.java:59)
	at java.util.concurrent.ThreadPoolExecutor.runWorker(ThreadPoolExecutor.java:1149)
	at java.util.concurrent.ThreadPoolExecutor$Worker.run(ThreadPoolExecutor.java:624)
	at java.lang.Thread.run(Thread.java:748)
07 08, 2021 12:50:25 下午 cn.how2j.diytomcat.catalina.HttpProcessor error
ERROR: File path is blank!
java.lang.NullPointerException: File path is blank!
	at cn.hutool.core.io.FileUtil.file(FileUtil.java:311)
	at cn.how2j.diytomcat.webappservlet.DefaultServlet.service(DefaultServlet.java:46)
	at cn.how2j.diytomcat.catalina.HttpProcessor.execute(HttpProcessor.java:36)
	at cn.how2j.diytomcat.catalina.Connector$1.run(Connector.java:59)
	at java.util.concurrent.ThreadPoolExecutor.runWorker(ThreadPoolExecutor.java:1149)
	at java.util.concurrent.ThreadPoolExecutor$Worker.run(ThreadPoolExecutor.java:624)
	at java.lang.Thread.run(Thread.java:748)
07 08, 2021 12:50:25 下午 cn.how2j.diytomcat.catalina.HttpProcessor error
ERROR: File path is blank!
java.lang.NullPointerException: File path is blank!
	at cn.hutool.core.io.FileUtil.file(FileUtil.java:311)
	at cn.how2j.diytomcat.webappservlet.DefaultServlet.service(DefaultServlet.java:46)
	at cn.how2j.diytomcat.catalina.HttpProcessor.execute(HttpProcessor.java:36)
	at cn.how2j.diytomcat.catalina.Connector$1.run(Connector.java:59)
	at java.util.concurrent.ThreadPoolExecutor.runWorker(ThreadPoolExecutor.java:1149)
	at java.util.concurrent.ThreadPoolExecutor$Worker.run(ThreadPoolExecutor.java:624)
	at java.lang.Thread.run(Thread.java:748)
07 08, 2021 12:50:25 下午 cn.how2j.diytomcat.catalina.HttpProcessor error
ERROR: File path is blank!
java.lang.NullPointerException: File path is blank!
	at cn.hutool.core.io.FileUtil.file(FileUtil.java:311)
	at cn.how2j.diytomcat.webappservlet.DefaultServlet.service(DefaultServlet.java:46)
	at cn.how2j.diytomcat.catalina.HttpProcessor.execute(HttpProcessor.java:36)
	at cn.how2j.diytomcat.catalina.Connector$1.run(Connector.java:59)
	at java.util.concurrent.ThreadPoolExecutor.runWorker(ThreadPoolExecutor.java:1149)
	at java.util.concurrent.ThreadPoolExecutor$Worker.run(ThreadPoolExecutor.java:624)
	at java.lang.Thread.run(Thread.java:748)
07 08, 2021 12:50:25 下午 cn.how2j.diytomcat.catalina.HttpProcessor error
ERROR: File path is blank!
java.lang.NullPointerException: File path is blank!
	at cn.hutool.core.io.FileUtil.file(FileUtil.java:311)
	at cn.how2j.diytomcat.webappservlet.DefaultServlet.service(DefaultServlet.java:46)
	at cn.how2j.diytomcat.catalina.HttpProcessor.execute(HttpProcessor.java:36)
	at cn.how2j.diytomcat.catalina.Connector$1.run(Connector.java:59)
	at java.util.concurrent.ThreadPoolExecutor.runWorker(ThreadPoolExecutor.java:1149)
	at java.util.concurrent.ThreadPoolExecutor$Worker.run(ThreadPoolExecutor.java:624)
	at java.lang.Thread.run(Thread.java:748)
07 08, 2021 12:50:25 下午 cn.how2j.diytomcat.catalina.HttpProcessor error
ERROR: File path is blank!
java.lang.NullPointerException: File path is blank!
	at cn.hutool.core.io.FileUtil.file(FileUtil.java:311)
	at cn.how2j.diytomcat.webappservlet.DefaultServlet.service(DefaultServlet.java:46)
	at cn.how2j.diytomcat.catalina.HttpProcessor.execute(HttpProcessor.java:36)
	at cn.how2j.diytomcat.catalina.Connector$1.run(Connector.java:59)
	at java.util.concurrent.ThreadPoolExecutor.runWorker(ThreadPoolExecutor.java:1149)
	at java.util.concurrent.ThreadPoolExecutor$Worker.run(ThreadPoolExecutor.java:624)
	at java.lang.Thread.run(Thread.java:748)
07 08, 2021 12:50:25 下午 cn.how2j.diytomcat.catalina.HttpProcessor error
ERROR: this is a deliberately created exception
java.lang.RuntimeException: this is a deliberately created exception
	at cn.how2j.diytomcat.webappservlet.DefaultServlet.service(DefaultServlet.java:40)
	at cn.how2j.diytomcat.catalina.HttpProcessor.execute(HttpProcessor.java:36)
	at cn.how2j.diytomcat.catalina.Connector$1.run(Connector.java:59)
	at java.util.concurrent.ThreadPoolExecutor.runWorker(ThreadPoolExecutor.java:1149)
	at java.util.concurrent.ThreadPoolExecutor$Worker.run(ThreadPoolExecutor.java:624)
	at java.lang.Thread.run(Thread.java:748)
07 08, 2021 12:50:25 下午 cn.how2j.diytomcat.catalina.HttpProcessor error
ERROR: File path is blank!
java.lang.NullPointerException: File path is blank!
	at cn.hutool.core.io.FileUtil.file(FileUtil.java:311)
	at cn.how2j.diytomcat.webappservlet.DefaultServlet.service(DefaultServlet.java:46)
	at cn.how2j.diytomcat.catalina.HttpProcessor.execute(HttpProcessor.java:36)
	at cn.how2j.diytomcat.catalina.Connector$1.run(Connector.java:59)
	at java.util.concurrent.ThreadPoolExecutor.runWorker(ThreadPoolExecutor.java:1149)
	at java.util.concurrent.ThreadPoolExecutor$Worker.run(ThreadPoolExecutor.java:624)
	at java.lang.Thread.run(Thread.java:748)
07 08, 2021 12:50:25 下午 cn.how2j.diytomcat.catalina.HttpProcessor error
ERROR: File path is blank!
java.lang.NullPointerException: File path is blank!
	at cn.hutool.core.io.FileUtil.file(FileUtil.java:311)
	at cn.how2j.diytomcat.webappservlet.DefaultServlet.service(DefaultServlet.java:46)
	at cn.how2j.diytomcat.catalina.HttpProcessor.execute(HttpProcessor.java:36)
	at cn.how2j.diytomcat.catalina.Connector$1.run(Connector.java:59)
	at java.util.concurrent.ThreadPoolExecutor.runWorker(ThreadPoolExecutor.java:1149)
	at java.util.concurrent.ThreadPoolExecutor$Worker.run(ThreadPoolExecutor.java:624)
	at java.lang.Thread.run(Thread.java:748)
07 08, 2021 12:50:41 下午 cn.how2j.diytomcat.catalina.HttpProcessor error
ERROR: File path is blank!
java.lang.NullPointerException: File path is blank!
	at cn.hutool.core.io.FileUtil.file(FileUtil.java:311)
	at cn.how2j.diytomcat.webappservlet.DefaultServlet.service(DefaultServlet.java:46)
	at cn.how2j.diytomcat.catalina.HttpProcessor.execute(HttpProcessor.java:36)
	at cn.how2j.diytomcat.catalina.Connector$1.run(Connector.java:59)
	at java.util.concurrent.ThreadPoolExecutor.runWorker(ThreadPoolExecutor.java:1149)
	at java.util.concurrent.ThreadPoolExecutor$Worker.run(ThreadPoolExecutor.java:624)
	at java.lang.Thread.run(Thread.java:748)
07 08, 2021 12:50:41 下午 cn.how2j.diytomcat.catalina.HttpProcessor error
ERROR: this is a deliberately created exception
java.lang.RuntimeException: this is a deliberately created exception
	at cn.how2j.diytomcat.webappservlet.DefaultServlet.service(DefaultServlet.java:40)
	at cn.how2j.diytomcat.catalina.HttpProcessor.execute(HttpProcessor.java:36)
	at cn.how2j.diytomcat.catalina.Connector$1.run(Connector.java:59)
	at java.util.concurrent.ThreadPoolExecutor.runWorker(ThreadPoolExecutor.java:1149)
	at java.util.concurrent.ThreadPoolExecutor$Worker.run(ThreadPoolExecutor.java:624)
	at java.lang.Thread.run(Thread.java:748)
07 08, 2021 12:50:41 下午 cn.how2j.diytomcat.catalina.HttpProcessor error
ERROR: File path is blank!
java.lang.NullPointerException: File path is blank!
	at cn.hutool.core.io.FileUtil.file(FileUtil.java:311)
	at cn.how2j.diytomcat.webappservlet.DefaultServlet.service(DefaultServlet.java:46)
	at cn.how2j.diytomcat.catalina.HttpProcessor.execute(HttpProcessor.java:36)
	at cn.how2j.diytomcat.catalina.Connector$1.run(Connector.java:59)
	at java.util.concurrent.ThreadPoolExecutor.runWorker(ThreadPoolExecutor.java:1149)
	at java.util.concurrent.ThreadPoolExecutor$Worker.run(ThreadPoolExecutor.java:624)
	at java.lang.Thread.run(Thread.java:748)
07 08, 2021 12:50:41 下午 cn.how2j.diytomcat.catalina.HttpProcessor error
ERROR: File path is blank!
java.lang.NullPointerException: File path is blank!
	at cn.hutool.core.io.FileUtil.file(FileUtil.java:311)
	at cn.how2j.diytomcat.webappservlet.DefaultServlet.service(DefaultServlet.java:46)
	at cn.how2j.diytomcat.catalina.HttpProcessor.execute(HttpProcessor.java:36)
	at cn.how2j.diytomcat.catalina.Connector$1.run(Connector.java:59)
	at java.util.concurrent.ThreadPoolExecutor.runWorker(ThreadPoolExecutor.java:1149)
	at java.util.concurrent.ThreadPoolExecutor$Worker.run(ThreadPoolExecutor.java:624)
	at java.lang.Thread.run(Thread.java:748)
07 08, 2021 12:50:41 下午 cn.how2j.diytomcat.catalina.HttpProcessor error
ERROR: File path is blank!
java.lang.NullPointerException: File path is blank!
	at cn.hutool.core.io.FileUtil.file(FileUtil.java:311)
	at cn.how2j.diytomcat.webappservlet.DefaultServlet.service(DefaultServlet.java:46)
	at cn.how2j.diytomcat.catalina.HttpProcessor.execute(HttpProcessor.java:36)
	at cn.how2j.diytomcat.catalina.Connector$1.run(Connector.java:59)
	at java.util.concurrent.ThreadPoolExecutor.runWorker(ThreadPoolExecutor.java:1149)
	at java.util.concurrent.ThreadPoolExecutor$Worker.run(ThreadPoolExecutor.java:624)
	at java.lang.Thread.run(Thread.java:748)
07 08, 2021 12:50:41 下午 cn.how2j.diytomcat.catalina.HttpProcessor error
ERROR: File path is blank!
java.lang.NullPointerException: File path is blank!
	at cn.hutool.core.io.FileUtil.file(FileUtil.java:311)
	at cn.how2j.diytomcat.webappservlet.DefaultServlet.service(DefaultServlet.java:46)
	at cn.how2j.diytomcat.catalina.HttpProcessor.execute(HttpProcessor.java:36)
	at cn.how2j.diytomcat.catalina.Connector$1.run(Connector.java:59)
	at java.util.concurrent.ThreadPoolExecutor.runWorker(ThreadPoolExecutor.java:1149)
	at java.util.concurrent.ThreadPoolExecutor$Worker.run(ThreadPoolExecutor.java:624)
	at java.lang.Thread.run(Thread.java:748)
07 08, 2021 12:50:41 下午 cn.how2j.diytomcat.catalina.HttpProcessor error
ERROR: File path is blank!
java.lang.NullPointerException: File path is blank!
	at cn.hutool.core.io.FileUtil.file(FileUtil.java:311)
	at cn.how2j.diytomcat.webappservlet.DefaultServlet.service(DefaultServlet.java:46)
	at cn.how2j.diytomcat.catalina.HttpProcessor.execute(HttpProcessor.java:36)
	at cn.how2j.diytomcat.catalina.Connector$1.run(Connector.java:59)
	at java.util.concurrent.ThreadPoolExecutor.runWorker(ThreadPoolExecutor.java:1149)
	at java.util.concurrent.ThreadPoolExecutor$Worker.run(ThreadPoolExecutor.java:624)
	at java.lang.Thread.run(Thread.java:748)
07 08, 2021 12:50:41 下午 cn.how2j.diytomcat.catalina.HttpProcessor error
ERROR: File path is blank!
java.lang.NullPointerException: File path is blank!
	at cn.hutool.core.io.FileUtil.file(FileUtil.java:311)
	at cn.how2j.diytomcat.webappservlet.DefaultServlet.service(DefaultServlet.java:46)
	at cn.how2j.diytomcat.catalina.HttpProcessor.execute(HttpProcessor.java:36)
	at cn.how2j.diytomcat.catalina.Connector$1.run(Connector.java:59)
	at java.util.concurrent.ThreadPoolExecutor.runWorker(ThreadPoolExecutor.java:1149)
	at java.util.concurrent.ThreadPoolExecutor$Worker.run(ThreadPoolExecutor.java:624)
	at java.lang.Thread.run(Thread.java:748)
07 08, 2021 12:50:41 下午 cn.how2j.diytomcat.catalina.HttpProcessor error
ERROR: File path is blank!
java.lang.NullPointerException: File path is blank!
	at cn.hutool.core.io.FileUtil.file(FileUtil.java:311)
	at cn.how2j.diytomcat.webappservlet.DefaultServlet.service(DefaultServlet.java:46)
	at cn.how2j.diytomcat.catalina.HttpProcessor.execute(HttpProcessor.java:36)
	at cn.how2j.diytomcat.catalina.Connector$1.run(Connector.java:59)
	at java.util.concurrent.ThreadPoolExecutor.runWorker(ThreadPoolExecutor.java:1149)
	at java.util.concurrent.ThreadPoolExecutor$Worker.run(ThreadPoolExecutor.java:624)
	at java.lang.Thread.run(Thread.java:748)
07 08, 2021 12:50:41 下午 cn.how2j.diytomcat.catalina.HttpProcessor error
ERROR: File path is blank!
java.lang.NullPointerException: File path is blank!
	at cn.hutool.core.io.FileUtil.file(FileUtil.java:311)
	at cn.how2j.diytomcat.webappservlet.DefaultServlet.service(DefaultServlet.java:46)
	at cn.how2j.diytomcat.catalina.HttpProcessor.execute(HttpProcessor.java:36)
	at cn.how2j.diytomcat.catalina.Connector$1.run(Connector.java:59)
	at java.util.concurrent.ThreadPoolExecutor.runWorker(ThreadPoolExecutor.java:1149)
	at java.util.concurrent.ThreadPoolExecutor$Worker.run(ThreadPoolExecutor.java:624)
	at java.lang.Thread.run(Thread.java:748)
07 08, 2021 12:50:41 下午 cn.how2j.diytomcat.catalina.HttpProcessor error
ERROR: File path is blank!
java.lang.NullPointerException: File path is blank!
	at cn.hutool.core.io.FileUtil.file(FileUtil.java:311)
	at cn.how2j.diytomcat.webappservlet.DefaultServlet.service(DefaultServlet.java:46)
	at cn.how2j.diytomcat.catalina.HttpProcessor.execute(HttpProcessor.java:36)
	at cn.how2j.diytomcat.catalina.Connector$1.run(Connector.java:59)
	at java.util.concurrent.ThreadPoolExecutor.runWorker(ThreadPoolExecutor.java:1149)
	at java.util.concurrent.ThreadPoolExecutor$Worker.run(ThreadPoolExecutor.java:624)
	at java.lang.Thread.run(Thread.java:748)
07 08, 2021 12:52:11 下午 cn.how2j.diytomcat.catalina.Context deploy
INFO : Deploying web application directory C:\Users\sword\eclipse-workspace-2021new\diytomcat\webapps\a
07 08, 2021 12:52:11 下午 cn.how2j.diytomcat.catalina.Context deploy
INFO : Deployment of web application directory C:\Users\sword\eclipse-workspace-2021new\diytomcat\webapps\a has finished in 95 ms
07 08, 2021 12:52:11 下午 cn.how2j.diytomcat.catalina.Context deploy
INFO : Deploying web application directory C:\Users\sword\eclipse-workspace-2021new\diytomcat\webapps\j2ee
07 08, 2021 12:52:11 下午 cn.how2j.diytomcat.catalina.Context deploy
INFO : Deployment of web application directory C:\Users\sword\eclipse-workspace-2021new\diytomcat\webapps\j2ee has finished in 3 ms
07 08, 2021 12:52:11 下午 cn.how2j.diytomcat.catalina.Context deploy
INFO : Deploying web application directory C:\Users\sword\eclipse-workspace-2021new\diytomcat\webapps\ROOT
07 08, 2021 12:52:11 下午 cn.how2j.diytomcat.catalina.Context deploy
INFO : Deployment of web application directory C:\Users\sword\eclipse-workspace-2021new\diytomcat\webapps\ROOT has finished in 1 ms
07 08, 2021 12:52:11 下午 cn.how2j.diytomcat.catalina.Context deploy
INFO : Deploying web application directory C:/Users/sword/eclipse-workspace-2021new/diytomcat/b
07 08, 2021 12:52:11 下午 cn.how2j.diytomcat.catalina.Context deploy
INFO : Deployment of web application directory C:/Users/sword/eclipse-workspace-2021new/diytomcat/b has finished in 0 ms
07 08, 2021 12:52:11 下午 cn.how2j.diytomcat.catalina.Context deploy
INFO : Deploying web application directory C:/Users/sword/eclipse-workspace-2021new/javaweb/web
07 08, 2021 12:52:11 下午 cn.how2j.diytomcat.catalina.Context deploy
INFO : Deployment of web application directory C:/Users/sword/eclipse-workspace-2021new/javaweb/web has finished in 2 ms
07 08, 2021 12:52:11 下午 cn.how2j.diytomcat.catalina.Server logJVM
INFO : Server version:		How2J DiyTomcat/1.0.1
07 08, 2021 12:52:11 下午 cn.how2j.diytomcat.catalina.Server logJVM
INFO : Server built:		2020-04-08 10:20:22
07 08, 2021 12:52:11 下午 cn.how2j.diytomcat.catalina.Server logJVM
INFO : Server number:		1.0.1
07 08, 2021 12:52:11 下午 cn.how2j.diytomcat.catalina.Server logJVM
INFO : OS Name	:		Windows 10
07 08, 2021 12:52:11 下午 cn.how2j.diytomcat.catalina.Server logJVM
INFO : OS Version:		10.0
07 08, 2021 12:52:11 下午 cn.how2j.diytomcat.catalina.Server logJVM
INFO : Architecture:		amd64
07 08, 2021 12:52:11 下午 cn.how2j.diytomcat.catalina.Server logJVM
INFO : Java Home:		C:\Program Files\Java\jdk1.8.0_191\jre
07 08, 2021 12:52:11 下午 cn.how2j.diytomcat.catalina.Server logJVM
INFO : JVM Version:		1.8.0_191-b12
07 08, 2021 12:52:11 下午 cn.how2j.diytomcat.catalina.Server logJVM
INFO : JVM Vendor:		Oracle Corporation
07 08, 2021 12:52:11 下午 cn.how2j.diytomcat.catalina.Connector init
INFO : Initializing ProtocolHandler [http-bio-18080]
07 08, 2021 12:52:11 下午 cn.how2j.diytomcat.catalina.Connector init
INFO : Initializing ProtocolHandler [http-bio-18081]
07 08, 2021 12:52:11 下午 cn.how2j.diytomcat.catalina.Connector init
INFO : Initializing ProtocolHandler [http-bio-18082]
07 08, 2021 12:52:11 下午 cn.how2j.diytomcat.catalina.Service init
INFO : Initialization processed in 1 ms
07 08, 2021 12:52:11 下午 cn.how2j.diytomcat.catalina.Connector start
INFO : Starting ProtocolHandler [http-bio-18080]
07 08, 2021 12:52:11 下午 cn.how2j.diytomcat.catalina.Connector start
INFO : Starting ProtocolHandler [http-bio-18081]
07 08, 2021 12:52:11 下午 cn.how2j.diytomcat.catalina.Connector start
INFO : Starting ProtocolHandler [http-bio-18082]
07 08, 2021 12:52:11 下午 cn.how2j.diytomcat.catalina.Server start
INFO : Server startup in 9 ms
07 08, 2021 12:52:17 下午 cn.how2j.diytomcat.catalina.HttpProcessor error
ERROR: this is a deliberately created exception
java.lang.RuntimeException: this is a deliberately created exception
	at cn.how2j.diytomcat.webappservlet.DefaultServlet.service(DefaultServlet.java:40)
	at cn.how2j.diytomcat.catalina.HttpProcessor.execute(HttpProcessor.java:36)
	at cn.how2j.diytomcat.catalina.Connector$1.run(Connector.java:59)
	at java.util.concurrent.ThreadPoolExecutor.runWorker(ThreadPoolExecutor.java:1149)
	at java.util.concurrent.ThreadPoolExecutor$Worker.run(ThreadPoolExecutor.java:624)
	at java.lang.Thread.run(Thread.java:748)
07 08, 2021 12:57:13 下午 cn.how2j.diytomcat.catalina.Context deploy
INFO : Deploying web application directory C:\Users\sword\eclipse-workspace-2021new\diytomcat\webapps\a
07 08, 2021 12:57:13 下午 cn.how2j.diytomcat.catalina.Context deploy
INFO : Deployment of web application directory C:\Users\sword\eclipse-workspace-2021new\diytomcat\webapps\a has finished in 88 ms
07 08, 2021 12:57:13 下午 cn.how2j.diytomcat.catalina.Context deploy
INFO : Deploying web application directory C:\Users\sword\eclipse-workspace-2021new\diytomcat\webapps\j2ee
07 08, 2021 12:57:13 下午 cn.how2j.diytomcat.catalina.Context deploy
INFO : Deployment of web application directory C:\Users\sword\eclipse-workspace-2021new\diytomcat\webapps\j2ee has finished in 3 ms
07 08, 2021 12:57:13 下午 cn.how2j.diytomcat.catalina.Context deploy
INFO : Deploying web application directory C:\Users\sword\eclipse-workspace-2021new\diytomcat\webapps\ROOT
07 08, 2021 12:57:13 下午 cn.how2j.diytomcat.catalina.Context deploy
INFO : Deployment of web application directory C:\Users\sword\eclipse-workspace-2021new\diytomcat\webapps\ROOT has finished in 1 ms
07 08, 2021 12:57:13 下午 cn.how2j.diytomcat.catalina.Context deploy
INFO : Deploying web application directory C:/Users/sword/eclipse-workspace-2021new/diytomcat/b
07 08, 2021 12:57:13 下午 cn.how2j.diytomcat.catalina.Context deploy
INFO : Deployment of web application directory C:/Users/sword/eclipse-workspace-2021new/diytomcat/b has finished in 1 ms
07 08, 2021 12:57:13 下午 cn.how2j.diytomcat.catalina.Context deploy
INFO : Deploying web application directory C:/Users/sword/eclipse-workspace-2021new/javaweb/web
07 08, 2021 12:57:13 下午 cn.how2j.diytomcat.catalina.Context deploy
INFO : Deployment of web application directory C:/Users/sword/eclipse-workspace-2021new/javaweb/web has finished in 2 ms
07 08, 2021 12:57:13 下午 cn.how2j.diytomcat.catalina.Server logJVM
INFO : Server version:		How2J DiyTomcat/1.0.1
07 08, 2021 12:57:13 下午 cn.how2j.diytomcat.catalina.Server logJVM
INFO : Server built:		2020-04-08 10:20:22
07 08, 2021 12:57:13 下午 cn.how2j.diytomcat.catalina.Server logJVM
INFO : Server number:		1.0.1
07 08, 2021 12:57:13 下午 cn.how2j.diytomcat.catalina.Server logJVM
INFO : OS Name	:		Windows 10
07 08, 2021 12:57:13 下午 cn.how2j.diytomcat.catalina.Server logJVM
INFO : OS Version:		10.0
07 08, 2021 12:57:13 下午 cn.how2j.diytomcat.catalina.Server logJVM
INFO : Architecture:		amd64
07 08, 2021 12:57:13 下午 cn.how2j.diytomcat.catalina.Server logJVM
INFO : Java Home:		C:\Program Files\Java\jdk1.8.0_191\jre
07 08, 2021 12:57:13 下午 cn.how2j.diytomcat.catalina.Server logJVM
INFO : JVM Version:		1.8.0_191-b12
07 08, 2021 12:57:13 下午 cn.how2j.diytomcat.catalina.Server logJVM
INFO : JVM Vendor:		Oracle Corporation
07 08, 2021 12:57:13 下午 cn.how2j.diytomcat.catalina.Connector init
INFO : Initializing ProtocolHandler [http-bio-18080]
07 08, 2021 12:57:13 下午 cn.how2j.diytomcat.catalina.Connector init
INFO : Initializing ProtocolHandler [http-bio-18081]
07 08, 2021 12:57:13 下午 cn.how2j.diytomcat.catalina.Connector init
INFO : Initializing ProtocolHandler [http-bio-18082]
07 08, 2021 12:57:13 下午 cn.how2j.diytomcat.catalina.Service init
INFO : Initialization processed in 1 ms
07 08, 2021 12:57:13 下午 cn.how2j.diytomcat.catalina.Connector start
INFO : Starting ProtocolHandler [http-bio-18080]
07 08, 2021 12:57:13 下午 cn.how2j.diytomcat.catalina.Connector start
INFO : Starting ProtocolHandler [http-bio-18081]
07 08, 2021 12:57:13 下午 cn.how2j.diytomcat.catalina.Connector start
INFO : Starting ProtocolHandler [http-bio-18082]
07 08, 2021 12:57:13 下午 cn.how2j.diytomcat.catalina.Server start
INFO : Server startup in 13 ms
07 08, 2021 12:57:18 下午 cn.how2j.diytomcat.catalina.HttpProcessor error
ERROR: this is a deliberately created exception
java.lang.RuntimeException: this is a deliberately created exception
	at cn.how2j.diytomcat.webappservlet.DefaultServlet.service(DefaultServlet.java:40)
	at cn.how2j.diytomcat.catalina.HttpProcessor.execute(HttpProcessor.java:36)
	at cn.how2j.diytomcat.catalina.Connector$1.run(Connector.java:59)
	at java.util.concurrent.ThreadPoolExecutor.runWorker(ThreadPoolExecutor.java:1149)
	at java.util.concurrent.ThreadPoolExecutor$Worker.run(ThreadPoolExecutor.java:624)
	at java.lang.Thread.run(Thread.java:748)
07 08, 2021 12:57:30 下午 cn.how2j.diytomcat.catalina.HttpProcessor error
ERROR: this is a deliberately created exception
java.lang.RuntimeException: this is a deliberately created exception
	at cn.how2j.diytomcat.webappservlet.DefaultServlet.service(DefaultServlet.java:40)
	at cn.how2j.diytomcat.catalina.HttpProcessor.execute(HttpProcessor.java:36)
	at cn.how2j.diytomcat.catalina.Connector$1.run(Connector.java:59)
	at java.util.concurrent.ThreadPoolExecutor.runWorker(ThreadPoolExecutor.java:1149)
	at java.util.concurrent.ThreadPoolExecutor$Worker.run(ThreadPoolExecutor.java:624)
	at java.lang.Thread.run(Thread.java:748)
07 08, 2021 16:56:54 下午 cn.how2j.diytomcat.catalina.Context deploy
INFO : Deploying web application directory C:\Users\sword\eclipse-workspace-2021new\diytomcat\webapps\a
07 08, 2021 16:56:55 下午 cn.how2j.diytomcat.catalina.Context deploy
INFO : Deployment of web application directory C:\Users\sword\eclipse-workspace-2021new\diytomcat\webapps\a has finished in 79 ms
07 08, 2021 16:56:55 下午 cn.how2j.diytomcat.catalina.Context deploy
INFO : Deploying web application directory C:\Users\sword\eclipse-workspace-2021new\diytomcat\webapps\j2ee
07 08, 2021 16:56:55 下午 cn.how2j.diytomcat.catalina.Context deploy
INFO : Deployment of web application directory C:\Users\sword\eclipse-workspace-2021new\diytomcat\webapps\j2ee has finished in 2 ms
07 08, 2021 16:56:55 下午 cn.how2j.diytomcat.catalina.Context deploy
INFO : Deploying web application directory C:\Users\sword\eclipse-workspace-2021new\diytomcat\webapps\ROOT
07 08, 2021 16:56:55 下午 cn.how2j.diytomcat.catalina.Context deploy
INFO : Deployment of web application directory C:\Users\sword\eclipse-workspace-2021new\diytomcat\webapps\ROOT has finished in 2 ms
07 08, 2021 16:56:55 下午 cn.how2j.diytomcat.catalina.Context deploy
INFO : Deploying web application directory C:/Users/sword/eclipse-workspace-2021new/diytomcat/b
07 08, 2021 16:56:55 下午 cn.how2j.diytomcat.catalina.Context deploy
INFO : Deployment of web application directory C:/Users/sword/eclipse-workspace-2021new/diytomcat/b has finished in 0 ms
07 08, 2021 16:56:55 下午 cn.how2j.diytomcat.catalina.Context deploy
INFO : Deploying web application directory C:/Users/sword/eclipse-workspace-2021new/javaweb/web
07 08, 2021 16:56:55 下午 cn.how2j.diytomcat.catalina.Context deploy
INFO : Deployment of web application directory C:/Users/sword/eclipse-workspace-2021new/javaweb/web has finished in 2 ms
07 08, 2021 16:56:55 下午 cn.how2j.diytomcat.catalina.Server logJVM
INFO : Server version:		How2J DiyTomcat/1.0.1
07 08, 2021 16:56:55 下午 cn.how2j.diytomcat.catalina.Server logJVM
INFO : Server built:		2020-04-08 10:20:22
07 08, 2021 16:56:55 下午 cn.how2j.diytomcat.catalina.Server logJVM
INFO : Server number:		1.0.1
07 08, 2021 16:56:55 下午 cn.how2j.diytomcat.catalina.Server logJVM
INFO : OS Name	:		Windows 10
07 08, 2021 16:56:55 下午 cn.how2j.diytomcat.catalina.Server logJVM
INFO : OS Version:		10.0
07 08, 2021 16:56:55 下午 cn.how2j.diytomcat.catalina.Server logJVM
INFO : Architecture:		amd64
07 08, 2021 16:56:55 下午 cn.how2j.diytomcat.catalina.Server logJVM
INFO : Java Home:		C:\Program Files\Java\jdk1.8.0_191\jre
07 08, 2021 16:56:55 下午 cn.how2j.diytomcat.catalina.Server logJVM
INFO : JVM Version:		1.8.0_191-b12
07 08, 2021 16:56:55 下午 cn.how2j.diytomcat.catalina.Server logJVM
INFO : JVM Vendor:		Oracle Corporation
07 08, 2021 16:56:55 下午 cn.how2j.diytomcat.catalina.Connector init
INFO : Initializing ProtocolHandler [http-bio-18080]
07 08, 2021 16:56:55 下午 cn.how2j.diytomcat.catalina.Connector init
INFO : Initializing ProtocolHandler [http-bio-18081]
07 08, 2021 16:56:55 下午 cn.how2j.diytomcat.catalina.Connector init
INFO : Initializing ProtocolHandler [http-bio-18082]
07 08, 2021 16:56:55 下午 cn.how2j.diytomcat.catalina.Service init
INFO : Initialization processed in 1 ms
07 08, 2021 16:56:55 下午 cn.how2j.diytomcat.catalina.Connector start
INFO : Starting ProtocolHandler [http-bio-18080]
07 08, 2021 16:56:55 下午 cn.how2j.diytomcat.catalina.Connector start
INFO : Starting ProtocolHandler [http-bio-18081]
07 08, 2021 16:56:55 下午 cn.how2j.diytomcat.catalina.Connector start
INFO : Starting ProtocolHandler [http-bio-18082]
07 08, 2021 16:56:55 下午 cn.how2j.diytomcat.catalina.Server start
INFO : Server startup in 10 ms
07 08, 2021 16:59:59 下午 cn.how2j.diytomcat.catalina.HttpProcessor error
ERROR: this is a deliberately created exception
java.lang.RuntimeException: this is a deliberately created exception
	at cn.how2j.diytomcat.webappservlet.DefaultServlet.service(DefaultServlet.java:40)
	at cn.how2j.diytomcat.catalina.HttpProcessor.execute(HttpProcessor.java:36)
	at cn.how2j.diytomcat.catalina.Connector$1.run(Connector.java:59)
	at java.util.concurrent.ThreadPoolExecutor.runWorker(ThreadPoolExecutor.java:1149)
	at java.util.concurrent.ThreadPoolExecutor$Worker.run(ThreadPoolExecutor.java:624)
	at java.lang.Thread.run(Thread.java:748)
07 08, 2021 17:01:30 下午 cn.how2j.diytomcat.watcher.ContextFileChangeWatcher$1 dealWith
INFO : cn.how2j.diytomcat.watcher.ContextFileChangeWatcher@431ce196 检测到了Web应用下的重要文件变化 HelloServlet.class 
07 08, 2021 17:01:30 下午 cn.how2j.diytomcat.catalina.Host reload
INFO : Reloading Context with name [/javaweb] has started
07 08, 2021 17:01:30 下午 cn.how2j.diytomcat.catalina.Context deploy
INFO : Deploying web application directory C:/Users/sword/eclipse-workspace-2021new/javaweb/web
07 08, 2021 17:01:31 下午 cn.how2j.diytomcat.catalina.Context deploy
INFO : Deployment of web application directory C:/Users/sword/eclipse-workspace-2021new/javaweb/web has finished in 2 ms
07 08, 2021 17:01:31 下午 cn.how2j.diytomcat.catalina.Host reload
INFO : Reloading Context with name [/javaweb] has completed
07 08, 2021 17:11:29 下午 cn.how2j.diytomcat.catalina.Context deploy
INFO : Deploying web application directory C:\Users\sword\eclipse-workspace-2021new\diytomcat\webapps\a
07 08, 2021 17:11:29 下午 cn.how2j.diytomcat.catalina.Context deploy
INFO : Deployment of web application directory C:\Users\sword\eclipse-workspace-2021new\diytomcat\webapps\a has finished in 85 ms
07 08, 2021 17:11:29 下午 cn.how2j.diytomcat.catalina.Context deploy
INFO : Deploying web application directory C:\Users\sword\eclipse-workspace-2021new\diytomcat\webapps\j2ee
07 08, 2021 17:11:29 下午 cn.how2j.diytomcat.catalina.Context deploy
INFO : Deployment of web application directory C:\Users\sword\eclipse-workspace-2021new\diytomcat\webapps\j2ee has finished in 4 ms
07 08, 2021 17:11:29 下午 cn.how2j.diytomcat.catalina.Context deploy
INFO : Deploying web application directory C:\Users\sword\eclipse-workspace-2021new\diytomcat\webapps\ROOT
07 08, 2021 17:11:29 下午 cn.how2j.diytomcat.catalina.Context deploy
INFO : Deployment of web application directory C:\Users\sword\eclipse-workspace-2021new\diytomcat\webapps\ROOT has finished in 1 ms
07 08, 2021 17:11:29 下午 cn.how2j.diytomcat.catalina.Context deploy
INFO : Deploying web application directory C:/Users/sword/eclipse-workspace-2021new/diytomcat/b
07 08, 2021 17:11:29 下午 cn.how2j.diytomcat.catalina.Context deploy
INFO : Deployment of web application directory C:/Users/sword/eclipse-workspace-2021new/diytomcat/b has finished in 0 ms
07 08, 2021 17:11:29 下午 cn.how2j.diytomcat.catalina.Context deploy
INFO : Deploying web application directory C:/Users/sword/eclipse-workspace-2021new/javaweb/web
07 08, 2021 17:11:29 下午 cn.how2j.diytomcat.catalina.Context deploy
INFO : Deployment of web application directory C:/Users/sword/eclipse-workspace-2021new/javaweb/web has finished in 2 ms
07 08, 2021 17:11:29 下午 cn.how2j.diytomcat.catalina.Server logJVM
INFO : Server version:		How2J DiyTomcat/1.0.1
07 08, 2021 17:11:29 下午 cn.how2j.diytomcat.catalina.Server logJVM
INFO : Server built:		2020-04-08 10:20:22
07 08, 2021 17:11:29 下午 cn.how2j.diytomcat.catalina.Server logJVM
INFO : Server number:		1.0.1
07 08, 2021 17:11:29 下午 cn.how2j.diytomcat.catalina.Server logJVM
INFO : OS Name	:		Windows 10
07 08, 2021 17:11:29 下午 cn.how2j.diytomcat.catalina.Server logJVM
INFO : OS Version:		10.0
07 08, 2021 17:11:29 下午 cn.how2j.diytomcat.catalina.Server logJVM
INFO : Architecture:		amd64
07 08, 2021 17:11:29 下午 cn.how2j.diytomcat.catalina.Server logJVM
INFO : Java Home:		C:\Program Files\Java\jdk1.8.0_191\jre
07 08, 2021 17:11:29 下午 cn.how2j.diytomcat.catalina.Server logJVM
INFO : JVM Version:		1.8.0_191-b12
07 08, 2021 17:11:29 下午 cn.how2j.diytomcat.catalina.Server logJVM
INFO : JVM Vendor:		Oracle Corporation
07 08, 2021 17:11:29 下午 cn.how2j.diytomcat.catalina.Connector init
INFO : Initializing ProtocolHandler [http-bio-18080]
07 08, 2021 17:11:29 下午 cn.how2j.diytomcat.catalina.Connector init
INFO : Initializing ProtocolHandler [http-bio-18081]
07 08, 2021 17:11:29 下午 cn.how2j.diytomcat.catalina.Connector init
INFO : Initializing ProtocolHandler [http-bio-18082]
07 08, 2021 17:11:29 下午 cn.how2j.diytomcat.catalina.Service init
INFO : Initialization processed in 2 ms
07 08, 2021 17:11:29 下午 cn.how2j.diytomcat.catalina.Connector start
INFO : Starting ProtocolHandler [http-bio-18080]
07 08, 2021 17:11:29 下午 cn.how2j.diytomcat.catalina.Connector start
INFO : Starting ProtocolHandler [http-bio-18081]
07 08, 2021 17:11:29 下午 cn.how2j.diytomcat.catalina.Connector start
INFO : Starting ProtocolHandler [http-bio-18082]
07 08, 2021 17:11:29 下午 cn.how2j.diytomcat.catalina.Server start
INFO : Server startup in 9 ms
07 08, 2021 17:11:32 下午 cn.how2j.diytomcat.catalina.HttpProcessor error
ERROR: this is a deliberately created exception
java.lang.RuntimeException: this is a deliberately created exception
	at cn.how2j.diytomcat.webappservlet.DefaultServlet.service(DefaultServlet.java:40)
	at cn.how2j.diytomcat.catalina.HttpProcessor.execute(HttpProcessor.java:36)
	at cn.how2j.diytomcat.catalina.Connector$1.run(Connector.java:59)
	at java.util.concurrent.ThreadPoolExecutor.runWorker(ThreadPoolExecutor.java:1149)
	at java.util.concurrent.ThreadPoolExecutor$Worker.run(ThreadPoolExecutor.java:624)
	at java.lang.Thread.run(Thread.java:748)
07 08, 2021 17:12:34 下午 cn.how2j.diytomcat.catalina.HttpProcessor error
ERROR: this is a deliberately created exception
java.lang.RuntimeException: this is a deliberately created exception
	at cn.how2j.diytomcat.webappservlet.DefaultServlet.service(DefaultServlet.java:40)
	at cn.how2j.diytomcat.catalina.HttpProcessor.execute(HttpProcessor.java:36)
	at cn.how2j.diytomcat.catalina.Connector$1.run(Connector.java:59)
	at java.util.concurrent.ThreadPoolExecutor.runWorker(ThreadPoolExecutor.java:1149)
	at java.util.concurrent.ThreadPoolExecutor$Worker.run(ThreadPoolExecutor.java:624)
	at java.lang.Thread.run(Thread.java:748)
07 08, 2021 17:27:48 下午 cn.how2j.diytomcat.watcher.ContextFileChangeWatcher$1 dealWith
INFO : cn.how2j.diytomcat.watcher.ContextFileChangeWatcher@246801d0 检测到了Web应用下的重要文件变化 web.xml 
07 08, 2021 17:27:48 下午 cn.how2j.diytomcat.catalina.Host reload
INFO : Reloading Context with name [/javaweb] has started
07 08, 2021 17:27:48 下午 cn.how2j.diytomcat.catalina.Context deploy
INFO : Deploying web application directory C:/Users/sword/eclipse-workspace-2021new/javaweb/web
07 08, 2021 17:27:48 下午 cn.how2j.diytomcat.catalina.Context deploy
INFO : Deployment of web application directory C:/Users/sword/eclipse-workspace-2021new/javaweb/web has finished in 2 ms
07 08, 2021 17:27:48 下午 cn.how2j.diytomcat.catalina.Host reload
INFO : Reloading Context with name [/javaweb] has completed
07 08, 2021 17:29:36 下午 cn.how2j.diytomcat.watcher.ContextFileChangeWatcher$1 dealWith
INFO : cn.how2j.diytomcat.watcher.ContextFileChangeWatcher@17e75661 检测到了Web应用下的重要文件变化 HelloServlet.class 
07 08, 2021 17:29:36 下午 cn.how2j.diytomcat.catalina.Host reload
INFO : Reloading Context with name [/javaweb] has started
07 08, 2021 17:29:36 下午 cn.how2j.diytomcat.catalina.Context deploy
INFO : Deploying web application directory C:/Users/sword/eclipse-workspace-2021new/javaweb/web
07 08, 2021 17:29:36 下午 cn.how2j.diytomcat.catalina.Context deploy
INFO : Deployment of web application directory C:/Users/sword/eclipse-workspace-2021new/javaweb/web has finished in 3 ms
07 08, 2021 17:29:36 下午 cn.how2j.diytomcat.catalina.Host reload
INFO : Reloading Context with name [/javaweb] has completed
07 08, 2021 17:46:36 下午 cn.how2j.diytomcat.catalina.Context deploy
INFO : Deploying web application directory C:\Users\sword\eclipse-workspace-2021new\diytomcat\webapps\a
07 08, 2021 17:46:36 下午 cn.how2j.diytomcat.catalina.Context deploy
INFO : Deployment of web application directory C:\Users\sword\eclipse-workspace-2021new\diytomcat\webapps\a has finished in 83 ms
07 08, 2021 17:46:36 下午 cn.how2j.diytomcat.catalina.Context deploy
INFO : Deploying web application directory C:\Users\sword\eclipse-workspace-2021new\diytomcat\webapps\j2ee
07 08, 2021 17:46:36 下午 cn.how2j.diytomcat.catalina.Context deploy
INFO : Deployment of web application directory C:\Users\sword\eclipse-workspace-2021new\diytomcat\webapps\j2ee has finished in 4 ms
07 08, 2021 17:46:36 下午 cn.how2j.diytomcat.catalina.Context deploy
INFO : Deploying web application directory C:\Users\sword\eclipse-workspace-2021new\diytomcat\webapps\ROOT
07 08, 2021 17:46:36 下午 cn.how2j.diytomcat.catalina.Context deploy
INFO : Deployment of web application directory C:\Users\sword\eclipse-workspace-2021new\diytomcat\webapps\ROOT has finished in 3 ms
07 08, 2021 17:46:36 下午 cn.how2j.diytomcat.catalina.Context deploy
INFO : Deploying web application directory C:/Users/sword/eclipse-workspace-2021new/diytomcat/b
07 08, 2021 17:46:36 下午 cn.how2j.diytomcat.catalina.Context deploy
INFO : Deployment of web application directory C:/Users/sword/eclipse-workspace-2021new/diytomcat/b has finished in 1 ms
07 08, 2021 17:46:36 下午 cn.how2j.diytomcat.catalina.Context deploy
INFO : Deploying web application directory C:/Users/sword/eclipse-workspace-2021new/javaweb/web
07 08, 2021 17:46:36 下午 cn.how2j.diytomcat.catalina.Context deploy
INFO : Deployment of web application directory C:/Users/sword/eclipse-workspace-2021new/javaweb/web has finished in 2 ms
07 08, 2021 17:46:36 下午 cn.how2j.diytomcat.catalina.Server logJVM
INFO : Server version:		How2J DiyTomcat/1.0.1
07 08, 2021 17:46:36 下午 cn.how2j.diytomcat.catalina.Server logJVM
INFO : Server built:		2020-04-08 10:20:22
07 08, 2021 17:46:36 下午 cn.how2j.diytomcat.catalina.Server logJVM
INFO : Server number:		1.0.1
07 08, 2021 17:46:36 下午 cn.how2j.diytomcat.catalina.Server logJVM
INFO : OS Name	:		Windows 10
07 08, 2021 17:46:36 下午 cn.how2j.diytomcat.catalina.Server logJVM
INFO : OS Version:		10.0
07 08, 2021 17:46:36 下午 cn.how2j.diytomcat.catalina.Server logJVM
INFO : Architecture:		amd64
07 08, 2021 17:46:36 下午 cn.how2j.diytomcat.catalina.Server logJVM
INFO : Java Home:		C:\Program Files\Java\jdk1.8.0_191\jre
07 08, 2021 17:46:36 下午 cn.how2j.diytomcat.catalina.Server logJVM
INFO : JVM Version:		1.8.0_191-b12
07 08, 2021 17:46:36 下午 cn.how2j.diytomcat.catalina.Server logJVM
INFO : JVM Vendor:		Oracle Corporation
07 08, 2021 17:46:36 下午 cn.how2j.diytomcat.catalina.Connector init
INFO : Initializing ProtocolHandler [http-bio-18080]
07 08, 2021 17:46:36 下午 cn.how2j.diytomcat.catalina.Connector init
INFO : Initializing ProtocolHandler [http-bio-18081]
07 08, 2021 17:46:36 下午 cn.how2j.diytomcat.catalina.Connector init
INFO : Initializing ProtocolHandler [http-bio-18082]
07 08, 2021 17:46:36 下午 cn.how2j.diytomcat.catalina.Service init
INFO : Initialization processed in 2 ms
07 08, 2021 17:46:36 下午 cn.how2j.diytomcat.catalina.Connector start
INFO : Starting ProtocolHandler [http-bio-18080]
07 08, 2021 17:46:36 下午 cn.how2j.diytomcat.catalina.Connector start
INFO : Starting ProtocolHandler [http-bio-18081]
07 08, 2021 17:46:36 下午 cn.how2j.diytomcat.catalina.Connector start
INFO : Starting ProtocolHandler [http-bio-18082]
07 08, 2021 17:46:36 下午 cn.how2j.diytomcat.catalina.Server start
INFO : Server startup in 11 ms
07 08, 2021 17:46:43 下午 cn.how2j.diytomcat.catalina.HttpProcessor error
ERROR: this is a deliberately created exception
java.lang.RuntimeException: this is a deliberately created exception
	at cn.how2j.diytomcat.webappservlet.DefaultServlet.service(DefaultServlet.java:40)
	at cn.how2j.diytomcat.catalina.HttpProcessor.execute(HttpProcessor.java:36)
	at cn.how2j.diytomcat.catalina.Connector$1.run(Connector.java:59)
	at java.util.concurrent.ThreadPoolExecutor.runWorker(ThreadPoolExecutor.java:1149)
	at java.util.concurrent.ThreadPoolExecutor$Worker.run(ThreadPoolExecutor.java:624)
	at java.lang.Thread.run(Thread.java:748)
07 08, 2021 18:02:36 下午 cn.how2j.diytomcat.watcher.ContextFileChangeWatcher$1 dealWith
INFO : cn.how2j.diytomcat.watcher.ContextFileChangeWatcher@7c9fa293 检测到了Web应用下的重要文件变化 web.xml 
07 08, 2021 18:02:36 下午 cn.how2j.diytomcat.catalina.Host reload
INFO : Reloading Context with name [/javaweb] has started
07 08, 2021 18:02:36 下午 cn.how2j.diytomcat.catalina.Context deploy
INFO : Deploying web application directory C:/Users/sword/eclipse-workspace-2021new/javaweb/web
07 08, 2021 18:02:36 下午 cn.how2j.diytomcat.catalina.Context deploy
INFO : Deployment of web application directory C:/Users/sword/eclipse-workspace-2021new/javaweb/web has finished in 2 ms
07 08, 2021 18:02:36 下午 cn.how2j.diytomcat.catalina.Host reload
INFO : Reloading Context with name [/javaweb] has completed
07 08, 2021 18:14:14 下午 cn.how2j.diytomcat.catalina.Context deploy
INFO : Deploying web application directory C:\Users\sword\eclipse-workspace-2021new\diytomcat\webapps\a
07 08, 2021 18:14:14 下午 cn.how2j.diytomcat.catalina.Context deploy
INFO : Deployment of web application directory C:\Users\sword\eclipse-workspace-2021new\diytomcat\webapps\a has finished in 88 ms
07 08, 2021 18:14:14 下午 cn.how2j.diytomcat.catalina.Context deploy
INFO : Deploying web application directory C:\Users\sword\eclipse-workspace-2021new\diytomcat\webapps\j2ee
07 08, 2021 18:14:14 下午 cn.how2j.diytomcat.catalina.Context deploy
INFO : Deployment of web application directory C:\Users\sword\eclipse-workspace-2021new\diytomcat\webapps\j2ee has finished in 4 ms
07 08, 2021 18:14:14 下午 cn.how2j.diytomcat.catalina.Context deploy
INFO : Deploying web application directory C:\Users\sword\eclipse-workspace-2021new\diytomcat\webapps\ROOT
07 08, 2021 18:14:14 下午 cn.how2j.diytomcat.catalina.Context deploy
INFO : Deployment of web application directory C:\Users\sword\eclipse-workspace-2021new\diytomcat\webapps\ROOT has finished in 1 ms
07 08, 2021 18:14:14 下午 cn.how2j.diytomcat.catalina.Context deploy
INFO : Deploying web application directory C:/Users/sword/eclipse-workspace-2021new/diytomcat/b
07 08, 2021 18:14:14 下午 cn.how2j.diytomcat.catalina.Context deploy
INFO : Deployment of web application directory C:/Users/sword/eclipse-workspace-2021new/diytomcat/b has finished in 1 ms
07 08, 2021 18:14:14 下午 cn.how2j.diytomcat.catalina.Context deploy
INFO : Deploying web application directory C:/Users/sword/eclipse-workspace-2021new/javaweb/web
07 08, 2021 18:14:14 下午 cn.how2j.diytomcat.catalina.Context deploy
INFO : Deployment of web application directory C:/Users/sword/eclipse-workspace-2021new/javaweb/web has finished in 4 ms
07 08, 2021 18:14:14 下午 cn.how2j.diytomcat.catalina.Server logJVM
INFO : Server version:		How2J DiyTomcat/1.0.1
07 08, 2021 18:14:14 下午 cn.how2j.diytomcat.catalina.Server logJVM
INFO : Server built:		2020-04-08 10:20:22
07 08, 2021 18:14:14 下午 cn.how2j.diytomcat.catalina.Server logJVM
INFO : Server number:		1.0.1
07 08, 2021 18:14:14 下午 cn.how2j.diytomcat.catalina.Server logJVM
INFO : OS Name	:		Windows 10
07 08, 2021 18:14:14 下午 cn.how2j.diytomcat.catalina.Server logJVM
INFO : OS Version:		10.0
07 08, 2021 18:14:14 下午 cn.how2j.diytomcat.catalina.Server logJVM
INFO : Architecture:		amd64
07 08, 2021 18:14:14 下午 cn.how2j.diytomcat.catalina.Server logJVM
INFO : Java Home:		C:\Program Files\Java\jdk1.8.0_191\jre
07 08, 2021 18:14:14 下午 cn.how2j.diytomcat.catalina.Server logJVM
INFO : JVM Version:		1.8.0_191-b12
07 08, 2021 18:14:14 下午 cn.how2j.diytomcat.catalina.Server logJVM
INFO : JVM Vendor:		Oracle Corporation
07 08, 2021 18:14:14 下午 cn.how2j.diytomcat.catalina.Connector init
INFO : Initializing ProtocolHandler [http-bio-18080]
07 08, 2021 18:14:14 下午 cn.how2j.diytomcat.catalina.Connector init
INFO : Initializing ProtocolHandler [http-bio-18081]
07 08, 2021 18:14:14 下午 cn.how2j.diytomcat.catalina.Connector init
INFO : Initializing ProtocolHandler [http-bio-18082]
07 08, 2021 18:14:14 下午 cn.how2j.diytomcat.catalina.Service init
INFO : Initialization processed in 3 ms
07 08, 2021 18:14:14 下午 cn.how2j.diytomcat.catalina.Connector start
INFO : Starting ProtocolHandler [http-bio-18080]
07 08, 2021 18:14:14 下午 cn.how2j.diytomcat.catalina.Connector start
INFO : Starting ProtocolHandler [http-bio-18081]
07 08, 2021 18:14:14 下午 cn.how2j.diytomcat.catalina.Connector start
INFO : Starting ProtocolHandler [http-bio-18082]
07 08, 2021 18:14:14 下午 cn.how2j.diytomcat.catalina.Server start
INFO : Server startup in 12 ms
07 08, 2021 18:14:31 下午 cn.how2j.diytomcat.catalina.Context deploy
INFO : Deploying web application directory C:\Users\sword\eclipse-workspace-2021new\diytomcat\webapps\a
07 08, 2021 18:14:31 下午 cn.how2j.diytomcat.catalina.Context deploy
INFO : Deployment of web application directory C:\Users\sword\eclipse-workspace-2021new\diytomcat\webapps\a has finished in 85 ms
07 08, 2021 18:14:31 下午 cn.how2j.diytomcat.catalina.Context deploy
INFO : Deploying web application directory C:\Users\sword\eclipse-workspace-2021new\diytomcat\webapps\j2ee
07 08, 2021 18:14:31 下午 cn.how2j.diytomcat.catalina.Context deploy
INFO : Deployment of web application directory C:\Users\sword\eclipse-workspace-2021new\diytomcat\webapps\j2ee has finished in 3 ms
07 08, 2021 18:14:31 下午 cn.how2j.diytomcat.catalina.Context deploy
INFO : Deploying web application directory C:\Users\sword\eclipse-workspace-2021new\diytomcat\webapps\ROOT
07 08, 2021 18:14:31 下午 cn.how2j.diytomcat.catalina.Context deploy
INFO : Deployment of web application directory C:\Users\sword\eclipse-workspace-2021new\diytomcat\webapps\ROOT has finished in 3 ms
07 08, 2021 18:14:31 下午 cn.how2j.diytomcat.catalina.Context deploy
INFO : Deploying web application directory C:/Users/sword/eclipse-workspace-2021new/diytomcat/b
07 08, 2021 18:14:31 下午 cn.how2j.diytomcat.catalina.Context deploy
INFO : Deployment of web application directory C:/Users/sword/eclipse-workspace-2021new/diytomcat/b has finished in 1 ms
07 08, 2021 18:14:31 下午 cn.how2j.diytomcat.catalina.Context deploy
INFO : Deploying web application directory C:/Users/sword/eclipse-workspace-2021new/javaweb/web
07 08, 2021 18:14:31 下午 cn.how2j.diytomcat.catalina.Context deploy
INFO : Deployment of web application directory C:/Users/sword/eclipse-workspace-2021new/javaweb/web has finished in 9 ms
07 08, 2021 18:14:31 下午 cn.how2j.diytomcat.catalina.Server logJVM
INFO : Server version:		How2J DiyTomcat/1.0.1
07 08, 2021 18:14:31 下午 cn.how2j.diytomcat.catalina.Server logJVM
INFO : Server built:		2020-04-08 10:20:22
07 08, 2021 18:14:31 下午 cn.how2j.diytomcat.catalina.Server logJVM
INFO : Server number:		1.0.1
07 08, 2021 18:14:31 下午 cn.how2j.diytomcat.catalina.Server logJVM
INFO : OS Name	:		Windows 10
07 08, 2021 18:14:31 下午 cn.how2j.diytomcat.catalina.Server logJVM
INFO : OS Version:		10.0
07 08, 2021 18:14:31 下午 cn.how2j.diytomcat.catalina.Server logJVM
INFO : Architecture:		amd64
07 08, 2021 18:14:31 下午 cn.how2j.diytomcat.catalina.Server logJVM
INFO : Java Home:		C:\Program Files\Java\jdk1.8.0_191\jre
07 08, 2021 18:14:31 下午 cn.how2j.diytomcat.catalina.Server logJVM
INFO : JVM Version:		1.8.0_191-b12
07 08, 2021 18:14:31 下午 cn.how2j.diytomcat.catalina.Server logJVM
INFO : JVM Vendor:		Oracle Corporation
07 08, 2021 18:14:31 下午 cn.how2j.diytomcat.catalina.Connector init
INFO : Initializing ProtocolHandler [http-bio-18080]
07 08, 2021 18:14:31 下午 cn.how2j.diytomcat.catalina.Connector init
INFO : Initializing ProtocolHandler [http-bio-18081]
07 08, 2021 18:14:31 下午 cn.how2j.diytomcat.catalina.Connector init
INFO : Initializing ProtocolHandler [http-bio-18082]
07 08, 2021 18:14:31 下午 cn.how2j.diytomcat.catalina.Service init
INFO : Initialization processed in 4 ms
07 08, 2021 18:14:31 下午 cn.how2j.diytomcat.catalina.Connector start
INFO : Starting ProtocolHandler [http-bio-18080]
07 08, 2021 18:14:31 下午 cn.how2j.diytomcat.catalina.Connector start
INFO : Starting ProtocolHandler [http-bio-18081]
07 08, 2021 18:14:31 下午 cn.how2j.diytomcat.catalina.Connector start
INFO : Starting ProtocolHandler [http-bio-18082]
07 08, 2021 18:14:31 下午 cn.how2j.diytomcat.catalina.Server start
INFO : Server startup in 15 ms
07 08, 2021 18:27:39 下午 cn.how2j.diytomcat.catalina.Context deploy
INFO : Deploying web application directory C:\Users\sword\eclipse-workspace-2021new\diytomcat\webapps\a
07 08, 2021 18:27:39 下午 cn.how2j.diytomcat.catalina.Context deploy
INFO : Deployment of web application directory C:\Users\sword\eclipse-workspace-2021new\diytomcat\webapps\a has finished in 86 ms
07 08, 2021 18:27:39 下午 cn.how2j.diytomcat.catalina.Context deploy
INFO : Deploying web application directory C:\Users\sword\eclipse-workspace-2021new\diytomcat\webapps\j2ee
07 08, 2021 18:27:39 下午 cn.how2j.diytomcat.catalina.Context deploy
INFO : Deployment of web application directory C:\Users\sword\eclipse-workspace-2021new\diytomcat\webapps\j2ee has finished in 4 ms
07 08, 2021 18:27:39 下午 cn.how2j.diytomcat.catalina.Context deploy
INFO : Deploying web application directory C:\Users\sword\eclipse-workspace-2021new\diytomcat\webapps\ROOT
07 08, 2021 18:27:39 下午 cn.how2j.diytomcat.catalina.Context deploy
INFO : Deployment of web application directory C:\Users\sword\eclipse-workspace-2021new\diytomcat\webapps\ROOT has finished in 1 ms
07 08, 2021 18:27:39 下午 cn.how2j.diytomcat.catalina.Context deploy
INFO : Deploying web application directory C:/Users/sword/eclipse-workspace-2021new/diytomcat/b
07 08, 2021 18:27:39 下午 cn.how2j.diytomcat.catalina.Context deploy
INFO : Deployment of web application directory C:/Users/sword/eclipse-workspace-2021new/diytomcat/b has finished in 0 ms
07 08, 2021 18:27:39 下午 cn.how2j.diytomcat.catalina.Context deploy
INFO : Deploying web application directory C:/Users/sword/eclipse-workspace-2021new/javaweb/web
07 08, 2021 18:27:39 下午 cn.how2j.diytomcat.catalina.Context deploy
INFO : Deployment of web application directory C:/Users/sword/eclipse-workspace-2021new/javaweb/web has finished in 9 ms
07 08, 2021 18:27:39 下午 cn.how2j.diytomcat.catalina.Server logJVM
INFO : Server version:		How2J DiyTomcat/1.0.1
07 08, 2021 18:27:39 下午 cn.how2j.diytomcat.catalina.Server logJVM
INFO : Server built:		2020-04-08 10:20:22
07 08, 2021 18:27:39 下午 cn.how2j.diytomcat.catalina.Server logJVM
INFO : Server number:		1.0.1
07 08, 2021 18:27:39 下午 cn.how2j.diytomcat.catalina.Server logJVM
INFO : OS Name	:		Windows 10
07 08, 2021 18:27:39 下午 cn.how2j.diytomcat.catalina.Server logJVM
INFO : OS Version:		10.0
07 08, 2021 18:27:39 下午 cn.how2j.diytomcat.catalina.Server logJVM
INFO : Architecture:		amd64
07 08, 2021 18:27:39 下午 cn.how2j.diytomcat.catalina.Server logJVM
INFO : Java Home:		C:\Program Files\Java\jdk1.8.0_191\jre
07 08, 2021 18:27:39 下午 cn.how2j.diytomcat.catalina.Server logJVM
INFO : JVM Version:		1.8.0_191-b12
07 08, 2021 18:27:39 下午 cn.how2j.diytomcat.catalina.Server logJVM
INFO : JVM Vendor:		Oracle Corporation
07 08, 2021 18:27:39 下午 cn.how2j.diytomcat.catalina.Connector init
INFO : Initializing ProtocolHandler [http-bio-18080]
07 08, 2021 18:27:39 下午 cn.how2j.diytomcat.catalina.Connector init
INFO : Initializing ProtocolHandler [http-bio-18081]
07 08, 2021 18:27:39 下午 cn.how2j.diytomcat.catalina.Connector init
INFO : Initializing ProtocolHandler [http-bio-18082]
07 08, 2021 18:27:39 下午 cn.how2j.diytomcat.catalina.Service init
INFO : Initialization processed in 1 ms
07 08, 2021 18:27:39 下午 cn.how2j.diytomcat.catalina.Connector start
INFO : Starting ProtocolHandler [http-bio-18080]
07 08, 2021 18:27:39 下午 cn.how2j.diytomcat.catalina.Connector start
INFO : Starting ProtocolHandler [http-bio-18081]
07 08, 2021 18:27:39 下午 cn.how2j.diytomcat.catalina.Connector start
INFO : Starting ProtocolHandler [http-bio-18082]
07 08, 2021 18:27:39 下午 cn.how2j.diytomcat.catalina.Server start
INFO : Server startup in 10 ms
07 08, 2021 18:40:30 下午 cn.how2j.diytomcat.watcher.ContextFileChangeWatcher$1 dealWith
INFO : cn.how2j.diytomcat.watcher.ContextFileChangeWatcher@7b0791b1 检测到了Web应用下的重要文件变化 web.xml 
07 08, 2021 18:40:30 下午 cn.how2j.diytomcat.catalina.Host reload
INFO : Reloading Context with name [/javaweb] has started
07 08, 2021 18:40:30 下午 cn.how2j.diytomcat.catalina.Context deploy
INFO : Deploying web application directory C:/Users/sword/eclipse-workspace-2021new/javaweb/web
07 08, 2021 18:40:30 下午 cn.how2j.diytomcat.catalina.Context deploy
INFO : Deployment of web application directory C:/Users/sword/eclipse-workspace-2021new/javaweb/web has finished in 7 ms
07 08, 2021 18:40:30 下午 cn.how2j.diytomcat.catalina.Host reload
INFO : Reloading Context with name [/javaweb] has completed
07 08, 2021 19:44:25 下午 cn.how2j.diytomcat.catalina.Context deploy
INFO : Deploying web application directory C:\Users\sword\eclipse-workspace-2021new\diytomcat\webapps\a
07 08, 2021 19:44:25 下午 cn.how2j.diytomcat.catalina.Context deploy
INFO : Deployment of web application directory C:\Users\sword\eclipse-workspace-2021new\diytomcat\webapps\a has finished in 84 ms
07 08, 2021 19:44:25 下午 cn.how2j.diytomcat.catalina.Context deploy
INFO : Deploying web application directory C:\Users\sword\eclipse-workspace-2021new\diytomcat\webapps\j2ee
07 08, 2021 19:44:25 下午 cn.how2j.diytomcat.catalina.Context deploy
INFO : Deployment of web application directory C:\Users\sword\eclipse-workspace-2021new\diytomcat\webapps\j2ee has finished in 5 ms
07 08, 2021 19:44:25 下午 cn.how2j.diytomcat.catalina.Context deploy
INFO : Deploying web application directory C:\Users\sword\eclipse-workspace-2021new\diytomcat\webapps\ROOT
07 08, 2021 19:44:25 下午 cn.how2j.diytomcat.catalina.Context deploy
INFO : Deployment of web application directory C:\Users\sword\eclipse-workspace-2021new\diytomcat\webapps\ROOT has finished in 1 ms
07 08, 2021 19:44:25 下午 cn.how2j.diytomcat.catalina.Context deploy
INFO : Deploying web application directory C:/Users/sword/eclipse-workspace-2021new/diytomcat/b
07 08, 2021 19:44:25 下午 cn.how2j.diytomcat.catalina.Context deploy
INFO : Deployment of web application directory C:/Users/sword/eclipse-workspace-2021new/diytomcat/b has finished in 0 ms
07 08, 2021 19:44:25 下午 cn.how2j.diytomcat.catalina.Context deploy
INFO : Deploying web application directory C:/Users/sword/eclipse-workspace-2021new/javaweb/web
07 08, 2021 19:44:25 下午 cn.how2j.diytomcat.catalina.Context deploy
INFO : Deployment of web application directory C:/Users/sword/eclipse-workspace-2021new/javaweb/web has finished in 10 ms
07 08, 2021 19:44:25 下午 cn.how2j.diytomcat.catalina.Server logJVM
INFO : Server version:		How2J DiyTomcat/1.0.1
07 08, 2021 19:44:25 下午 cn.how2j.diytomcat.catalina.Server logJVM
INFO : Server built:		2020-04-08 10:20:22
07 08, 2021 19:44:25 下午 cn.how2j.diytomcat.catalina.Server logJVM
INFO : Server number:		1.0.1
07 08, 2021 19:44:25 下午 cn.how2j.diytomcat.catalina.Server logJVM
INFO : OS Name	:		Windows 10
07 08, 2021 19:44:25 下午 cn.how2j.diytomcat.catalina.Server logJVM
INFO : OS Version:		10.0
07 08, 2021 19:44:25 下午 cn.how2j.diytomcat.catalina.Server logJVM
INFO : Architecture:		amd64
07 08, 2021 19:44:25 下午 cn.how2j.diytomcat.catalina.Server logJVM
INFO : Java Home:		C:\Program Files\Java\jdk1.8.0_191\jre
07 08, 2021 19:44:25 下午 cn.how2j.diytomcat.catalina.Server logJVM
INFO : JVM Version:		1.8.0_191-b12
07 08, 2021 19:44:25 下午 cn.how2j.diytomcat.catalina.Server logJVM
INFO : JVM Vendor:		Oracle Corporation
07 08, 2021 19:44:25 下午 cn.how2j.diytomcat.catalina.Connector init
INFO : Initializing ProtocolHandler [http-bio-18080]
07 08, 2021 19:44:25 下午 cn.how2j.diytomcat.catalina.Connector init
INFO : Initializing ProtocolHandler [http-bio-18081]
07 08, 2021 19:44:25 下午 cn.how2j.diytomcat.catalina.Connector init
INFO : Initializing ProtocolHandler [http-bio-18082]
07 08, 2021 19:44:25 下午 cn.how2j.diytomcat.catalina.Service init
INFO : Initialization processed in 1 ms
07 08, 2021 19:44:25 下午 cn.how2j.diytomcat.catalina.Connector start
INFO : Starting ProtocolHandler [http-bio-18080]
07 08, 2021 19:44:25 下午 cn.how2j.diytomcat.catalina.Connector start
INFO : Starting ProtocolHandler [http-bio-18081]
07 08, 2021 19:44:25 下午 cn.how2j.diytomcat.catalina.Connector start
INFO : Starting ProtocolHandler [http-bio-18082]
07 08, 2021 19:44:25 下午 cn.how2j.diytomcat.catalina.Server start
INFO : Server startup in 10 ms
07 08, 2021 19:44:25 下午 cn.how2j.diytomcat.catalina.HttpProcessor error
ERROR: this is a deliberately created exception
java.lang.RuntimeException: this is a deliberately created exception
	at cn.how2j.diytomcat.webappservlet.DefaultServlet.service(DefaultServlet.java:40)
	at cn.how2j.diytomcat.catalina.HttpProcessor.execute(HttpProcessor.java:36)
	at cn.how2j.diytomcat.catalina.Connector$1.run(Connector.java:59)
	at java.util.concurrent.ThreadPoolExecutor.runWorker(ThreadPoolExecutor.java:1149)
	at java.util.concurrent.ThreadPoolExecutor$Worker.run(ThreadPoolExecutor.java:624)
	at java.lang.Thread.run(Thread.java:748)
07 08, 2021 19:46:25 下午 cn.how2j.diytomcat.catalina.Context deploy
INFO : Deploying web application directory C:\Users\sword\eclipse-workspace-2021new\diytomcat\webapps\a
07 08, 2021 19:46:25 下午 cn.how2j.diytomcat.catalina.Context deploy
INFO : Deployment of web application directory C:\Users\sword\eclipse-workspace-2021new\diytomcat\webapps\a has finished in 89 ms
07 08, 2021 19:46:25 下午 cn.how2j.diytomcat.catalina.Context deploy
INFO : Deploying web application directory C:\Users\sword\eclipse-workspace-2021new\diytomcat\webapps\j2ee
07 08, 2021 19:46:25 下午 cn.how2j.diytomcat.catalina.Context deploy
INFO : Deployment of web application directory C:\Users\sword\eclipse-workspace-2021new\diytomcat\webapps\j2ee has finished in 4 ms
07 08, 2021 19:46:25 下午 cn.how2j.diytomcat.catalina.Context deploy
INFO : Deploying web application directory C:\Users\sword\eclipse-workspace-2021new\diytomcat\webapps\ROOT
07 08, 2021 19:46:25 下午 cn.how2j.diytomcat.catalina.Context deploy
INFO : Deployment of web application directory C:\Users\sword\eclipse-workspace-2021new\diytomcat\webapps\ROOT has finished in 1 ms
07 08, 2021 19:46:25 下午 cn.how2j.diytomcat.catalina.Context deploy
INFO : Deploying web application directory C:/Users/sword/eclipse-workspace-2021new/diytomcat/b
07 08, 2021 19:46:25 下午 cn.how2j.diytomcat.catalina.Context deploy
INFO : Deployment of web application directory C:/Users/sword/eclipse-workspace-2021new/diytomcat/b has finished in 0 ms
07 08, 2021 19:46:25 下午 cn.how2j.diytomcat.catalina.Context deploy
INFO : Deploying web application directory C:/Users/sword/eclipse-workspace-2021new/javaweb/web
07 08, 2021 19:46:25 下午 cn.how2j.diytomcat.catalina.Context deploy
INFO : Deployment of web application directory C:/Users/sword/eclipse-workspace-2021new/javaweb/web has finished in 9 ms
07 08, 2021 19:46:25 下午 cn.how2j.diytomcat.catalina.Server logJVM
INFO : Server version:		How2J DiyTomcat/1.0.1
07 08, 2021 19:46:25 下午 cn.how2j.diytomcat.catalina.Server logJVM
INFO : Server built:		2020-04-08 10:20:22
07 08, 2021 19:46:25 下午 cn.how2j.diytomcat.catalina.Server logJVM
INFO : Server number:		1.0.1
07 08, 2021 19:46:25 下午 cn.how2j.diytomcat.catalina.Server logJVM
INFO : OS Name	:		Windows 10
07 08, 2021 19:46:25 下午 cn.how2j.diytomcat.catalina.Server logJVM
INFO : OS Version:		10.0
07 08, 2021 19:46:25 下午 cn.how2j.diytomcat.catalina.Server logJVM
INFO : Architecture:		amd64
07 08, 2021 19:46:25 下午 cn.how2j.diytomcat.catalina.Server logJVM
INFO : Java Home:		C:\Program Files\Java\jdk1.8.0_191\jre
07 08, 2021 19:46:25 下午 cn.how2j.diytomcat.catalina.Server logJVM
INFO : JVM Version:		1.8.0_191-b12
07 08, 2021 19:46:25 下午 cn.how2j.diytomcat.catalina.Server logJVM
INFO : JVM Vendor:		Oracle Corporation
07 08, 2021 19:46:25 下午 cn.how2j.diytomcat.catalina.Connector init
INFO : Initializing ProtocolHandler [http-bio-18080]
07 08, 2021 19:46:25 下午 cn.how2j.diytomcat.catalina.Connector init
INFO : Initializing ProtocolHandler [http-bio-18081]
07 08, 2021 19:46:25 下午 cn.how2j.diytomcat.catalina.Connector init
INFO : Initializing ProtocolHandler [http-bio-18082]
07 08, 2021 19:46:25 下午 cn.how2j.diytomcat.catalina.Service init
INFO : Initialization processed in 1 ms
07 08, 2021 19:46:25 下午 cn.how2j.diytomcat.catalina.Connector start
INFO : Starting ProtocolHandler [http-bio-18080]
07 08, 2021 19:46:25 下午 cn.how2j.diytomcat.catalina.Connector start
INFO : Starting ProtocolHandler [http-bio-18081]
07 08, 2021 19:46:25 下午 cn.how2j.diytomcat.catalina.Connector start
INFO : Starting ProtocolHandler [http-bio-18082]
07 08, 2021 19:46:25 下午 cn.how2j.diytomcat.catalina.Server start
INFO : Server startup in 10 ms
07 08, 2021 19:46:28 下午 cn.how2j.diytomcat.catalina.HttpProcessor error
ERROR: this is a deliberately created exception
java.lang.RuntimeException: this is a deliberately created exception
	at cn.how2j.diytomcat.webappservlet.DefaultServlet.service(DefaultServlet.java:40)
	at cn.how2j.diytomcat.catalina.HttpProcessor.execute(HttpProcessor.java:36)
	at cn.how2j.diytomcat.catalina.Connector$1.run(Connector.java:59)
	at java.util.concurrent.ThreadPoolExecutor.runWorker(ThreadPoolExecutor.java:1149)
	at java.util.concurrent.ThreadPoolExecutor$Worker.run(ThreadPoolExecutor.java:624)
	at java.lang.Thread.run(Thread.java:748)
07 08, 2021 20:13:51 下午 cn.how2j.diytomcat.watcher.ContextFileChangeWatcher$1 dealWith
INFO : cn.how2j.diytomcat.watcher.ContextFileChangeWatcher@28497a35 检测到了Web应用下的重要文件变化 HeaderServlet.class 
07 08, 2021 20:13:51 下午 cn.how2j.diytomcat.catalina.Host reload
INFO : Reloading Context with name [/javaweb] has started
07 08, 2021 20:13:51 下午 cn.how2j.diytomcat.catalina.Context deploy
INFO : Deploying web application directory C:/Users/sword/eclipse-workspace-2021new/javaweb/web
07 08, 2021 20:13:51 下午 cn.how2j.diytomcat.catalina.Context deploy
INFO : Deployment of web application directory C:/Users/sword/eclipse-workspace-2021new/javaweb/web has finished in 8 ms
07 08, 2021 20:13:51 下午 cn.how2j.diytomcat.catalina.Host reload
INFO : Reloading Context with name [/javaweb] has completed
07 08, 2021 20:14:19 下午 cn.how2j.diytomcat.watcher.ContextFileChangeWatcher$1 dealWith
INFO : cn.how2j.diytomcat.watcher.ContextFileChangeWatcher@41fbc4ba 检测到了Web应用下的重要文件变化 web.xml 
07 08, 2021 20:14:19 下午 cn.how2j.diytomcat.catalina.Host reload
INFO : Reloading Context with name [/javaweb] has started
07 08, 2021 20:14:19 下午 cn.how2j.diytomcat.catalina.Context deploy
INFO : Deploying web application directory C:/Users/sword/eclipse-workspace-2021new/javaweb/web
07 08, 2021 20:14:19 下午 cn.how2j.diytomcat.catalina.Context deploy
INFO : Deployment of web application directory C:/Users/sword/eclipse-workspace-2021new/javaweb/web has finished in 4 ms
07 08, 2021 20:14:19 下午 cn.how2j.diytomcat.catalina.Host reload
INFO : Reloading Context with name [/javaweb] has completed
07 08, 2021 20:14:47 下午 cn.how2j.diytomcat.catalina.Context deploy
INFO : Deploying web application directory C:\Users\sword\eclipse-workspace-2021new\diytomcat\webapps\a
07 08, 2021 20:14:47 下午 cn.how2j.diytomcat.catalina.Context deploy
INFO : Deployment of web application directory C:\Users\sword\eclipse-workspace-2021new\diytomcat\webapps\a has finished in 83 ms
07 08, 2021 20:14:47 下午 cn.how2j.diytomcat.catalina.Context deploy
INFO : Deploying web application directory C:\Users\sword\eclipse-workspace-2021new\diytomcat\webapps\j2ee
07 08, 2021 20:14:47 下午 cn.how2j.diytomcat.catalina.Context deploy
INFO : Deployment of web application directory C:\Users\sword\eclipse-workspace-2021new\diytomcat\webapps\j2ee has finished in 4 ms
07 08, 2021 20:14:47 下午 cn.how2j.diytomcat.catalina.Context deploy
INFO : Deploying web application directory C:\Users\sword\eclipse-workspace-2021new\diytomcat\webapps\ROOT
07 08, 2021 20:14:47 下午 cn.how2j.diytomcat.catalina.Context deploy
INFO : Deployment of web application directory C:\Users\sword\eclipse-workspace-2021new\diytomcat\webapps\ROOT has finished in 2 ms
07 08, 2021 20:14:47 下午 cn.how2j.diytomcat.catalina.Context deploy
INFO : Deploying web application directory C:/Users/sword/eclipse-workspace-2021new/diytomcat/b
07 08, 2021 20:14:47 下午 cn.how2j.diytomcat.catalina.Context deploy
INFO : Deployment of web application directory C:/Users/sword/eclipse-workspace-2021new/diytomcat/b has finished in 1 ms
07 08, 2021 20:14:47 下午 cn.how2j.diytomcat.catalina.Context deploy
INFO : Deploying web application directory C:/Users/sword/eclipse-workspace-2021new/javaweb/web
07 08, 2021 20:14:47 下午 cn.how2j.diytomcat.catalina.Context deploy
INFO : Deployment of web application directory C:/Users/sword/eclipse-workspace-2021new/javaweb/web has finished in 9 ms
07 08, 2021 20:14:47 下午 cn.how2j.diytomcat.catalina.Server logJVM
INFO : Server version:		How2J DiyTomcat/1.0.1
07 08, 2021 20:14:47 下午 cn.how2j.diytomcat.catalina.Server logJVM
INFO : Server built:		2020-04-08 10:20:22
07 08, 2021 20:14:47 下午 cn.how2j.diytomcat.catalina.Server logJVM
INFO : Server number:		1.0.1
07 08, 2021 20:14:47 下午 cn.how2j.diytomcat.catalina.Server logJVM
INFO : OS Name	:		Windows 10
07 08, 2021 20:14:47 下午 cn.how2j.diytomcat.catalina.Server logJVM
INFO : OS Version:		10.0
07 08, 2021 20:14:47 下午 cn.how2j.diytomcat.catalina.Server logJVM
INFO : Architecture:		amd64
07 08, 2021 20:14:47 下午 cn.how2j.diytomcat.catalina.Server logJVM
INFO : Java Home:		C:\Program Files\Java\jdk1.8.0_191\jre
07 08, 2021 20:14:47 下午 cn.how2j.diytomcat.catalina.Server logJVM
INFO : JVM Version:		1.8.0_191-b12
07 08, 2021 20:14:47 下午 cn.how2j.diytomcat.catalina.Server logJVM
INFO : JVM Vendor:		Oracle Corporation
07 08, 2021 20:14:47 下午 cn.how2j.diytomcat.catalina.Connector init
INFO : Initializing ProtocolHandler [http-bio-18080]
07 08, 2021 20:14:47 下午 cn.how2j.diytomcat.catalina.Connector init
INFO : Initializing ProtocolHandler [http-bio-18081]
07 08, 2021 20:14:47 下午 cn.how2j.diytomcat.catalina.Connector init
INFO : Initializing ProtocolHandler [http-bio-18082]
07 08, 2021 20:14:47 下午 cn.how2j.diytomcat.catalina.Service init
INFO : Initialization processed in 1 ms
07 08, 2021 20:14:47 下午 cn.how2j.diytomcat.catalina.Connector start
INFO : Starting ProtocolHandler [http-bio-18080]
07 08, 2021 20:14:47 下午 cn.how2j.diytomcat.catalina.Connector start
INFO : Starting ProtocolHandler [http-bio-18081]
07 08, 2021 20:14:47 下午 cn.how2j.diytomcat.catalina.Connector start
INFO : Starting ProtocolHandler [http-bio-18082]
07 08, 2021 20:14:47 下午 cn.how2j.diytomcat.catalina.Server start
INFO : Server startup in 8 ms
07 08, 2021 20:14:53 下午 cn.how2j.diytomcat.catalina.HttpProcessor error
ERROR: this is a deliberately created exception
java.lang.RuntimeException: this is a deliberately created exception
	at cn.how2j.diytomcat.webappservlet.DefaultServlet.service(DefaultServlet.java:40)
	at cn.how2j.diytomcat.catalina.HttpProcessor.execute(HttpProcessor.java:36)
	at cn.how2j.diytomcat.catalina.Connector$1.run(Connector.java:59)
	at java.util.concurrent.ThreadPoolExecutor.runWorker(ThreadPoolExecutor.java:1149)
	at java.util.concurrent.ThreadPoolExecutor$Worker.run(ThreadPoolExecutor.java:624)
	at java.lang.Thread.run(Thread.java:748)
