07 10, 2021 14:29:14 下午 cn.how2j.diytomcat.catalina.Context deploy
INFO : Deploying web application directory C:\Users\sword\eclipse-workspace-2021new\diytomcat\webapps\a
07 10, 2021 14:29:14 下午 cn.how2j.diytomcat.catalina.Context deploy
INFO : Deployment of web application directory C:\Users\sword\eclipse-workspace-2021new\diytomcat\webapps\a has finished in 142 ms
07 10, 2021 14:29:14 下午 cn.how2j.diytomcat.catalina.Context deploy
INFO : Deploying web application directory C:\Users\sword\eclipse-workspace-2021new\diytomcat\webapps\j2ee
07 10, 2021 14:29:14 下午 cn.how2j.diytomcat.catalina.Context deploy
INFO : Deployment of web application directory C:\Users\sword\eclipse-workspace-2021new\diytomcat\webapps\j2ee has finished in 6 ms
07 10, 2021 14:29:14 下午 cn.how2j.diytomcat.catalina.Context deploy
INFO : Deploying web application directory C:\Users\sword\eclipse-workspace-2021new\diytomcat\webapps\ROOT
07 10, 2021 14:29:14 下午 cn.how2j.diytomcat.catalina.Context deploy
INFO : Deployment of web application directory C:\Users\sword\eclipse-workspace-2021new\diytomcat\webapps\ROOT has finished in 2 ms
07 10, 2021 14:29:14 下午 cn.how2j.diytomcat.catalina.Context deploy
INFO : Deploying web application directory C:/Users/sword/eclipse-workspace-2021new/diytomcat/b
07 10, 2021 14:29:14 下午 cn.how2j.diytomcat.catalina.Context deploy
INFO : Deployment of web application directory C:/Users/sword/eclipse-workspace-2021new/diytomcat/b has finished in 0 ms
07 10, 2021 14:29:14 下午 cn.how2j.diytomcat.catalina.Context deploy
INFO : Deploying web application directory C:/Users/sword/eclipse-workspace-2021new/javaweb/web
07 10, 2021 14:29:14 下午 cn.how2j.diytomcat.catalina.Context deploy
INFO : Deployment of web application directory C:/Users/sword/eclipse-workspace-2021new/javaweb/web has finished in 21 ms
07 10, 2021 14:29:14 下午 cn.how2j.diytomcat.catalina.Server logJVM
INFO : Server version:		How2J DiyTomcat/1.0.1
07 10, 2021 14:29:14 下午 cn.how2j.diytomcat.catalina.Server logJVM
INFO : Server built:		2020-04-08 10:20:22
07 10, 2021 14:29:14 下午 cn.how2j.diytomcat.catalina.Server logJVM
INFO : Server number:		1.0.1
07 10, 2021 14:29:14 下午 cn.how2j.diytomcat.catalina.Server logJVM
INFO : OS Name	:		Windows 10
07 10, 2021 14:29:14 下午 cn.how2j.diytomcat.catalina.Server logJVM
INFO : OS Version:		10.0
07 10, 2021 14:29:14 下午 cn.how2j.diytomcat.catalina.Server logJVM
INFO : Architecture:		amd64
07 10, 2021 14:29:14 下午 cn.how2j.diytomcat.catalina.Server logJVM
INFO : Java Home:		C:\Program Files\Java\jdk1.8.0_191\jre
07 10, 2021 14:29:14 下午 cn.how2j.diytomcat.catalina.Server logJVM
INFO : JVM Version:		1.8.0_191-b12
07 10, 2021 14:29:14 下午 cn.how2j.diytomcat.catalina.Server logJVM
INFO : JVM Vendor:		Oracle Corporation
07 10, 2021 14:29:14 下午 cn.how2j.diytomcat.catalina.Connector init
INFO : Initializing ProtocolHandler [http-bio-18080]
07 10, 2021 14:29:14 下午 cn.how2j.diytomcat.catalina.Connector init
INFO : Initializing ProtocolHandler [http-bio-18081]
07 10, 2021 14:29:14 下午 cn.how2j.diytomcat.catalina.Connector init
INFO : Initializing ProtocolHandler [http-bio-18082]
07 10, 2021 14:29:14 下午 cn.how2j.diytomcat.catalina.Service init
INFO : Initialization processed in 7 ms
07 10, 2021 14:29:14 下午 cn.how2j.diytomcat.catalina.Connector start
INFO : Starting ProtocolHandler [http-bio-18080]
07 10, 2021 14:29:14 下午 cn.how2j.diytomcat.catalina.Connector start
INFO : Starting ProtocolHandler [http-bio-18081]
07 10, 2021 14:29:14 下午 cn.how2j.diytomcat.catalina.Connector start
INFO : Starting ProtocolHandler [http-bio-18082]
07 10, 2021 14:29:14 下午 cn.how2j.diytomcat.catalina.Server start
INFO : Server startup in 48 ms
07 10, 2021 14:29:20 下午 cn.how2j.diytomcat.catalina.HttpProcessor error
ERROR: this is a deliberately created exception
java.lang.RuntimeException: this is a deliberately created exception
	at cn.how2j.diytomcat.webappservlet.DefaultServlet.service(DefaultServlet.java:40)
	at cn.how2j.diytomcat.catalina.HttpProcessor.execute(HttpProcessor.java:41)
	at cn.how2j.diytomcat.catalina.Connector$1.run(Connector.java:59)
	at java.util.concurrent.ThreadPoolExecutor.runWorker(ThreadPoolExecutor.java:1149)
	at java.util.concurrent.ThreadPoolExecutor$Worker.run(ThreadPoolExecutor.java:624)
	at java.lang.Thread.run(Thread.java:748)
07 10, 2021 14:30:00 下午 cn.how2j.diytomcat.catalina.HttpProcessor error
ERROR: this is a deliberately created exception
java.lang.RuntimeException: this is a deliberately created exception
	at cn.how2j.diytomcat.webappservlet.DefaultServlet.service(DefaultServlet.java:40)
	at cn.how2j.diytomcat.catalina.HttpProcessor.execute(HttpProcessor.java:41)
	at cn.how2j.diytomcat.catalina.Connector$1.run(Connector.java:59)
	at java.util.concurrent.ThreadPoolExecutor.runWorker(ThreadPoolExecutor.java:1149)
	at java.util.concurrent.ThreadPoolExecutor$Worker.run(ThreadPoolExecutor.java:624)
	at java.lang.Thread.run(Thread.java:748)
07 10, 2021 14:34:40 下午 cn.how2j.diytomcat.catalina.Context deploy
INFO : Deploying web application directory C:\Users\sword\eclipse-workspace-2021new\diytomcat\webapps\a
07 10, 2021 14:34:40 下午 cn.how2j.diytomcat.catalina.Context deploy
INFO : Deployment of web application directory C:\Users\sword\eclipse-workspace-2021new\diytomcat\webapps\a has finished in 94 ms
07 10, 2021 14:34:40 下午 cn.how2j.diytomcat.catalina.Context deploy
INFO : Deploying web application directory C:\Users\sword\eclipse-workspace-2021new\diytomcat\webapps\j2ee
07 10, 2021 14:34:40 下午 cn.how2j.diytomcat.catalina.Context deploy
INFO : Deployment of web application directory C:\Users\sword\eclipse-workspace-2021new\diytomcat\webapps\j2ee has finished in 4 ms
07 10, 2021 14:34:40 下午 cn.how2j.diytomcat.catalina.Context deploy
INFO : Deploying web application directory C:\Users\sword\eclipse-workspace-2021new\diytomcat\webapps\ROOT
07 10, 2021 14:34:40 下午 cn.how2j.diytomcat.catalina.Context deploy
INFO : Deployment of web application directory C:\Users\sword\eclipse-workspace-2021new\diytomcat\webapps\ROOT has finished in 2 ms
07 10, 2021 14:34:40 下午 cn.how2j.diytomcat.catalina.Context deploy
INFO : Deploying web application directory C:/Users/sword/eclipse-workspace-2021new/diytomcat/b
07 10, 2021 14:34:40 下午 cn.how2j.diytomcat.catalina.Context deploy
INFO : Deployment of web application directory C:/Users/sword/eclipse-workspace-2021new/diytomcat/b has finished in 0 ms
07 10, 2021 14:34:40 下午 cn.how2j.diytomcat.catalina.Context deploy
INFO : Deploying web application directory C:/Users/sword/eclipse-workspace-2021new/javaweb/web
07 10, 2021 14:34:40 下午 cn.how2j.diytomcat.catalina.Context deploy
INFO : Deployment of web application directory C:/Users/sword/eclipse-workspace-2021new/javaweb/web has finished in 14 ms
07 10, 2021 14:34:40 下午 cn.how2j.diytomcat.catalina.Server logJVM
INFO : Server version:		How2J DiyTomcat/1.0.1
07 10, 2021 14:34:40 下午 cn.how2j.diytomcat.catalina.Server logJVM
INFO : Server built:		2020-04-08 10:20:22
07 10, 2021 14:34:40 下午 cn.how2j.diytomcat.catalina.Server logJVM
INFO : Server number:		1.0.1
07 10, 2021 14:34:40 下午 cn.how2j.diytomcat.catalina.Server logJVM
INFO : OS Name	:		Windows 10
07 10, 2021 14:34:40 下午 cn.how2j.diytomcat.catalina.Server logJVM
INFO : OS Version:		10.0
07 10, 2021 14:34:40 下午 cn.how2j.diytomcat.catalina.Server logJVM
INFO : Architecture:		amd64
07 10, 2021 14:34:40 下午 cn.how2j.diytomcat.catalina.Server logJVM
INFO : Java Home:		C:\Program Files\Java\jdk1.8.0_191\jre
07 10, 2021 14:34:40 下午 cn.how2j.diytomcat.catalina.Server logJVM
INFO : JVM Version:		1.8.0_191-b12
07 10, 2021 14:34:40 下午 cn.how2j.diytomcat.catalina.Server logJVM
INFO : JVM Vendor:		Oracle Corporation
07 10, 2021 14:34:40 下午 cn.how2j.diytomcat.catalina.Connector init
INFO : Initializing ProtocolHandler [http-bio-18080]
07 10, 2021 14:34:40 下午 cn.how2j.diytomcat.catalina.Connector init
INFO : Initializing ProtocolHandler [http-bio-18081]
07 10, 2021 14:34:40 下午 cn.how2j.diytomcat.catalina.Connector init
INFO : Initializing ProtocolHandler [http-bio-18082]
07 10, 2021 14:34:40 下午 cn.how2j.diytomcat.catalina.Service init
INFO : Initialization processed in 2 ms
07 10, 2021 14:34:40 下午 cn.how2j.diytomcat.catalina.Connector start
INFO : Starting ProtocolHandler [http-bio-18080]
07 10, 2021 14:34:40 下午 cn.how2j.diytomcat.catalina.Connector start
INFO : Starting ProtocolHandler [http-bio-18081]
07 10, 2021 14:34:40 下午 cn.how2j.diytomcat.catalina.Connector start
INFO : Starting ProtocolHandler [http-bio-18082]
07 10, 2021 14:34:40 下午 cn.how2j.diytomcat.catalina.Server start
INFO : Server startup in 14 ms
07 10, 2021 14:34:44 下午 cn.how2j.diytomcat.catalina.HttpProcessor error
ERROR: this is a deliberately created exception
java.lang.RuntimeException: this is a deliberately created exception
	at cn.how2j.diytomcat.webappservlet.DefaultServlet.service(DefaultServlet.java:40)
	at cn.how2j.diytomcat.catalina.HttpProcessor.execute(HttpProcessor.java:43)
	at cn.how2j.diytomcat.catalina.Connector$1.run(Connector.java:59)
	at java.util.concurrent.ThreadPoolExecutor.runWorker(ThreadPoolExecutor.java:1149)
	at java.util.concurrent.ThreadPoolExecutor$Worker.run(ThreadPoolExecutor.java:624)
	at java.lang.Thread.run(Thread.java:748)
07 10, 2021 14:35:15 下午 cn.how2j.diytomcat.catalina.HttpProcessor error
ERROR: this is a deliberately created exception
java.lang.RuntimeException: this is a deliberately created exception
	at cn.how2j.diytomcat.webappservlet.DefaultServlet.service(DefaultServlet.java:40)
	at cn.how2j.diytomcat.catalina.HttpProcessor.execute(HttpProcessor.java:43)
	at cn.how2j.diytomcat.catalina.Connector$1.run(Connector.java:59)
	at java.util.concurrent.ThreadPoolExecutor.runWorker(ThreadPoolExecutor.java:1149)
	at java.util.concurrent.ThreadPoolExecutor$Worker.run(ThreadPoolExecutor.java:624)
	at java.lang.Thread.run(Thread.java:748)
07 10, 2021 14:54:20 下午 cn.how2j.diytomcat.watcher.ContextFileChangeWatcher$1 dealWith
INFO : cn.how2j.diytomcat.watcher.ContextFileChangeWatcher@28497a35 检测到了Web应用下的重要文件变化 SetSessionServlet.class 
07 10, 2021 14:54:20 下午 cn.how2j.diytomcat.catalina.Host reload
INFO : Reloading Context with name [/javaweb] has started
07 10, 2021 14:54:20 下午 cn.how2j.diytomcat.catalina.Context deploy
INFO : Deploying web application directory C:/Users/sword/eclipse-workspace-2021new/javaweb/web
07 10, 2021 14:54:20 下午 cn.how2j.diytomcat.catalina.Context deploy
INFO : Deployment of web application directory C:/Users/sword/eclipse-workspace-2021new/javaweb/web has finished in 8 ms
07 10, 2021 14:54:20 下午 cn.how2j.diytomcat.catalina.Host reload
INFO : Reloading Context with name [/javaweb] has completed
07 10, 2021 16:57:31 下午 cn.how2j.diytomcat.catalina.Context deploy
INFO : Deploying web application directory C:\Users\sword\eclipse-workspace-2021new\diytomcat\webapps\a
07 10, 2021 16:57:31 下午 cn.how2j.diytomcat.catalina.Context deploy
INFO : Deployment of web application directory C:\Users\sword\eclipse-workspace-2021new\diytomcat\webapps\a has finished in 121 ms
07 10, 2021 16:57:31 下午 cn.how2j.diytomcat.catalina.Context deploy
INFO : Deploying web application directory C:\Users\sword\eclipse-workspace-2021new\diytomcat\webapps\j2ee
07 10, 2021 16:57:31 下午 cn.how2j.diytomcat.catalina.Context deploy
INFO : Deployment of web application directory C:\Users\sword\eclipse-workspace-2021new\diytomcat\webapps\j2ee has finished in 7 ms
07 10, 2021 16:57:31 下午 cn.how2j.diytomcat.catalina.Context deploy
INFO : Deploying web application directory C:\Users\sword\eclipse-workspace-2021new\diytomcat\webapps\ROOT
07 10, 2021 16:57:31 下午 cn.how2j.diytomcat.catalina.Context deploy
INFO : Deployment of web application directory C:\Users\sword\eclipse-workspace-2021new\diytomcat\webapps\ROOT has finished in 4 ms
07 10, 2021 16:57:31 下午 cn.how2j.diytomcat.catalina.Context deploy
INFO : Deploying web application directory C:/Users/sword/eclipse-workspace-2021new/diytomcat/b
07 10, 2021 16:57:31 下午 cn.how2j.diytomcat.catalina.Context deploy
INFO : Deployment of web application directory C:/Users/sword/eclipse-workspace-2021new/diytomcat/b has finished in 0 ms
07 10, 2021 16:57:31 下午 cn.how2j.diytomcat.catalina.Context deploy
INFO : Deploying web application directory C:/Users/sword/eclipse-workspace-2021new/javaweb/web
07 10, 2021 16:57:31 下午 cn.how2j.diytomcat.catalina.Context deploy
INFO : Deployment of web application directory C:/Users/sword/eclipse-workspace-2021new/javaweb/web has finished in 18 ms
07 10, 2021 16:57:31 下午 cn.how2j.diytomcat.catalina.Server logJVM
INFO : Server version:		How2J DiyTomcat/1.0.1
07 10, 2021 16:57:31 下午 cn.how2j.diytomcat.catalina.Server logJVM
INFO : Server built:		2020-04-08 10:20:22
07 10, 2021 16:57:31 下午 cn.how2j.diytomcat.catalina.Server logJVM
INFO : Server number:		1.0.1
07 10, 2021 16:57:31 下午 cn.how2j.diytomcat.catalina.Server logJVM
INFO : OS Name	:		Windows 10
07 10, 2021 16:57:31 下午 cn.how2j.diytomcat.catalina.Server logJVM
INFO : OS Version:		10.0
07 10, 2021 16:57:31 下午 cn.how2j.diytomcat.catalina.Server logJVM
INFO : Architecture:		amd64
07 10, 2021 16:57:31 下午 cn.how2j.diytomcat.catalina.Server logJVM
INFO : Java Home:		C:\Program Files\Java\jdk1.8.0_191\jre
07 10, 2021 16:57:31 下午 cn.how2j.diytomcat.catalina.Server logJVM
INFO : JVM Version:		1.8.0_191-b12
07 10, 2021 16:57:31 下午 cn.how2j.diytomcat.catalina.Server logJVM
INFO : JVM Vendor:		Oracle Corporation
07 10, 2021 16:57:31 下午 cn.how2j.diytomcat.catalina.Connector init
INFO : Initializing ProtocolHandler [http-bio-18080]
07 10, 2021 16:57:31 下午 cn.how2j.diytomcat.catalina.Connector init
INFO : Initializing ProtocolHandler [http-bio-18081]
07 10, 2021 16:57:31 下午 cn.how2j.diytomcat.catalina.Connector init
INFO : Initializing ProtocolHandler [http-bio-18082]
07 10, 2021 16:57:31 下午 cn.how2j.diytomcat.catalina.Service init
INFO : Initialization processed in 3 ms
07 10, 2021 16:57:31 下午 cn.how2j.diytomcat.catalina.Connector start
INFO : Starting ProtocolHandler [http-bio-18080]
07 10, 2021 16:57:31 下午 cn.how2j.diytomcat.catalina.Connector start
INFO : Starting ProtocolHandler [http-bio-18081]
07 10, 2021 16:57:31 下午 cn.how2j.diytomcat.catalina.Connector start
INFO : Starting ProtocolHandler [http-bio-18082]
07 10, 2021 16:57:31 下午 cn.how2j.diytomcat.catalina.Server start
INFO : Server startup in 18 ms
07 10, 2021 16:57:37 下午 cn.how2j.diytomcat.catalina.HttpProcessor error
ERROR: this is a deliberately created exception
java.lang.RuntimeException: this is a deliberately created exception
	at cn.how2j.diytomcat.webappservlet.DefaultServlet.service(DefaultServlet.java:40)
	at cn.how2j.diytomcat.catalina.HttpProcessor.execute(HttpProcessor.java:43)
	at cn.how2j.diytomcat.catalina.Connector$1.run(Connector.java:87)
	at java.util.concurrent.ThreadPoolExecutor.runWorker(ThreadPoolExecutor.java:1149)
	at java.util.concurrent.ThreadPoolExecutor$Worker.run(ThreadPoolExecutor.java:624)
	at java.lang.Thread.run(Thread.java:748)
07 10, 2021 16:58:10 下午 cn.how2j.diytomcat.catalina.HttpProcessor error
ERROR: this is a deliberately created exception
java.lang.RuntimeException: this is a deliberately created exception
	at cn.how2j.diytomcat.webappservlet.DefaultServlet.service(DefaultServlet.java:40)
	at cn.how2j.diytomcat.catalina.HttpProcessor.execute(HttpProcessor.java:43)
	at cn.how2j.diytomcat.catalina.Connector$1.run(Connector.java:87)
	at java.util.concurrent.ThreadPoolExecutor.runWorker(ThreadPoolExecutor.java:1149)
	at java.util.concurrent.ThreadPoolExecutor$Worker.run(ThreadPoolExecutor.java:624)
	at java.lang.Thread.run(Thread.java:748)
07 10, 2021 16:58:40 下午 cn.how2j.diytomcat.catalina.Context deploy
INFO : Deploying web application directory C:\Users\sword\eclipse-workspace-2021new\diytomcat\webapps\a
07 10, 2021 16:58:40 下午 cn.how2j.diytomcat.catalina.Context deploy
INFO : Deployment of web application directory C:\Users\sword\eclipse-workspace-2021new\diytomcat\webapps\a has finished in 109 ms
07 10, 2021 16:58:40 下午 cn.how2j.diytomcat.catalina.Context deploy
INFO : Deploying web application directory C:\Users\sword\eclipse-workspace-2021new\diytomcat\webapps\j2ee
07 10, 2021 16:58:40 下午 cn.how2j.diytomcat.catalina.Context deploy
INFO : Deployment of web application directory C:\Users\sword\eclipse-workspace-2021new\diytomcat\webapps\j2ee has finished in 4 ms
07 10, 2021 16:58:40 下午 cn.how2j.diytomcat.catalina.Context deploy
INFO : Deploying web application directory C:\Users\sword\eclipse-workspace-2021new\diytomcat\webapps\ROOT
07 10, 2021 16:58:40 下午 cn.how2j.diytomcat.catalina.Context deploy
INFO : Deployment of web application directory C:\Users\sword\eclipse-workspace-2021new\diytomcat\webapps\ROOT has finished in 0 ms
07 10, 2021 16:58:40 下午 cn.how2j.diytomcat.catalina.Context deploy
INFO : Deploying web application directory C:/Users/sword/eclipse-workspace-2021new/diytomcat/b
07 10, 2021 16:58:40 下午 cn.how2j.diytomcat.catalina.Context deploy
INFO : Deployment of web application directory C:/Users/sword/eclipse-workspace-2021new/diytomcat/b has finished in 1 ms
07 10, 2021 16:58:40 下午 cn.how2j.diytomcat.catalina.Context deploy
INFO : Deploying web application directory C:/Users/sword/eclipse-workspace-2021new/javaweb/web
07 10, 2021 16:58:40 下午 cn.how2j.diytomcat.catalina.Context deploy
INFO : Deployment of web application directory C:/Users/sword/eclipse-workspace-2021new/javaweb/web has finished in 19 ms
07 10, 2021 16:58:40 下午 cn.how2j.diytomcat.catalina.Server logJVM
INFO : Server version:		How2J DiyTomcat/1.0.1
07 10, 2021 16:58:40 下午 cn.how2j.diytomcat.catalina.Server logJVM
INFO : Server built:		2020-04-08 10:20:22
07 10, 2021 16:58:40 下午 cn.how2j.diytomcat.catalina.Server logJVM
INFO : Server number:		1.0.1
07 10, 2021 16:58:40 下午 cn.how2j.diytomcat.catalina.Server logJVM
INFO : OS Name	:		Windows 10
07 10, 2021 16:58:40 下午 cn.how2j.diytomcat.catalina.Server logJVM
INFO : OS Version:		10.0
07 10, 2021 16:58:40 下午 cn.how2j.diytomcat.catalina.Server logJVM
INFO : Architecture:		amd64
07 10, 2021 16:58:40 下午 cn.how2j.diytomcat.catalina.Server logJVM
INFO : Java Home:		C:\Program Files\Java\jdk1.8.0_191\jre
07 10, 2021 16:58:40 下午 cn.how2j.diytomcat.catalina.Server logJVM
INFO : JVM Version:		1.8.0_191-b12
07 10, 2021 16:58:40 下午 cn.how2j.diytomcat.catalina.Server logJVM
INFO : JVM Vendor:		Oracle Corporation
07 10, 2021 16:58:40 下午 cn.how2j.diytomcat.catalina.Connector init
INFO : Initializing ProtocolHandler [http-bio-18080]
07 10, 2021 16:58:40 下午 cn.how2j.diytomcat.catalina.Connector init
INFO : Initializing ProtocolHandler [http-bio-18081]
07 10, 2021 16:58:40 下午 cn.how2j.diytomcat.catalina.Connector init
INFO : Initializing ProtocolHandler [http-bio-18082]
07 10, 2021 16:58:40 下午 cn.how2j.diytomcat.catalina.Service init
INFO : Initialization processed in 4 ms
07 10, 2021 16:58:40 下午 cn.how2j.diytomcat.catalina.Connector start
INFO : Starting ProtocolHandler [http-bio-18080]
07 10, 2021 16:58:40 下午 cn.how2j.diytomcat.catalina.Connector start
INFO : Starting ProtocolHandler [http-bio-18081]
07 10, 2021 16:58:40 下午 cn.how2j.diytomcat.catalina.Connector start
INFO : Starting ProtocolHandler [http-bio-18082]
07 10, 2021 16:58:40 下午 cn.how2j.diytomcat.catalina.Server start
INFO : Server startup in 44 ms
07 10, 2021 16:58:43 下午 cn.how2j.diytomcat.catalina.HttpProcessor error
ERROR: this is a deliberately created exception
java.lang.RuntimeException: this is a deliberately created exception
	at cn.how2j.diytomcat.webappservlet.DefaultServlet.service(DefaultServlet.java:40)
	at cn.how2j.diytomcat.catalina.HttpProcessor.execute(HttpProcessor.java:43)
	at cn.how2j.diytomcat.catalina.Connector$1.run(Connector.java:87)
	at java.util.concurrent.ThreadPoolExecutor.runWorker(ThreadPoolExecutor.java:1149)
	at java.util.concurrent.ThreadPoolExecutor$Worker.run(ThreadPoolExecutor.java:624)
	at java.lang.Thread.run(Thread.java:748)
07 10, 2021 17:02:34 下午 cn.how2j.diytomcat.catalina.HttpProcessor error
ERROR: this is a deliberately created exception
java.lang.RuntimeException: this is a deliberately created exception
	at cn.how2j.diytomcat.webappservlet.DefaultServlet.service(DefaultServlet.java:40)
	at cn.how2j.diytomcat.catalina.HttpProcessor.execute(HttpProcessor.java:43)
	at cn.how2j.diytomcat.catalina.Connector$1.run(Connector.java:87)
	at java.util.concurrent.ThreadPoolExecutor.runWorker(ThreadPoolExecutor.java:1149)
	at java.util.concurrent.ThreadPoolExecutor$Worker.run(ThreadPoolExecutor.java:624)
	at java.lang.Thread.run(Thread.java:748)
07 10, 2021 17:03:02 下午 cn.how2j.diytomcat.catalina.HttpProcessor error
ERROR: this is a deliberately created exception
java.lang.RuntimeException: this is a deliberately created exception
	at cn.how2j.diytomcat.webappservlet.DefaultServlet.service(DefaultServlet.java:40)
	at cn.how2j.diytomcat.catalina.HttpProcessor.execute(HttpProcessor.java:43)
	at cn.how2j.diytomcat.catalina.Connector$1.run(Connector.java:87)
	at java.util.concurrent.ThreadPoolExecutor.runWorker(ThreadPoolExecutor.java:1149)
	at java.util.concurrent.ThreadPoolExecutor$Worker.run(ThreadPoolExecutor.java:624)
	at java.lang.Thread.run(Thread.java:748)
07 10, 2021 17:03:25 下午 cn.how2j.diytomcat.catalina.HttpProcessor error
ERROR: this is a deliberately created exception
java.lang.RuntimeException: this is a deliberately created exception
	at cn.how2j.diytomcat.webappservlet.DefaultServlet.service(DefaultServlet.java:40)
	at cn.how2j.diytomcat.catalina.HttpProcessor.execute(HttpProcessor.java:43)
	at cn.how2j.diytomcat.catalina.Connector$1.run(Connector.java:87)
	at java.util.concurrent.ThreadPoolExecutor.runWorker(ThreadPoolExecutor.java:1149)
	at java.util.concurrent.ThreadPoolExecutor$Worker.run(ThreadPoolExecutor.java:624)
	at java.lang.Thread.run(Thread.java:748)
07 10, 2021 17:03:37 下午 cn.how2j.diytomcat.catalina.HttpProcessor error
ERROR: this is a deliberately created exception
java.lang.RuntimeException: this is a deliberately created exception
	at cn.how2j.diytomcat.webappservlet.DefaultServlet.service(DefaultServlet.java:40)
	at cn.how2j.diytomcat.catalina.HttpProcessor.execute(HttpProcessor.java:43)
	at cn.how2j.diytomcat.catalina.Connector$1.run(Connector.java:87)
	at java.util.concurrent.ThreadPoolExecutor.runWorker(ThreadPoolExecutor.java:1149)
	at java.util.concurrent.ThreadPoolExecutor$Worker.run(ThreadPoolExecutor.java:624)
	at java.lang.Thread.run(Thread.java:748)
07 10, 2021 17:03:46 下午 cn.how2j.diytomcat.catalina.HttpProcessor error
ERROR: this is a deliberately created exception
java.lang.RuntimeException: this is a deliberately created exception
	at cn.how2j.diytomcat.webappservlet.DefaultServlet.service(DefaultServlet.java:40)
	at cn.how2j.diytomcat.catalina.HttpProcessor.execute(HttpProcessor.java:43)
	at cn.how2j.diytomcat.catalina.Connector$1.run(Connector.java:87)
	at java.util.concurrent.ThreadPoolExecutor.runWorker(ThreadPoolExecutor.java:1149)
	at java.util.concurrent.ThreadPoolExecutor$Worker.run(ThreadPoolExecutor.java:624)
	at java.lang.Thread.run(Thread.java:748)
07 10, 2021 17:03:59 下午 cn.how2j.diytomcat.catalina.HttpProcessor error
ERROR: this is a deliberately created exception
java.lang.RuntimeException: this is a deliberately created exception
	at cn.how2j.diytomcat.webappservlet.DefaultServlet.service(DefaultServlet.java:40)
	at cn.how2j.diytomcat.catalina.HttpProcessor.execute(HttpProcessor.java:43)
	at cn.how2j.diytomcat.catalina.Connector$1.run(Connector.java:87)
	at java.util.concurrent.ThreadPoolExecutor.runWorker(ThreadPoolExecutor.java:1149)
	at java.util.concurrent.ThreadPoolExecutor$Worker.run(ThreadPoolExecutor.java:624)
	at java.lang.Thread.run(Thread.java:748)
07 10, 2021 17:08:24 下午 cn.how2j.diytomcat.catalina.Context deploy
INFO : Deploying web application directory C:\Users\sword\eclipse-workspace-2021new\diytomcat\webapps\a
07 10, 2021 17:08:24 下午 cn.how2j.diytomcat.catalina.Context deploy
INFO : Deployment of web application directory C:\Users\sword\eclipse-workspace-2021new\diytomcat\webapps\a has finished in 103 ms
07 10, 2021 17:08:24 下午 cn.how2j.diytomcat.catalina.Context deploy
INFO : Deploying web application directory C:\Users\sword\eclipse-workspace-2021new\diytomcat\webapps\j2ee
07 10, 2021 17:08:24 下午 cn.how2j.diytomcat.catalina.Context deploy
INFO : Deployment of web application directory C:\Users\sword\eclipse-workspace-2021new\diytomcat\webapps\j2ee has finished in 7 ms
07 10, 2021 17:08:24 下午 cn.how2j.diytomcat.catalina.Context deploy
INFO : Deploying web application directory C:\Users\sword\eclipse-workspace-2021new\diytomcat\webapps\ROOT
07 10, 2021 17:08:24 下午 cn.how2j.diytomcat.catalina.Context deploy
INFO : Deployment of web application directory C:\Users\sword\eclipse-workspace-2021new\diytomcat\webapps\ROOT has finished in 2 ms
07 10, 2021 17:08:24 下午 cn.how2j.diytomcat.catalina.Context deploy
INFO : Deploying web application directory C:/Users/sword/eclipse-workspace-2021new/diytomcat/b
07 10, 2021 17:08:24 下午 cn.how2j.diytomcat.catalina.Context deploy
INFO : Deployment of web application directory C:/Users/sword/eclipse-workspace-2021new/diytomcat/b has finished in 1 ms
07 10, 2021 17:08:24 下午 cn.how2j.diytomcat.catalina.Context deploy
INFO : Deploying web application directory C:/Users/sword/eclipse-workspace-2021new/javaweb/web
07 10, 2021 17:08:24 下午 cn.how2j.diytomcat.catalina.Context deploy
INFO : Deployment of web application directory C:/Users/sword/eclipse-workspace-2021new/javaweb/web has finished in 17 ms
07 10, 2021 17:08:24 下午 cn.how2j.diytomcat.catalina.Server logJVM
INFO : Server version:		How2J DiyTomcat/1.0.1
07 10, 2021 17:08:24 下午 cn.how2j.diytomcat.catalina.Server logJVM
INFO : Server built:		2020-04-08 10:20:22
07 10, 2021 17:08:24 下午 cn.how2j.diytomcat.catalina.Server logJVM
INFO : Server number:		1.0.1
07 10, 2021 17:08:24 下午 cn.how2j.diytomcat.catalina.Server logJVM
INFO : OS Name	:		Windows 10
07 10, 2021 17:08:24 下午 cn.how2j.diytomcat.catalina.Server logJVM
INFO : OS Version:		10.0
07 10, 2021 17:08:25 下午 cn.how2j.diytomcat.catalina.Server logJVM
INFO : Architecture:		amd64
07 10, 2021 17:08:25 下午 cn.how2j.diytomcat.catalina.Server logJVM
INFO : Java Home:		C:\Program Files\Java\jdk1.8.0_191\jre
07 10, 2021 17:08:25 下午 cn.how2j.diytomcat.catalina.Server logJVM
INFO : JVM Version:		1.8.0_191-b12
07 10, 2021 17:08:25 下午 cn.how2j.diytomcat.catalina.Server logJVM
INFO : JVM Vendor:		Oracle Corporation
07 10, 2021 17:08:25 下午 cn.how2j.diytomcat.catalina.Connector init
INFO : Initializing ProtocolHandler [http-bio-18080]
07 10, 2021 17:08:25 下午 cn.how2j.diytomcat.catalina.Connector init
INFO : Initializing ProtocolHandler [http-bio-18081]
07 10, 2021 17:08:25 下午 cn.how2j.diytomcat.catalina.Connector init
INFO : Initializing ProtocolHandler [http-bio-18082]
07 10, 2021 17:08:25 下午 cn.how2j.diytomcat.catalina.Service init
INFO : Initialization processed in 6 ms
07 10, 2021 17:08:25 下午 cn.how2j.diytomcat.catalina.Connector start
INFO : Starting ProtocolHandler [http-bio-18080]
07 10, 2021 17:08:25 下午 cn.how2j.diytomcat.catalina.Connector start
INFO : Starting ProtocolHandler [http-bio-18081]
07 10, 2021 17:08:25 下午 cn.how2j.diytomcat.catalina.Connector start
INFO : Starting ProtocolHandler [http-bio-18082]
07 10, 2021 17:08:25 下午 cn.how2j.diytomcat.catalina.Server start
INFO : Server startup in 20 ms
