07 02, 2021 12:21:28 下午 cn.how2j.diytomcat.Bootstrap logJVM
INFO : Server version:		How2J DiyTomcat/1.0.1
07 02, 2021 12:21:28 下午 cn.how2j.diytomcat.Bootstrap logJVM
INFO : Server built:		2020-04-08 10:20:22
07 02, 2021 12:21:28 下午 cn.how2j.diytomcat.Bootstrap logJVM
INFO : Server number:		1.0.1
07 02, 2021 12:21:28 下午 cn.how2j.diytomcat.Bootstrap logJVM
INFO : OS Name	:		Windows 10
07 02, 2021 12:21:28 下午 cn.how2j.diytomcat.Bootstrap logJVM
INFO : OS Version:		10.0
07 02, 2021 12:21:28 下午 cn.how2j.diytomcat.Bootstrap logJVM
INFO : Architecture:		amd64
07 02, 2021 12:21:28 下午 cn.how2j.diytomcat.Bootstrap logJVM
INFO : Java Home:		C:\Program Files\Java\jdk-11.0.1
07 02, 2021 12:21:28 下午 cn.how2j.diytomcat.Bootstrap logJVM
INFO : JVM Version:		11.0.1+13-LTS
07 02, 2021 12:21:28 下午 cn.how2j.diytomcat.Bootstrap logJVM
INFO : JVM Vendor:		Oracle Corporation
07 02, 2021 14:43:09 下午 cn.how2j.diytomcat.Bootstrap logJVM
INFO : Server version:		How2J DiyTomcat/1.0.1
07 02, 2021 14:43:09 下午 cn.how2j.diytomcat.Bootstrap logJVM
INFO : Server built:		2020-04-08 10:20:22
07 02, 2021 14:43:09 下午 cn.how2j.diytomcat.Bootstrap logJVM
INFO : Server number:		1.0.1
07 02, 2021 14:43:09 下午 cn.how2j.diytomcat.Bootstrap logJVM
INFO : OS Name	:		Windows 10
07 02, 2021 14:43:09 下午 cn.how2j.diytomcat.Bootstrap logJVM
INFO : OS Version:		10.0
07 02, 2021 14:43:09 下午 cn.how2j.diytomcat.Bootstrap logJVM
INFO : Architecture:		amd64
07 02, 2021 14:43:09 下午 cn.how2j.diytomcat.Bootstrap logJVM
INFO : Java Home:		C:\Program Files\Java\jdk-11.0.1
07 02, 2021 14:43:09 下午 cn.how2j.diytomcat.Bootstrap logJVM
INFO : JVM Version:		11.0.1+13-LTS
07 02, 2021 14:43:09 下午 cn.how2j.diytomcat.Bootstrap logJVM
INFO : JVM Vendor:		Oracle Corporation
07 02, 2021 15:15:50 下午 cn.how2j.diytomcat.Bootstrap logJVM
INFO : Server version:		How2J DiyTomcat/1.0.1
07 02, 2021 15:15:50 下午 cn.how2j.diytomcat.Bootstrap logJVM
INFO : Server built:		2020-04-08 10:20:22
07 02, 2021 15:15:50 下午 cn.how2j.diytomcat.Bootstrap logJVM
INFO : Server number:		1.0.1
07 02, 2021 15:15:50 下午 cn.how2j.diytomcat.Bootstrap logJVM
INFO : OS Name	:		Windows 10
07 02, 2021 15:15:50 下午 cn.how2j.diytomcat.Bootstrap logJVM
INFO : OS Version:		10.0
07 02, 2021 15:15:50 下午 cn.how2j.diytomcat.Bootstrap logJVM
INFO : Architecture:		amd64
07 02, 2021 15:15:50 下午 cn.how2j.diytomcat.Bootstrap logJVM
INFO : Java Home:		C:\Program Files\Java\jdk-11.0.1
07 02, 2021 15:15:50 下午 cn.how2j.diytomcat.Bootstrap logJVM
INFO : JVM Version:		11.0.1+13-LTS
07 02, 2021 15:15:50 下午 cn.how2j.diytomcat.Bootstrap logJVM
INFO : JVM Vendor:		Oracle Corporation
07 02, 2021 15:15:50 下午 cn.how2j.diytomcat.Bootstrap error
ERROR: Address already in use: NET_Bind
java.net.BindException: Address already in use: NET_Bind
	at java.base/java.net.PlainSocketImpl.bind0(Native Method)
	at java.base/java.net.PlainSocketImpl.socketBind(PlainSocketImpl.java:132)
	at java.base/java.net.AbstractPlainSocketImpl.bind(AbstractPlainSocketImpl.java:436)
	at java.base/java.net.ServerSocket.bind(ServerSocket.java:381)
	at java.base/java.net.ServerSocket.<init>(ServerSocket.java:243)
	at java.base/java.net.ServerSocket.<init>(ServerSocket.java:135)
	at cn.how2j.diytomcat.Bootstrap.main(Bootstrap.java:34)
07 02, 2021 15:16:00 下午 cn.how2j.diytomcat.Bootstrap logJVM
INFO : Server version:		How2J DiyTomcat/1.0.1
07 02, 2021 15:16:00 下午 cn.how2j.diytomcat.Bootstrap logJVM
INFO : Server built:		2020-04-08 10:20:22
07 02, 2021 15:16:00 下午 cn.how2j.diytomcat.Bootstrap logJVM
INFO : Server number:		1.0.1
07 02, 2021 15:16:00 下午 cn.how2j.diytomcat.Bootstrap logJVM
INFO : OS Name	:		Windows 10
07 02, 2021 15:16:00 下午 cn.how2j.diytomcat.Bootstrap logJVM
INFO : OS Version:		10.0
07 02, 2021 15:16:00 下午 cn.how2j.diytomcat.Bootstrap logJVM
INFO : Architecture:		amd64
07 02, 2021 15:16:00 下午 cn.how2j.diytomcat.Bootstrap logJVM
INFO : Java Home:		C:\Program Files\Java\jdk-11.0.1
07 02, 2021 15:16:00 下午 cn.how2j.diytomcat.Bootstrap logJVM
INFO : JVM Version:		11.0.1+13-LTS
07 02, 2021 15:16:00 下午 cn.how2j.diytomcat.Bootstrap logJVM
INFO : JVM Vendor:		Oracle Corporation
07 02, 2021 15:20:19 下午 cn.how2j.diytomcat.Bootstrap logJVM
INFO : Server version:		How2J DiyTomcat/1.0.1
07 02, 2021 15:20:19 下午 cn.how2j.diytomcat.Bootstrap logJVM
INFO : Server built:		2020-04-08 10:20:22
07 02, 2021 15:20:19 下午 cn.how2j.diytomcat.Bootstrap logJVM
INFO : Server number:		1.0.1
07 02, 2021 15:20:19 下午 cn.how2j.diytomcat.Bootstrap logJVM
INFO : OS Name	:		Windows 10
07 02, 2021 15:20:19 下午 cn.how2j.diytomcat.Bootstrap logJVM
INFO : OS Version:		10.0
07 02, 2021 15:20:19 下午 cn.how2j.diytomcat.Bootstrap logJVM
INFO : Architecture:		amd64
07 02, 2021 15:20:19 下午 cn.how2j.diytomcat.Bootstrap logJVM
INFO : Java Home:		C:\Program Files\Java\jdk-11.0.1
07 02, 2021 15:20:19 下午 cn.how2j.diytomcat.Bootstrap logJVM
INFO : JVM Version:		11.0.1+13-LTS
07 02, 2021 15:20:19 下午 cn.how2j.diytomcat.Bootstrap logJVM
INFO : JVM Vendor:		Oracle Corporation
07 02, 2021 15:20:27 下午 cn.how2j.diytomcat.Bootstrap logJVM
INFO : Server version:		How2J DiyTomcat/1.0.1
07 02, 2021 15:20:27 下午 cn.how2j.diytomcat.Bootstrap logJVM
INFO : Server built:		2020-04-08 10:20:22
07 02, 2021 15:20:27 下午 cn.how2j.diytomcat.Bootstrap logJVM
INFO : Server number:		1.0.1
07 02, 2021 15:20:27 下午 cn.how2j.diytomcat.Bootstrap logJVM
INFO : OS Name	:		Windows 10
07 02, 2021 15:20:27 下午 cn.how2j.diytomcat.Bootstrap logJVM
INFO : OS Version:		10.0
07 02, 2021 15:20:27 下午 cn.how2j.diytomcat.Bootstrap logJVM
INFO : Architecture:		amd64
07 02, 2021 15:20:27 下午 cn.how2j.diytomcat.Bootstrap logJVM
INFO : Java Home:		C:\Program Files\Java\jdk-11.0.1
07 02, 2021 15:20:27 下午 cn.how2j.diytomcat.Bootstrap logJVM
INFO : JVM Version:		11.0.1+13-LTS
07 02, 2021 15:20:27 下午 cn.how2j.diytomcat.Bootstrap logJVM
INFO : JVM Vendor:		Oracle Corporation
07 02, 2021 15:21:15 下午 cn.how2j.diytomcat.Bootstrap logJVM
INFO : Server version:		How2J DiyTomcat/1.0.1
07 02, 2021 15:21:15 下午 cn.how2j.diytomcat.Bootstrap logJVM
INFO : Server built:		2020-04-08 10:20:22
07 02, 2021 15:21:15 下午 cn.how2j.diytomcat.Bootstrap logJVM
INFO : Server number:		1.0.1
07 02, 2021 15:21:15 下午 cn.how2j.diytomcat.Bootstrap logJVM
INFO : OS Name	:		Windows 10
07 02, 2021 15:21:15 下午 cn.how2j.diytomcat.Bootstrap logJVM
INFO : OS Version:		10.0
07 02, 2021 15:21:15 下午 cn.how2j.diytomcat.Bootstrap logJVM
INFO : Architecture:		amd64
07 02, 2021 15:21:15 下午 cn.how2j.diytomcat.Bootstrap logJVM
INFO : Java Home:		C:\Program Files\Java\jdk-11.0.1
07 02, 2021 15:21:15 下午 cn.how2j.diytomcat.Bootstrap logJVM
INFO : JVM Version:		11.0.1+13-LTS
07 02, 2021 15:21:15 下午 cn.how2j.diytomcat.Bootstrap logJVM
INFO : JVM Vendor:		Oracle Corporation
07 02, 2021 15:21:22 下午 cn.how2j.diytomcat.Bootstrap logJVM
INFO : Server version:		How2J DiyTomcat/1.0.1
07 02, 2021 15:21:22 下午 cn.how2j.diytomcat.Bootstrap logJVM
INFO : Server built:		2020-04-08 10:20:22
07 02, 2021 15:21:22 下午 cn.how2j.diytomcat.Bootstrap logJVM
INFO : Server number:		1.0.1
07 02, 2021 15:21:22 下午 cn.how2j.diytomcat.Bootstrap logJVM
INFO : OS Name	:		Windows 10
07 02, 2021 15:21:22 下午 cn.how2j.diytomcat.Bootstrap logJVM
INFO : OS Version:		10.0
07 02, 2021 15:21:22 下午 cn.how2j.diytomcat.Bootstrap logJVM
INFO : Architecture:		amd64
07 02, 2021 15:21:22 下午 cn.how2j.diytomcat.Bootstrap logJVM
INFO : Java Home:		C:\Program Files\Java\jdk-11.0.1
07 02, 2021 15:21:22 下午 cn.how2j.diytomcat.Bootstrap logJVM
INFO : JVM Version:		11.0.1+13-LTS
07 02, 2021 15:21:22 下午 cn.how2j.diytomcat.Bootstrap logJVM
INFO : JVM Vendor:		Oracle Corporation
07 02, 2021 15:22:32 下午 cn.how2j.diytomcat.Bootstrap logJVM
INFO : Server version:		How2J DiyTomcat/1.0.1
07 02, 2021 15:22:32 下午 cn.how2j.diytomcat.Bootstrap logJVM
INFO : Server built:		2020-04-08 10:20:22
07 02, 2021 15:22:32 下午 cn.how2j.diytomcat.Bootstrap logJVM
INFO : Server number:		1.0.1
07 02, 2021 15:22:32 下午 cn.how2j.diytomcat.Bootstrap logJVM
INFO : OS Name	:		Windows 10
07 02, 2021 15:22:32 下午 cn.how2j.diytomcat.Bootstrap logJVM
INFO : OS Version:		10.0
07 02, 2021 15:22:32 下午 cn.how2j.diytomcat.Bootstrap logJVM
INFO : Architecture:		amd64
07 02, 2021 15:22:32 下午 cn.how2j.diytomcat.Bootstrap logJVM
INFO : Java Home:		C:\Program Files\Java\jdk-11.0.1
07 02, 2021 15:22:32 下午 cn.how2j.diytomcat.Bootstrap logJVM
INFO : JVM Version:		11.0.1+13-LTS
07 02, 2021 15:22:32 下午 cn.how2j.diytomcat.Bootstrap logJVM
INFO : JVM Vendor:		Oracle Corporation
07 02, 2021 16:08:30 下午 cn.how2j.diytomcat.Bootstrap logJVM
INFO : Server version:		How2J DiyTomcat/1.0.1
07 02, 2021 16:08:30 下午 cn.how2j.diytomcat.Bootstrap logJVM
INFO : Server built:		2020-04-08 10:20:22
07 02, 2021 16:08:30 下午 cn.how2j.diytomcat.Bootstrap logJVM
INFO : Server number:		1.0.1
07 02, 2021 16:08:30 下午 cn.how2j.diytomcat.Bootstrap logJVM
INFO : OS Name	:		Windows 10
07 02, 2021 16:08:30 下午 cn.how2j.diytomcat.Bootstrap logJVM
INFO : OS Version:		10.0
07 02, 2021 16:08:30 下午 cn.how2j.diytomcat.Bootstrap logJVM
INFO : Architecture:		amd64
07 02, 2021 16:08:30 下午 cn.how2j.diytomcat.Bootstrap logJVM
INFO : Java Home:		C:\Program Files\Java\jdk-11.0.1
07 02, 2021 16:08:30 下午 cn.how2j.diytomcat.Bootstrap logJVM
INFO : JVM Version:		11.0.1+13-LTS
07 02, 2021 16:08:30 下午 cn.how2j.diytomcat.Bootstrap logJVM
INFO : JVM Vendor:		Oracle Corporation
07 02, 2021 16:08:30 下午 cn.how2j.diytomcat.catalina.Context <init>
INFO : Deploying web application directory C:\Users\sword\eclipse-workspace-2021new\diytomcat\webapps\a
07 02, 2021 16:08:30 下午 cn.how2j.diytomcat.catalina.Context <init>
INFO : Deployment of web application directory C:\Users\sword\eclipse-workspace-2021new\diytomcat\webapps\a has finished in 1 ms
07 02, 2021 16:08:30 下午 cn.how2j.diytomcat.catalina.Context <init>
INFO : Deploying web application directory C:\Users\sword\eclipse-workspace-2021new\diytomcat\webapps\ROOT
07 02, 2021 16:08:30 下午 cn.how2j.diytomcat.catalina.Context <init>
INFO : Deployment of web application directory C:\Users\sword\eclipse-workspace-2021new\diytomcat\webapps\ROOT has finished in 0 ms
07 02, 2021 16:08:30 下午 cn.how2j.diytomcat.Bootstrap error
ERROR: Address already in use: NET_Bind
java.net.BindException: Address already in use: NET_Bind
	at java.base/java.net.PlainSocketImpl.bind0(Native Method)
	at java.base/java.net.PlainSocketImpl.socketBind(PlainSocketImpl.java:132)
	at java.base/java.net.AbstractPlainSocketImpl.bind(AbstractPlainSocketImpl.java:436)
	at java.base/java.net.ServerSocket.bind(ServerSocket.java:381)
	at java.base/java.net.ServerSocket.<init>(ServerSocket.java:243)
	at java.base/java.net.ServerSocket.<init>(ServerSocket.java:135)
	at cn.how2j.diytomcat.Bootstrap.main(Bootstrap.java:36)
07 02, 2021 16:08:35 下午 cn.how2j.diytomcat.Bootstrap logJVM
INFO : Server version:		How2J DiyTomcat/1.0.1
07 02, 2021 16:08:35 下午 cn.how2j.diytomcat.Bootstrap logJVM
INFO : Server built:		2020-04-08 10:20:22
07 02, 2021 16:08:35 下午 cn.how2j.diytomcat.Bootstrap logJVM
INFO : Server number:		1.0.1
07 02, 2021 16:08:35 下午 cn.how2j.diytomcat.Bootstrap logJVM
INFO : OS Name	:		Windows 10
07 02, 2021 16:08:35 下午 cn.how2j.diytomcat.Bootstrap logJVM
INFO : OS Version:		10.0
07 02, 2021 16:08:35 下午 cn.how2j.diytomcat.Bootstrap logJVM
INFO : Architecture:		amd64
07 02, 2021 16:08:35 下午 cn.how2j.diytomcat.Bootstrap logJVM
INFO : Java Home:		C:\Program Files\Java\jdk-11.0.1
07 02, 2021 16:08:35 下午 cn.how2j.diytomcat.Bootstrap logJVM
INFO : JVM Version:		11.0.1+13-LTS
07 02, 2021 16:08:35 下午 cn.how2j.diytomcat.Bootstrap logJVM
INFO : JVM Vendor:		Oracle Corporation
07 02, 2021 16:08:35 下午 cn.how2j.diytomcat.catalina.Context <init>
INFO : Deploying web application directory C:\Users\sword\eclipse-workspace-2021new\diytomcat\webapps\a
07 02, 2021 16:08:35 下午 cn.how2j.diytomcat.catalina.Context <init>
INFO : Deployment of web application directory C:\Users\sword\eclipse-workspace-2021new\diytomcat\webapps\a has finished in 1 ms
07 02, 2021 16:08:35 下午 cn.how2j.diytomcat.catalina.Context <init>
INFO : Deploying web application directory C:\Users\sword\eclipse-workspace-2021new\diytomcat\webapps\ROOT
07 02, 2021 16:08:35 下午 cn.how2j.diytomcat.catalina.Context <init>
INFO : Deployment of web application directory C:\Users\sword\eclipse-workspace-2021new\diytomcat\webapps\ROOT has finished in 1 ms
07 02, 2021 16:09:05 下午 cn.how2j.diytomcat.Bootstrap logJVM
INFO : Server version:		How2J DiyTomcat/1.0.1
07 02, 2021 16:09:05 下午 cn.how2j.diytomcat.Bootstrap logJVM
INFO : Server built:		2020-04-08 10:20:22
07 02, 2021 16:09:05 下午 cn.how2j.diytomcat.Bootstrap logJVM
INFO : Server number:		1.0.1
07 02, 2021 16:09:05 下午 cn.how2j.diytomcat.Bootstrap logJVM
INFO : OS Name	:		Windows 10
07 02, 2021 16:09:05 下午 cn.how2j.diytomcat.Bootstrap logJVM
INFO : OS Version:		10.0
07 02, 2021 16:09:05 下午 cn.how2j.diytomcat.Bootstrap logJVM
INFO : Architecture:		amd64
07 02, 2021 16:09:05 下午 cn.how2j.diytomcat.Bootstrap logJVM
INFO : Java Home:		C:\Program Files\Java\jdk-11.0.1
07 02, 2021 16:09:05 下午 cn.how2j.diytomcat.Bootstrap logJVM
INFO : JVM Version:		11.0.1+13-LTS
07 02, 2021 16:09:05 下午 cn.how2j.diytomcat.Bootstrap logJVM
INFO : JVM Vendor:		Oracle Corporation
07 02, 2021 16:09:05 下午 cn.how2j.diytomcat.catalina.Context <init>
INFO : Deploying web application directory C:\Users\sword\eclipse-workspace-2021new\diytomcat\webapps\a
07 02, 2021 16:09:05 下午 cn.how2j.diytomcat.catalina.Context <init>
INFO : Deployment of web application directory C:\Users\sword\eclipse-workspace-2021new\diytomcat\webapps\a has finished in 1 ms
07 02, 2021 16:09:05 下午 cn.how2j.diytomcat.catalina.Context <init>
INFO : Deploying web application directory C:\Users\sword\eclipse-workspace-2021new\diytomcat\webapps\ROOT
07 02, 2021 16:09:05 下午 cn.how2j.diytomcat.catalina.Context <init>
INFO : Deployment of web application directory C:\Users\sword\eclipse-workspace-2021new\diytomcat\webapps\ROOT has finished in 0 ms
07 02, 2021 16:12:08 下午 cn.how2j.diytomcat.Bootstrap logJVM
INFO : Server version:		How2J DiyTomcat/1.0.1
07 02, 2021 16:12:08 下午 cn.how2j.diytomcat.Bootstrap logJVM
INFO : Server built:		2020-04-08 10:20:22
07 02, 2021 16:12:08 下午 cn.how2j.diytomcat.Bootstrap logJVM
INFO : Server number:		1.0.1
07 02, 2021 16:12:08 下午 cn.how2j.diytomcat.Bootstrap logJVM
INFO : OS Name	:		Windows 10
07 02, 2021 16:12:08 下午 cn.how2j.diytomcat.Bootstrap logJVM
INFO : OS Version:		10.0
07 02, 2021 16:12:08 下午 cn.how2j.diytomcat.Bootstrap logJVM
INFO : Architecture:		amd64
07 02, 2021 16:12:08 下午 cn.how2j.diytomcat.Bootstrap logJVM
INFO : Java Home:		C:\Program Files\Java\jdk-11.0.1
07 02, 2021 16:12:08 下午 cn.how2j.diytomcat.Bootstrap logJVM
INFO : JVM Version:		11.0.1+13-LTS
07 02, 2021 16:12:08 下午 cn.how2j.diytomcat.Bootstrap logJVM
INFO : JVM Vendor:		Oracle Corporation
07 02, 2021 16:12:14 下午 cn.how2j.diytomcat.Bootstrap logJVM
INFO : Server version:		How2J DiyTomcat/1.0.1
07 02, 2021 16:12:14 下午 cn.how2j.diytomcat.Bootstrap logJVM
INFO : Server built:		2020-04-08 10:20:22
07 02, 2021 16:12:14 下午 cn.how2j.diytomcat.Bootstrap logJVM
INFO : Server number:		1.0.1
07 02, 2021 16:12:14 下午 cn.how2j.diytomcat.Bootstrap logJVM
INFO : OS Name	:		Windows 10
07 02, 2021 16:12:14 下午 cn.how2j.diytomcat.Bootstrap logJVM
INFO : OS Version:		10.0
07 02, 2021 16:12:14 下午 cn.how2j.diytomcat.Bootstrap logJVM
INFO : Architecture:		amd64
07 02, 2021 16:12:14 下午 cn.how2j.diytomcat.Bootstrap logJVM
INFO : Java Home:		C:\Program Files\Java\jdk-11.0.1
07 02, 2021 16:12:14 下午 cn.how2j.diytomcat.Bootstrap logJVM
INFO : JVM Version:		11.0.1+13-LTS
07 02, 2021 16:12:14 下午 cn.how2j.diytomcat.Bootstrap logJVM
INFO : JVM Vendor:		Oracle Corporation
07 02, 2021 16:12:55 下午 cn.how2j.diytomcat.Bootstrap logJVM
INFO : Server version:		How2J DiyTomcat/1.0.1
07 02, 2021 16:12:55 下午 cn.how2j.diytomcat.Bootstrap logJVM
INFO : Server built:		2020-04-08 10:20:22
07 02, 2021 16:12:55 下午 cn.how2j.diytomcat.Bootstrap logJVM
INFO : Server number:		1.0.1
07 02, 2021 16:12:55 下午 cn.how2j.diytomcat.Bootstrap logJVM
INFO : OS Name	:		Windows 10
07 02, 2021 16:12:55 下午 cn.how2j.diytomcat.Bootstrap logJVM
INFO : OS Version:		10.0
07 02, 2021 16:12:55 下午 cn.how2j.diytomcat.Bootstrap logJVM
INFO : Architecture:		amd64
07 02, 2021 16:12:55 下午 cn.how2j.diytomcat.Bootstrap logJVM
INFO : Java Home:		C:\Program Files\Java\jdk-11.0.1
07 02, 2021 16:12:55 下午 cn.how2j.diytomcat.Bootstrap logJVM
INFO : JVM Version:		11.0.1+13-LTS
07 02, 2021 16:12:55 下午 cn.how2j.diytomcat.Bootstrap logJVM
INFO : JVM Vendor:		Oracle Corporation
07 02, 2021 16:13:01 下午 cn.how2j.diytomcat.Bootstrap logJVM
INFO : Server version:		How2J DiyTomcat/1.0.1
07 02, 2021 16:13:01 下午 cn.how2j.diytomcat.Bootstrap logJVM
INFO : Server built:		2020-04-08 10:20:22
07 02, 2021 16:13:01 下午 cn.how2j.diytomcat.Bootstrap logJVM
INFO : Server number:		1.0.1
07 02, 2021 16:13:01 下午 cn.how2j.diytomcat.Bootstrap logJVM
INFO : OS Name	:		Windows 10
07 02, 2021 16:13:01 下午 cn.how2j.diytomcat.Bootstrap logJVM
INFO : OS Version:		10.0
07 02, 2021 16:13:01 下午 cn.how2j.diytomcat.Bootstrap logJVM
INFO : Architecture:		amd64
07 02, 2021 16:13:01 下午 cn.how2j.diytomcat.Bootstrap logJVM
INFO : Java Home:		C:\Program Files\Java\jdk-11.0.1
07 02, 2021 16:13:01 下午 cn.how2j.diytomcat.Bootstrap logJVM
INFO : JVM Version:		11.0.1+13-LTS
07 02, 2021 16:13:01 下午 cn.how2j.diytomcat.Bootstrap logJVM
INFO : JVM Vendor:		Oracle Corporation
07 02, 2021 16:17:42 下午 cn.how2j.diytomcat.Bootstrap logJVM
INFO : Server version:		How2J DiyTomcat/1.0.1
07 02, 2021 16:17:42 下午 cn.how2j.diytomcat.Bootstrap logJVM
INFO : Server built:		2020-04-08 10:20:22
07 02, 2021 16:17:42 下午 cn.how2j.diytomcat.Bootstrap logJVM
INFO : Server number:		1.0.1
07 02, 2021 16:17:42 下午 cn.how2j.diytomcat.Bootstrap logJVM
INFO : OS Name	:		Windows 10
07 02, 2021 16:17:42 下午 cn.how2j.diytomcat.Bootstrap logJVM
INFO : OS Version:		10.0
07 02, 2021 16:17:42 下午 cn.how2j.diytomcat.Bootstrap logJVM
INFO : Architecture:		amd64
07 02, 2021 16:17:42 下午 cn.how2j.diytomcat.Bootstrap logJVM
INFO : Java Home:		C:\Program Files\Java\jdk-11.0.1
07 02, 2021 16:17:42 下午 cn.how2j.diytomcat.Bootstrap logJVM
INFO : JVM Version:		11.0.1+13-LTS
07 02, 2021 16:17:42 下午 cn.how2j.diytomcat.Bootstrap logJVM
INFO : JVM Vendor:		Oracle Corporation
07 02, 2021 16:19:04 下午 cn.how2j.diytomcat.Bootstrap logJVM
INFO : Server version:		How2J DiyTomcat/1.0.1
07 02, 2021 16:19:04 下午 cn.how2j.diytomcat.Bootstrap logJVM
INFO : Server built:		2020-04-08 10:20:22
07 02, 2021 16:19:04 下午 cn.how2j.diytomcat.Bootstrap logJVM
INFO : Server number:		1.0.1
07 02, 2021 16:19:04 下午 cn.how2j.diytomcat.Bootstrap logJVM
INFO : OS Name	:		Windows 10
07 02, 2021 16:19:04 下午 cn.how2j.diytomcat.Bootstrap logJVM
INFO : OS Version:		10.0
07 02, 2021 16:19:04 下午 cn.how2j.diytomcat.Bootstrap logJVM
INFO : Architecture:		amd64
07 02, 2021 16:19:04 下午 cn.how2j.diytomcat.Bootstrap logJVM
INFO : Java Home:		C:\Program Files\Java\jdk-11.0.1
07 02, 2021 16:19:04 下午 cn.how2j.diytomcat.Bootstrap logJVM
INFO : JVM Version:		11.0.1+13-LTS
07 02, 2021 16:19:04 下午 cn.how2j.diytomcat.Bootstrap logJVM
INFO : JVM Vendor:		Oracle Corporation
07 02, 2021 16:19:04 下午 cn.how2j.diytomcat.catalina.Context <init>
INFO : Deploying web application directory C:\Users\sword\eclipse-workspace-2021new\diytomcat\webapps\a
07 02, 2021 16:19:04 下午 cn.how2j.diytomcat.catalina.Context <init>
INFO : Deployment of web application directory C:\Users\sword\eclipse-workspace-2021new\diytomcat\webapps\a has finished in 0 ms
07 02, 2021 16:19:04 下午 cn.how2j.diytomcat.catalina.Context <init>
INFO : Deploying web application directory C:\Users\sword\eclipse-workspace-2021new\diytomcat\webapps\ROOT
07 02, 2021 16:19:04 下午 cn.how2j.diytomcat.catalina.Context <init>
INFO : Deployment of web application directory C:\Users\sword\eclipse-workspace-2021new\diytomcat\webapps\ROOT has finished in 1 ms
